#
# A fatal error has been detected by the Java Runtime Environment:
#
#  EXCEPTION_ACCESS_VIOLATION (0xc0000005) at pc=0x00007ffc3f81e0a9, pid=2476, tid=1684
#
# JRE version: OpenJDK Runtime Environment Microsoft-8035246 (17.0.8+7) (build 17.0.8+7-LTS)
# Java VM: OpenJDK 64-Bit Server VM Microsoft-8035246 (17.0.8+7-LTS, mixed mode, sharing, tiered, compressed oops, compressed class ptrs, g1 gc, windows-amd64)
# Problematic frame:
# V  [jvm.dll+0x2be0a9]
#
# No core dump will be written. Minidumps are not enabled by default on client versions of Windows
#
# If you would like to submit a bug report, please visit:
#   https://github.com/microsoft/openjdk/issues
#

---------------  S U M M A R Y ------------

Command Line: -XX:MaxMetaspaceSize=512m --add-opens=java.base/java.util=ALL-UNNAMED --add-opens=java.base/java.lang=ALL-UNNAMED --add-opens=java.base/java.lang.invoke=ALL-UNNAMED --add-opens=java.prefs/java.util.prefs=ALL-UNNAMED --add-opens=java.base/java.nio.charset=ALL-UNNAMED --add-opens=java.base/java.net=ALL-UNNAMED --add-opens=java.base/java.util.concurrent.atomic=ALL-UNNAMED -Xmx2048m -Dfile.encoding=windows-1252 -Duser.country=US -Duser.language=en -Duser.variant -javaagent:C:\Users\Ibtasam\.gradle\wrapper\dists\gradle-8.3-all\6en3ugtfdg5xnpx44z4qbwgas\gradle-8.3\lib\agents\gradle-instrumentation-agent-8.3.jar org.gradle.launcher.daemon.bootstrap.GradleDaemon 8.3

Host: Intel(R) Core(TM) i5-4300U CPU @ 1.90GHz, 4 cores, 15G,  Windows 10 , 64 bit Build 19041 (10.0.19041.3636)
Time: Thu Feb 29 08:53:09 2024 Pakistan Standard Time elapsed time: 224.738496 seconds (0d 0h 3m 44s)

---------------  T H R E A D  ---------------

Current thread (0x000002aff754f7e0):  JavaThread "C2 CompilerThread0" daemon [_thread_in_native, id=1684, stack(0x000000f080a00000,0x000000f080b00000)]


Current CompileTask:
C2: 224738 16147       4       org.gradle.cache.internal.ExclusiveCacheAccessingWorker$1::call (10 bytes)

Stack: [0x000000f080a00000,0x000000f080b00000],  sp=0x000000f080afb980,  free space=1006k
Native frames: (J=compiled Java code, j=interpreted, Vv=VM code, C=native code)
V  [jvm.dll+0x2be0a9]
V  [jvm.dll+0x21ba8b]
V  [jvm.dll+0x21944b]
V  [jvm.dll+0x1a56b6]
V  [jvm.dll+0x2291ea]
V  [jvm.dll+0x22724c]
V  [jvm.dll+0x7efd0c]
V  [jvm.dll+0x7ea13a]
V  [jvm.dll+0x67ad85]
C  [ucrtbase.dll+0x21bb2]
C  [KERNEL32.DLL+0x17344]
C  [ntdll.dll+0x526b1]


siginfo: EXCEPTION_ACCESS_VIOLATION (0xc0000005), reading address 0x0000000000000028


Register to memory mapping:

RIP=0x00007ffc3f81e0a9 jvm.dll
RAX=0x000002af9db85f60 points into unknown readable memory: 0x0000000000000000 | 00 00 00 00 00 00 00 00
RBX=0x00000000000017d5 is an unknown value
RCX=0x0 is NULL
RDX=0x0 is NULL
RSP=0x000000f080afb980 is pointing into the stack for thread: 0x000002aff754f7e0
RBP=0x000000f080afb9f0 is pointing into the stack for thread: 0x000002aff754f7e0
RSI=0x0 is NULL
RDI=0x0000000000000048 is an unknown value
R8 =0x000000000000ffe0 is an unknown value
R9 =0x0 is NULL
R10=0x00007ffc59ac0000 VCRUNTIME140.dll
R11=0x000002af9db85f80 points into unknown readable memory: 0x0000000000000000 | 00 00 00 00 00 00 00 00
R12=0x0000000000000050 is an unknown value
R13=0x0 is NULL
R14=0x0 is NULL
R15=0x000000f080afeba0 is pointing into the stack for thread: 0x000002aff754f7e0


Registers:
RAX=0x000002af9db85f60, RBX=0x00000000000017d5, RCX=0x0000000000000000, RDX=0x0000000000000000
RSP=0x000000f080afb980, RBP=0x000000f080afb9f0, RSI=0x0000000000000000, RDI=0x0000000000000048
R8 =0x000000000000ffe0, R9 =0x0000000000000000, R10=0x00007ffc59ac0000, R11=0x000002af9db85f80
R12=0x0000000000000050, R13=0x0000000000000000, R14=0x0000000000000000, R15=0x000000f080afeba0
RIP=0x00007ffc3f81e0a9, EFLAGS=0x0000000000010202

Top of Stack: (sp=0x000000f080afb980)
0x000000f080afb980:   00000000000017d5 0000000000000000
0x000000f080afb990:   000000f080afeba0 00007ffc3f7838d1
0x000000f080afb9a0:   000002aff7549460 00007ffc00002000
0x000000f080afb9b0:   000002af9db85f60 0000000000000000
0x000000f080afb9c0:   0000000000000002 000002af9d3ea170
0x000000f080afb9d0:   0000000000000002 000002aff7549460
0x000000f080afb9e0:   0000000000000000 0000000000000000
0x000000f080afb9f0:   000002aff7534d80 000002afd9956610
0x000000f080afba00:   0000000000000048 00007ffc3fea4c08
0x000000f080afba10:   000000f080afbb20 00007ffc3f77ba8b
0x000000f080afba20:   000000f080afeba0 00007ffc3fea4c08
0x000000f080afba30:   000000f080afeba0 000000f080afbb20
0x000000f080afba40:   000000f000000000 000000f03800e7df
0x000000f080afba50:   000000f00000000f 000000f080afeba0
0x000000f080afba60:   000000f080afbbd0 00007ffc00000000
0x000000f080afba70:   000002af00000100 00007ffc3fea4c08 

Instructions: (pc=0x00007ffc3f81e0a9)
0x00007ffc3f81dfa9:   3b d0 75 0b ff c1 41 3b c9 7c dc 48 8b c2 c3 33
0x00007ffc3f81dfb9:   c0 c3 cc cc cc cc cc 48 89 5c 24 18 55 56 57 41
0x00007ffc3f81dfc9:   55 41 57 48 8b ec 48 83 ec 70 65 48 8b 04 25 58
0x00007ffc3f81dfd9:   00 00 00 48 8b f2 44 8b 05 d2 8b 90 00 4c 8b f9
0x00007ffc3f81dfe9:   4a 8b 1c c0 b8 50 00 00 00 80 3c 18 00 75 05 e8
0x00007ffc3f81dff9:   8b 6f 5d 00 b8 20 00 00 00 48 8b 04 18 48 8b 98
0x00007ffc3f81e009:   38 02 00 00 48 89 5d b0 c7 45 b8 04 00 00 00 48
0x00007ffc3f81e019:   8b 43 18 48 83 f8 df 76 18 4c 8d 05 37 a9 65 00
0x00007ffc3f81e029:   ba 20 00 00 00 48 8b cb e8 5a eb de ff 48 8b 43
0x00007ffc3f81e039:   18 48 8d 48 20 48 3b 4b 20 76 11 45 33 c0 48 8b
0x00007ffc3f81e049:   cb 41 8d 50 20 e8 fd e8 de ff eb 04 48 89 4b 18
0x00007ffc3f81e059:   44 8b 45 b8 33 d2 49 c1 e0 03 48 8b c8 48 89 45
0x00007ffc3f81e069:   c0 e8 e3 80 5d 00 45 33 ed 48 8d 4d d0 44 89 6d
0x00007ffc3f81e079:   c8 e8 01 59 56 00 41 8b 9f 40 02 00 00 41 2b 9f
0x00007ffc3f81e089:   68 02 00 00 44 89 6d f0 3b 5d b8 72 0b 8b d3 48
0x00007ffc3f81e099:   8d 4d b0 e8 6f b3 39 00 48 8b 45 c0 4c 89 2c d8
0x00007ffc3f81e0a9:   8b 7e 28 8b df c1 eb 05 3b 5d d0 72 0b 8b d3 48
0x00007ffc3f81e0b9:   8d 4d d0 e8 1f 59 56 00 48 8b 45 d8 83 e7 1f 48
0x00007ffc3f81e0c9:   8d 14 98 40 0f b6 cf 41 b8 01 00 00 00 41 d3 e0
0x00007ffc3f81e0d9:   8b 0a 8b c1 41 0b c0 89 02 41 85 c8 75 21 8b 5d
0x00007ffc3f81e0e9:   c8 8d 43 01 89 45 c8 3b 5d b8 72 0b 8b d3 48 8d
0x00007ffc3f81e0f9:   4d b0 e8 10 b3 39 00 48 8b 45 c0 48 89 34 d8 44
0x00007ffc3f81e109:   39 6d c8 0f 86 77 01 00 00 4c 89 a4 24 a0 00 00
0x00007ffc3f81e119:   00 4c 89 b4 24 a8 00 00 00 48 8b 45 c0 41 8b cd
0x00007ffc3f81e129:   48 8b 34 c8 8b 46 2c 25 ff 1f 00 00 3d 04 10 00
0x00007ffc3f81e139:   00 0f 85 a7 00 00 00 bb 01 00 00 00 39 5e 18 76
0x00007ffc3f81e149:   39 66 0f 1f 44 00 00 48 8b 46 08 8b cb 48 8b 14
0x00007ffc3f81e159:   c8 48 85 d2 74 1d 48 83 7a 10 00 74 16 80 7a 2c
0x00007ffc3f81e169:   84 74 10 e8 7f 7e ee ff 48 8b d0 49 8b cf e8 a4
0x00007ffc3f81e179:   61 f6 ff ff c3 3b 5e 18 72 cd 48 8b 5e 10 8b 46
0x00007ffc3f81e189:   20 4c 8d 34 c3 49 3b de 73 54 48 8b 3b 8b 47 2c
0x00007ffc3f81e199:   83 e0 03 3c 03 75 2e 48 8b 07 48 8b cf ff 90 88 


Stack slot to memory mapping:
stack at sp + 0 slots: 0x00000000000017d5 is an unknown value
stack at sp + 1 slots: 0x0 is NULL
stack at sp + 2 slots: 0x000000f080afeba0 is pointing into the stack for thread: 0x000002aff754f7e0
stack at sp + 3 slots: 0x00007ffc3f7838d1 jvm.dll
stack at sp + 4 slots: 0x000002aff7549460 points into unknown readable memory: 0x0000000000000006 | 06 00 00 00 00 00 00 00
stack at sp + 5 slots: 0x00007ffc00002000 is an unknown value
stack at sp + 6 slots: 0x000002af9db85f60 points into unknown readable memory: 0x0000000000000000 | 00 00 00 00 00 00 00 00
stack at sp + 7 slots: 0x0 is NULL


---------------  P R O C E S S  ---------------

Threads class SMR info:
_java_thread_list=0x000002afa3010f20, length=93, elements={
0x000002afd993f400, 0x000002aff7534fa0, 0x000002aff7535d30, 0x000002aff7549ce0,
0x000002aff754c980, 0x000002aff754e260, 0x000002aff754eb30, 0x000002aff754f7e0,
0x000002aff75501a0, 0x000002aff756e1c0, 0x000002aff751ecd0, 0x000002aff785d020,
0x000002affde1c9b0, 0x000002affcd9ffc0, 0x000002affd7d0890, 0x000002affececa30,
0x000002affc665e00, 0x000002aff7736040, 0x000002aff77346f0, 0x000002aff7735b30,
0x000002aff7734c00, 0x000002aff7735620, 0x000002aff7735110, 0x000002affe1a6ab0,
0x000002affe1a23d0, 0x000002affe1a0570, 0x000002affe1a5670, 0x000002affe1a4c50,
0x000002affe1a0a80, 0x000002affe1a5160, 0x000002affe1a6fc0, 0x000002affe1a65a0,
0x000002affe1a2df0, 0x000002affe1a3300, 0x000002affe1a0060, 0x000002affe1a74d0,
0x000002affe1a3810, 0x000002affe1a79e0, 0x000002affe1a3d20, 0x000002affe1a4230,
0x000002affe1a5b80, 0x000002affe1a0f90, 0x000002affe1a19b0, 0x000002affe1a1ec0,
0x000002affed6c860, 0x000002affed6af10, 0x000002affed6aa00, 0x000002affed6b420,
0x000002affed6d280, 0x000002affed69fe0, 0x000002afff161140, 0x000002afff161650,
0x000002afff15fd00, 0x000002afff15b620, 0x000002afff160c30, 0x000002afff15c040,
0x000002afff161b60, 0x000002afff162580, 0x000002afff15ca60, 0x000002afff15edd0,
0x000002afff160210, 0x000002afff15c550, 0x000002afff162070, 0x000002afff15b110,
0x000002afff162a90, 0x000002afff15cf70, 0x000002afff15dea0, 0x000002afff15e3b0,
0x000002afff15e8c0, 0x000002affed6d790, 0x000002afa2730670, 0x000002afa272ed20,
0x000002afa272f230, 0x000002afa272e300, 0x000002afa272b570, 0x000002afa272c9b0,
0x000002afa272cec0, 0x000002afa2731090, 0x000002afa272c4a0, 0x000002afa27315a0,
0x000002afa272d8e0, 0x000002afa27324d0, 0x000002afa2731ab0, 0x000002afa2731fc0,
0x000002afa2732ef0, 0x000002afa272f740, 0x000002afa2730160, 0x000002afa27329e0,
0x000002afa272ddf0, 0x000002afa272ba80, 0x000002af9b8d0c00, 0x000002af9b8cf7c0,
0x000002afff731af0
}

Java Threads: ( => current thread )
  0x000002afd993f400 JavaThread "main" [_thread_blocked, id=6100, stack(0x000000f0ffd00000,0x000000f0ffe00000)]
  0x000002aff7534fa0 JavaThread "Reference Handler" daemon [_thread_blocked, id=14000, stack(0x000000f080400000,0x000000f080500000)]
  0x000002aff7535d30 JavaThread "Finalizer" daemon [_thread_blocked, id=3056, stack(0x000000f080500000,0x000000f080600000)]
  0x000002aff7549ce0 JavaThread "Signal Dispatcher" daemon [_thread_blocked, id=12736, stack(0x000000f080600000,0x000000f080700000)]
  0x000002aff754c980 JavaThread "Attach Listener" daemon [_thread_blocked, id=2532, stack(0x000000f080700000,0x000000f080800000)]
  0x000002aff754e260 JavaThread "Service Thread" daemon [_thread_blocked, id=7616, stack(0x000000f080800000,0x000000f080900000)]
  0x000002aff754eb30 JavaThread "Monitor Deflation Thread" daemon [_thread_blocked, id=11400, stack(0x000000f080900000,0x000000f080a00000)]
=>0x000002aff754f7e0 JavaThread "C2 CompilerThread0" daemon [_thread_in_native, id=1684, stack(0x000000f080a00000,0x000000f080b00000)]
  0x000002aff75501a0 JavaThread "C1 CompilerThread0" daemon [_thread_blocked, id=13772, stack(0x000000f080b00000,0x000000f080c00000)]
  0x000002aff756e1c0 JavaThread "Sweeper thread" daemon [_thread_blocked, id=5980, stack(0x000000f080c00000,0x000000f080d00000)]
  0x000002aff751ecd0 JavaThread "Common-Cleaner" daemon [_thread_blocked, id=1044, stack(0x000000f080d00000,0x000000f080e00000)]
  0x000002aff785d020 JavaThread "Notification Thread" daemon [_thread_blocked, id=9864, stack(0x000000f080e00000,0x000000f080f00000)]
  0x000002affde1c9b0 JavaThread "Daemon health stats" [_thread_blocked, id=6012, stack(0x000000f081300000,0x000000f081400000)]
  0x000002affcd9ffc0 JavaThread "Incoming local TCP Connector on port 50519" [_thread_in_native, id=9036, stack(0x000000f081400000,0x000000f081500000)]
  0x000002affd7d0890 JavaThread "Daemon periodic checks" [_thread_blocked, id=2212, stack(0x000000f081500000,0x000000f081600000)]
  0x000002affececa30 JavaThread "Daemon" [_thread_blocked, id=13648, stack(0x000000f081600000,0x000000f081700000)]
  0x000002affc665e00 JavaThread "Handler for socket connection from /127.0.0.1:50519 to /127.0.0.1:50520" [_thread_in_native, id=7740, stack(0x000000f081700000,0x000000f081800000)]
  0x000002aff7736040 JavaThread "Cancel handler" [_thread_blocked, id=3408, stack(0x000000f081800000,0x000000f081900000)]
  0x000002aff77346f0 JavaThread "Daemon worker" [_thread_blocked, id=8632, stack(0x000000f081900000,0x000000f081a00000)]
  0x000002aff7735b30 JavaThread "Asynchronous log dispatcher for DefaultDaemonConnection: socket connection from /127.0.0.1:50519 to /127.0.0.1:50520" [_thread_blocked, id=5244, stack(0x000000f081a00000,0x000000f081b00000)]
  0x000002aff7734c00 JavaThread "Stdin handler" [_thread_blocked, id=7796, stack(0x000000f081b00000,0x000000f081c00000)]
  0x000002aff7735620 JavaThread "Daemon client event forwarder" [_thread_blocked, id=8456, stack(0x000000f081c00000,0x000000f081d00000)]
  0x000002aff7735110 JavaThread "Cache worker for journal cache (C:\Users\Ibtasam\.gradle\caches\journal-1)" [_thread_blocked, id=4656, stack(0x000000f081d00000,0x000000f081e00000)]
  0x000002affe1a6ab0 JavaThread "File lock request listener" [_thread_in_native, id=7632, stack(0x000000f081e00000,0x000000f081f00000)]
  0x000002affe1a23d0 JavaThread "File lock release action executor" [_thread_blocked, id=13592, stack(0x000000f081f00000,0x000000f082000000)]
  0x000002affe1a0570 JavaThread "Cache worker for file hash cache (C:\Users\Ibtasam\.gradle\caches\8.3\fileHashes)" [_thread_in_Java, id=6428, stack(0x000000f082000000,0x000000f082100000)]
  0x000002affe1a5670 JavaThread "File watcher server" daemon [_thread_in_native, id=2060, stack(0x000000f082100000,0x000000f082200000)]
  0x000002affe1a4c50 JavaThread "File watcher consumer" daemon [_thread_blocked, id=13436, stack(0x000000f082200000,0x000000f082300000)]
  0x000002affe1a0a80 JavaThread "Cache worker for checksums cache (D:\1. DATA\IbTaSaM Projects\ExpenseAndIncomeTracker\android\.gradle\8.3\checksums)" [_thread_blocked, id=2460, stack(0x000000f082300000,0x000000f082400000)]
  0x000002affe1a5160 JavaThread "Cache worker for file hash cache (D:\1. DATA\IbTaSaM Projects\ExpenseAndIncomeTracker\android\.gradle\8.3\fileHashes)" [_thread_blocked, id=4604, stack(0x000000f082400000,0x000000f082500000)]
  0x000002affe1a6fc0 JavaThread "Cache worker for cache directory md-supplier (C:\Users\Ibtasam\.gradle\caches\8.3\md-supplier)" [_thread_blocked, id=13980, stack(0x000000f082500000,0x000000f082600000)]
  0x000002affe1a65a0 JavaThread "Cache worker for file content cache (C:\Users\Ibtasam\.gradle\caches\8.3\fileContent)" [_thread_blocked, id=12988, stack(0x000000f082600000,0x000000f082700000)]
  0x000002affe1a2df0 JavaThread "Cache worker for cache directory md-rule (C:\Users\Ibtasam\.gradle\caches\8.3\md-rule)" [_thread_blocked, id=13412, stack(0x000000f082700000,0x000000f082800000)]
  0x000002affe1a3300 JavaThread "Cache worker for execution history cache (C:\Users\Ibtasam\.gradle\caches\8.3\executionHistory)" [_thread_blocked, id=9708, stack(0x000000f082800000,0x000000f082900000)]
  0x000002affe1a0060 JavaThread "jar transforms" [_thread_blocked, id=10424, stack(0x000000f082b00000,0x000000f082c00000)]
  0x000002affe1a74d0 JavaThread "jar transforms Thread 2" [_thread_blocked, id=1084, stack(0x000000f082c00000,0x000000f082d00000)]
  0x000002affe1a3810 JavaThread "jar transforms Thread 3" [_thread_blocked, id=10988, stack(0x000000f082900000,0x000000f082a00000)]
  0x000002affe1a79e0 JavaThread "jar transforms Thread 4" [_thread_blocked, id=364, stack(0x000000f082d00000,0x000000f082e00000)]
  0x000002affe1a3d20 JavaThread "Cache worker for kotlin-dsl (C:\Users\Ibtasam\.gradle\caches\8.3\kotlin-dsl)" [_thread_blocked, id=13892, stack(0x000000f083100000,0x000000f083200000)]
  0x000002affe1a4230 JavaThread "Unconstrained build operations" [_thread_blocked, id=5124, stack(0x000000f083000000,0x000000f083100000)]
  0x000002affe1a5b80 JavaThread "Unconstrained build operations Thread 2" [_thread_blocked, id=1984, stack(0x000000f083200000,0x000000f083300000)]
  0x000002affe1a0f90 JavaThread "Cache worker for dependencies-accessors (D:\1. DATA\IbTaSaM Projects\ExpenseAndIncomeTracker\android\.gradle\8.3\dependencies-accessors)" [_thread_blocked, id=12700, stack(0x000000f083400000,0x000000f083500000)]
  0x000002affe1a19b0 JavaThread "Cache worker for Build Output Cleanup Cache (D:\1. DATA\IbTaSaM Projects\ExpenseAndIncomeTracker\node_modules\@react-native\gradle-plugin\.gradle\buildOutputCleanup)" [_thread_blocked, id=1620, stack(0x000000f083500000,0x000000f083600000)]
  0x000002affe1a1ec0 JavaThread "Unconstrained build operations Thread 3" [_thread_blocked, id=11844, stack(0x000000f083300000,0x000000f083400000)]
  0x000002affed6c860 JavaThread "Unconstrained build operations Thread 4" [_thread_blocked, id=10612, stack(0x000000f083600000,0x000000f083700000)]
  0x000002affed6af10 JavaThread "Unconstrained build operations Thread 5" [_thread_blocked, id=8336, stack(0x000000f083700000,0x000000f083800000)]
  0x000002affed6aa00 JavaThread "Memory manager" [_thread_blocked, id=13384, stack(0x000000f083800000,0x000000f083900000)]
  0x000002affed6b420 JavaThread "Cache worker for Build Output Cleanup Cache (D:\1. DATA\IbTaSaM Projects\ExpenseAndIncomeTracker\android\.gradle\buildOutputCleanup)" [_thread_blocked, id=4676, stack(0x000000f083900000,0x000000f083a00000)]
  0x000002affed6d280 JavaThread "ForkJoinPool.commonPool-worker-1" daemon [_thread_blocked, id=1924, stack(0x000000f083a00000,0x000000f083b00000)]
  0x000002affed69fe0 JavaThread "ForkJoinPool.commonPool-worker-3" daemon [_thread_blocked, id=5064, stack(0x000000f083c00000,0x000000f083d00000)]
  0x000002afff161140 JavaThread "Execution worker" [_thread_blocked, id=4804, stack(0x000000f084100000,0x000000f084200000)]
  0x000002afff161650 JavaThread "Execution worker Thread 2" [_thread_blocked, id=2712, stack(0x000000f084200000,0x000000f084300000)]
  0x000002afff15fd00 JavaThread "Execution worker Thread 3" [_thread_blocked, id=10232, stack(0x000000f084300000,0x000000f084400000)]
  0x000002afff15b620 JavaThread "Cache worker for execution history cache (D:\1. DATA\IbTaSaM Projects\ExpenseAndIncomeTracker\node_modules\@react-native\gradle-plugin\.gradle\8.3\executionHistory)" [_thread_blocked, id=1080, stack(0x000000f084400000,0x000000f084500000)]
  0x000002afff160c30 JavaThread "Unconstrained build operations Thread 6" [_thread_blocked, id=8972, stack(0x000000f084500000,0x000000f084600000)]
  0x000002afff15c040 JavaThread "Unconstrained build operations Thread 7" [_thread_blocked, id=3272, stack(0x000000f084600000,0x000000f084700000)]
  0x000002afff161b60 JavaThread "Unconstrained build operations Thread 8" [_thread_blocked, id=13776, stack(0x000000f084700000,0x000000f084800000)]
  0x000002afff162580 JavaThread "Unconstrained build operations Thread 9" [_thread_blocked, id=1828, stack(0x000000f084900000,0x000000f084a00000)]
  0x000002afff15ca60 JavaThread "Unconstrained build operations Thread 10" [_thread_blocked, id=9076, stack(0x000000f084a00000,0x000000f084b00000)]
  0x000002afff15edd0 JavaThread "Unconstrained build operations Thread 11" [_thread_blocked, id=9756, stack(0x000000f084800000,0x000000f084900000)]
  0x000002afff160210 JavaThread "Unconstrained build operations Thread 12" [_thread_blocked, id=5452, stack(0x000000f084b00000,0x000000f084c00000)]
  0x000002afff15c550 JavaThread "Unconstrained build operations Thread 13" [_thread_blocked, id=5748, stack(0x000000f084c00000,0x000000f084d00000)]
  0x000002afff162070 JavaThread "Unconstrained build operations Thread 14" [_thread_blocked, id=6660, stack(0x000000f082e00000,0x000000f082f00000)]
  0x000002afff15b110 JavaThread "Unconstrained build operations Thread 15" [_thread_blocked, id=10912, stack(0x000000f083b00000,0x000000f083c00000)]
  0x000002afff162a90 JavaThread "Unconstrained build operations Thread 16" [_thread_blocked, id=13876, stack(0x000000f084d00000,0x000000f084e00000)]
  0x000002afff15cf70 JavaThread "Unconstrained build operations Thread 17" [_thread_blocked, id=7716, stack(0x000000f084f00000,0x000000f085000000)]
  0x000002afff15dea0 JavaThread "Unconstrained build operations Thread 18" [_thread_blocked, id=2160, stack(0x000000f083d00000,0x000000f083e00000)]
  0x000002afff15e3b0 JavaThread "Unconstrained build operations Thread 19" [_thread_blocked, id=12156, stack(0x000000f083e00000,0x000000f083f00000)]
  0x000002afff15e8c0 JavaThread "Unconstrained build operations Thread 20" [_thread_blocked, id=9996, stack(0x000000f083f00000,0x000000f084000000)]
  0x000002affed6d790 JavaThread "ForkJoinPool.commonPool-worker-4" daemon [_thread_blocked, id=4924, stack(0x000000f084000000,0x000000f084100000)]
  0x000002afa2730670 JavaThread "included builds Thread 2" [_thread_blocked, id=11000, stack(0x000000f085100000,0x000000f085200000)]
  0x000002afa272ed20 JavaThread "Unconstrained build operations Thread 21" [_thread_blocked, id=3304, stack(0x000000f085000000,0x000000f085100000)]
  0x000002afa272f230 JavaThread "Unconstrained build operations Thread 22" [_thread_blocked, id=10728, stack(0x000000f085200000,0x000000f085300000)]
  0x000002afa272e300 JavaThread "Unconstrained build operations Thread 23" [_thread_blocked, id=2396, stack(0x000000f085300000,0x000000f085400000)]
  0x000002afa272b570 JavaThread "Unconstrained build operations Thread 24" [_thread_blocked, id=1748, stack(0x000000f085500000,0x000000f085600000)]
  0x000002afa272c9b0 JavaThread "Unconstrained build operations Thread 25" [_thread_blocked, id=11636, stack(0x000000f085600000,0x000000f085700000)]
  0x000002afa272cec0 JavaThread "Unconstrained build operations Thread 26" [_thread_blocked, id=9648, stack(0x000000f085700000,0x000000f085800000)]
  0x000002afa2731090 JavaThread "Unconstrained build operations Thread 27" [_thread_blocked, id=4216, stack(0x000000f085800000,0x000000f085900000)]
  0x000002afa272c4a0 JavaThread "Unconstrained build operations Thread 28" [_thread_in_native, id=5364, stack(0x000000f085900000,0x000000f085a00000)]
  0x000002afa27315a0 JavaThread "Unconstrained build operations Thread 29" [_thread_blocked, id=11580, stack(0x000000f085a00000,0x000000f085b00000)]
  0x000002afa272d8e0 JavaThread "Unconstrained build operations Thread 30" [_thread_blocked, id=11428, stack(0x000000f085b00000,0x000000f085c00000)]
  0x000002afa27324d0 JavaThread "Unconstrained build operations Thread 31" [_thread_blocked, id=13656, stack(0x000000f085c00000,0x000000f085d00000)]
  0x000002afa2731ab0 JavaThread "Unconstrained build operations Thread 32" [_thread_blocked, id=14072, stack(0x000000f085d00000,0x000000f085e00000)]
  0x000002afa2731fc0 JavaThread "Unconstrained build operations Thread 33" [_thread_blocked, id=6740, stack(0x000000f085e00000,0x000000f085f00000)]
  0x000002afa2732ef0 JavaThread "Unconstrained build operations Thread 34" [_thread_blocked, id=3332, stack(0x000000f085f00000,0x000000f086000000)]
  0x000002afa272f740 JavaThread "Unconstrained build operations Thread 35" [_thread_blocked, id=10832, stack(0x000000f086000000,0x000000f086100000)]
  0x000002afa2730160 JavaThread "Unconstrained build operations Thread 36" [_thread_blocked, id=13616, stack(0x000000f086100000,0x000000f086200000)]
  0x000002afa27329e0 JavaThread "Unconstrained build operations Thread 37" [_thread_blocked, id=8004, stack(0x000000f086200000,0x000000f086300000)]
  0x000002afa272ddf0 JavaThread "Unconstrained build operations Thread 38" [_thread_blocked, id=7428, stack(0x000000f086300000,0x000000f086400000)]
  0x000002afa272ba80 JavaThread "Unconstrained build operations Thread 39" [_thread_blocked, id=8496, stack(0x000000f086400000,0x000000f086500000)]
  0x000002af9b8d0c00 JavaThread "Unconstrained build operations Thread 40" [_thread_blocked, id=13860, stack(0x000000f086500000,0x000000f086600000)]
  0x000002af9b8cf7c0 JavaThread "Cache worker for execution history cache (D:\1. DATA\IbTaSaM Projects\ExpenseAndIncomeTracker\android\.gradle\8.3\executionHistory)" [_thread_blocked, id=3492, stack(0x000000f086600000,0x000000f086700000)]
  0x000002afff731af0 JavaThread "C2 CompilerThread1" daemon [_thread_in_native, id=12412, stack(0x000000f085400000,0x000000f085500000)]

Other Threads:
  0x000002aff752f010 VMThread "VM Thread" [stack: 0x000000f080300000,0x000000f080400000] [id=12832]
  0x000002aff7805f70 WatcherThread [stack: 0x000000f080f00000,0x000000f081000000] [id=7744]
  0x000002afd999e8b0 GCTaskThread "GC Thread#0" [stack: 0x000000f0ffe00000,0x000000f0fff00000] [id=13208]
  0x000002aff7a3af50 GCTaskThread "GC Thread#1" [stack: 0x000000f081000000,0x000000f081100000] [id=3404]
  0x000002aff7a3b210 GCTaskThread "GC Thread#2" [stack: 0x000000f081100000,0x000000f081200000] [id=12728]
  0x000002aff79206b0 GCTaskThread "GC Thread#3" [stack: 0x000000f081200000,0x000000f081300000] [id=5876]
  0x000002afd99af710 ConcurrentGCThread "G1 Main Marker" [stack: 0x000000f0fff00000,0x000000f100000000] [id=11876]
  0x000002afd99b0030 ConcurrentGCThread "G1 Conc#0" [stack: 0x000000f080000000,0x000000f080100000] [id=9440]
  0x000002afd99fe950 ConcurrentGCThread "G1 Refine#0" [stack: 0x000000f080100000,0x000000f080200000] [id=2472]
  0x000002affdd5aa90 ConcurrentGCThread "G1 Refine#1" [stack: 0x000000f082a00000,0x000000f082b00000] [id=736]
  0x000002aff73ec530 ConcurrentGCThread "G1 Service" [stack: 0x000000f080200000,0x000000f080300000] [id=8876]

Threads with active compile tasks:
C2 CompilerThread0   224893 16147       4       org.gradle.cache.internal.ExclusiveCacheAccessingWorker$1::call (10 bytes)
C2 CompilerThread1   224893 16148       4       org.gradle.cache.internal.AsyncCacheAccessDecoratedCache$$Lambda$512/0x000002af81484d40::create (12 bytes)

VM state: not at safepoint (normal execution)

VM Mutex/Monitor currently owned by a thread: None

Heap address: 0x0000000080000000, size: 2048 MB, Compressed Oops mode: 32-bit

CDS archive(s) mapped at: [0x000002af80000000-0x000002af80bd0000-0x000002af80bd0000), size 12386304, SharedBaseAddress: 0x000002af80000000, ArchiveRelocationMode: 1.
Compressed class space mapped at: 0x000002af81000000-0x000002af9b000000, reserved size: 436207616
Narrow klass base: 0x000002af80000000, Narrow klass shift: 0, Narrow klass range: 0x100000000

GC Precious Log:
 CPUs: 4 total, 4 available
 Memory: 16289M
 Large Page Support: Disabled
 NUMA Support: Disabled
 Compressed Oops: Enabled (32-bit)
 Heap Region Size: 1M
 Heap Min Capacity: 8M
 Heap Initial Capacity: 256M
 Heap Max Capacity: 2G
 Pre-touch: Disabled
 Parallel Workers: 4
 Concurrent Workers: 1
 Concurrent Refinement Workers: 4
 Periodic GC: Disabled

Heap:
 garbage-first heap   total 234496K, used 185135K [0x0000000080000000, 0x0000000100000000)
  region size 1024K, 9 young (9216K), 3 survivors (3072K)
 Metaspace       used 100415K, committed 101632K, reserved 557056K
  class space    used 13942K, committed 14528K, reserved 425984K

Heap Regions: E=young(eden), S=young(survivor), O=old, HS=humongous(starts), HC=humongous(continues), CS=collection set, F=free, OA=open archive, CA=closed archive, TAMS=top-at-mark-start (previous, next)
|   0|0x0000000080000000, 0x0000000080100000, 0x0000000080100000|100%| O|  |TAMS 0x0000000080100000, 0x0000000080000000| Untracked 
|   1|0x0000000080100000, 0x0000000080200000, 0x0000000080200000|100%| O|  |TAMS 0x0000000080200000, 0x0000000080100000| Untracked 
|   2|0x0000000080200000, 0x0000000080300000, 0x0000000080300000|100%|HS|  |TAMS 0x0000000080300000, 0x0000000080200000| Complete 
|   3|0x0000000080300000, 0x0000000080400000, 0x0000000080400000|100%|HC|  |TAMS 0x0000000080400000, 0x0000000080300000| Complete 
|   4|0x0000000080400000, 0x0000000080500000, 0x0000000080500000|100%|HC|  |TAMS 0x0000000080500000, 0x0000000080400000| Complete 
|   5|0x0000000080500000, 0x0000000080600000, 0x0000000080600000|100%|HC|  |TAMS 0x0000000080600000, 0x0000000080500000| Complete 
|   6|0x0000000080600000, 0x0000000080700000, 0x0000000080700000|100%| O|  |TAMS 0x0000000080700000, 0x0000000080600000| Untracked 
|   7|0x0000000080700000, 0x0000000080800000, 0x0000000080800000|100%| O|  |TAMS 0x0000000080800000, 0x0000000080700000| Untracked 
|   8|0x0000000080800000, 0x0000000080900000, 0x0000000080900000|100%| O|  |TAMS 0x0000000080900000, 0x0000000080800000| Untracked 
|   9|0x0000000080900000, 0x0000000080a00000, 0x0000000080a00000|100%| O|  |TAMS 0x0000000080a00000, 0x0000000080900000| Untracked 
|  10|0x0000000080a00000, 0x0000000080b00000, 0x0000000080b00000|100%| O|  |TAMS 0x0000000080b00000, 0x0000000080a00000| Untracked 
|  11|0x0000000080b00000, 0x0000000080c00000, 0x0000000080c00000|100%| O|  |TAMS 0x0000000080c00000, 0x0000000080b00000| Untracked 
|  12|0x0000000080c00000, 0x0000000080d00000, 0x0000000080d00000|100%| O|  |TAMS 0x0000000080d00000, 0x0000000080c00000| Untracked 
|  13|0x0000000080d00000, 0x0000000080e00000, 0x0000000080e00000|100%| O|  |TAMS 0x0000000080e00000, 0x0000000080d00000| Untracked 
|  14|0x0000000080e00000, 0x0000000080f00000, 0x0000000080f00000|100%| O|  |TAMS 0x0000000080f00000, 0x0000000080e00000| Untracked 
|  15|0x0000000080f00000, 0x0000000081000000, 0x0000000081000000|100%| O|  |TAMS 0x0000000081000000, 0x0000000080f00000| Untracked 
|  16|0x0000000081000000, 0x0000000081100000, 0x0000000081100000|100%| O|  |TAMS 0x0000000081100000, 0x0000000081000000| Untracked 
|  17|0x0000000081100000, 0x0000000081200000, 0x0000000081200000|100%| O|  |TAMS 0x0000000081200000, 0x0000000081100000| Untracked 
|  18|0x0000000081200000, 0x0000000081300000, 0x0000000081300000|100%| O|  |TAMS 0x0000000081300000, 0x0000000081200000| Untracked 
|  19|0x0000000081300000, 0x0000000081400000, 0x0000000081400000|100%| O|  |TAMS 0x0000000081400000, 0x0000000081300000| Untracked 
|  20|0x0000000081400000, 0x0000000081500000, 0x0000000081500000|100%| O|  |TAMS 0x0000000081500000, 0x0000000081400000| Untracked 
|  21|0x0000000081500000, 0x0000000081600000, 0x0000000081600000|100%| O|  |TAMS 0x0000000081600000, 0x0000000081500000| Untracked 
|  22|0x0000000081600000, 0x0000000081700000, 0x0000000081700000|100%| O|  |TAMS 0x0000000081700000, 0x0000000081600000| Untracked 
|  23|0x0000000081700000, 0x0000000081800000, 0x0000000081800000|100%| O|  |TAMS 0x0000000081800000, 0x0000000081700000| Untracked 
|  24|0x0000000081800000, 0x0000000081900000, 0x0000000081900000|100%| O|  |TAMS 0x0000000081900000, 0x0000000081800000| Untracked 
|  25|0x0000000081900000, 0x0000000081a00000, 0x0000000081a00000|100%| O|  |TAMS 0x0000000081a00000, 0x0000000081900000| Untracked 
|  26|0x0000000081a00000, 0x0000000081b00000, 0x0000000081b00000|100%| O|  |TAMS 0x0000000081b00000, 0x0000000081a00000| Untracked 
|  27|0x0000000081b00000, 0x0000000081c00000, 0x0000000081c00000|100%| O|  |TAMS 0x0000000081c00000, 0x0000000081b00000| Untracked 
|  28|0x0000000081c00000, 0x0000000081d00000, 0x0000000081d00000|100%| O|  |TAMS 0x0000000081d00000, 0x0000000081c00000| Untracked 
|  29|0x0000000081d00000, 0x0000000081e00000, 0x0000000081e00000|100%| O|  |TAMS 0x0000000081e00000, 0x0000000081d00000| Untracked 
|  30|0x0000000081e00000, 0x0000000081f00000, 0x0000000081f00000|100%| O|  |TAMS 0x0000000081f00000, 0x0000000081e00000| Untracked 
|  31|0x0000000081f00000, 0x0000000082000000, 0x0000000082000000|100%| O|  |TAMS 0x0000000082000000, 0x0000000081f00000| Untracked 
|  32|0x0000000082000000, 0x0000000082100000, 0x0000000082100000|100%| O|  |TAMS 0x0000000082100000, 0x0000000082000000| Untracked 
|  33|0x0000000082100000, 0x0000000082200000, 0x0000000082200000|100%|HS|  |TAMS 0x0000000082200000, 0x0000000082100000| Complete 
|  34|0x0000000082200000, 0x0000000082300000, 0x0000000082300000|100%|HC|  |TAMS 0x0000000082300000, 0x0000000082200000| Complete 
|  35|0x0000000082300000, 0x0000000082400000, 0x0000000082400000|100%|HS|  |TAMS 0x0000000082400000, 0x0000000082300000| Complete 
|  36|0x0000000082400000, 0x0000000082500000, 0x0000000082500000|100%|HC|  |TAMS 0x0000000082500000, 0x0000000082400000| Complete 
|  37|0x0000000082500000, 0x0000000082600000, 0x0000000082600000|100%| O|  |TAMS 0x0000000082600000, 0x0000000082500000| Untracked 
|  38|0x0000000082600000, 0x0000000082700000, 0x0000000082700000|100%| O|  |TAMS 0x0000000082700000, 0x0000000082600000| Untracked 
|  39|0x0000000082700000, 0x0000000082800000, 0x0000000082800000|100%|HS|  |TAMS 0x0000000082800000, 0x0000000082700000| Complete 
|  40|0x0000000082800000, 0x0000000082900000, 0x0000000082900000|100%|HC|  |TAMS 0x0000000082900000, 0x0000000082800000| Complete 
|  41|0x0000000082900000, 0x0000000082a00000, 0x0000000082a00000|100%|HC|  |TAMS 0x0000000082a00000, 0x0000000082900000| Complete 
|  42|0x0000000082a00000, 0x0000000082b00000, 0x0000000082b00000|100%|HC|  |TAMS 0x0000000082b00000, 0x0000000082a00000| Complete 
|  43|0x0000000082b00000, 0x0000000082c00000, 0x0000000082c00000|100%| O|  |TAMS 0x0000000082c00000, 0x0000000082b00000| Untracked 
|  44|0x0000000082c00000, 0x0000000082d00000, 0x0000000082d00000|100%| O|  |TAMS 0x0000000082d00000, 0x0000000082c00000| Untracked 
|  45|0x0000000082d00000, 0x0000000082e00000, 0x0000000082e00000|100%| O|  |TAMS 0x0000000082e00000, 0x0000000082d00000| Untracked 
|  46|0x0000000082e00000, 0x0000000082f00000, 0x0000000082f00000|100%| O|  |TAMS 0x0000000082f00000, 0x0000000082e00000| Untracked 
|  47|0x0000000082f00000, 0x0000000083000000, 0x0000000083000000|100%| O|  |TAMS 0x0000000083000000, 0x0000000082f00000| Untracked 
|  48|0x0000000083000000, 0x0000000083100000, 0x0000000083100000|100%|HS|  |TAMS 0x0000000083100000, 0x0000000083000000| Complete 
|  49|0x0000000083100000, 0x0000000083200000, 0x0000000083200000|100%|HC|  |TAMS 0x0000000083200000, 0x0000000083100000| Complete 
|  50|0x0000000083200000, 0x0000000083300000, 0x0000000083300000|100%|HC|  |TAMS 0x0000000083300000, 0x0000000083200000| Complete 
|  51|0x0000000083300000, 0x0000000083400000, 0x0000000083400000|100%|HC|  |TAMS 0x0000000083400000, 0x0000000083300000| Complete 
|  52|0x0000000083400000, 0x0000000083500000, 0x0000000083500000|100%| O|  |TAMS 0x0000000083500000, 0x0000000083400000| Untracked 
|  53|0x0000000083500000, 0x0000000083600000, 0x0000000083600000|100%| O|  |TAMS 0x0000000083600000, 0x0000000083500000| Untracked 
|  54|0x0000000083600000, 0x0000000083700000, 0x0000000083700000|100%| O|  |TAMS 0x0000000083700000, 0x0000000083600000| Untracked 
|  55|0x0000000083700000, 0x0000000083800000, 0x0000000083800000|100%| O|  |TAMS 0x0000000083800000, 0x0000000083700000| Untracked 
|  56|0x0000000083800000, 0x0000000083900000, 0x0000000083900000|100%| O|  |TAMS 0x0000000083900000, 0x0000000083800000| Untracked 
|  57|0x0000000083900000, 0x0000000083a00000, 0x0000000083a00000|100%| O|  |TAMS 0x0000000083a00000, 0x0000000083900000| Untracked 
|  58|0x0000000083a00000, 0x0000000083b00000, 0x0000000083b00000|100%| O|  |TAMS 0x0000000083b00000, 0x0000000083a00000| Untracked 
|  59|0x0000000083b00000, 0x0000000083c00000, 0x0000000083c00000|100%| O|  |TAMS 0x0000000083c00000, 0x0000000083b00000| Untracked 
|  60|0x0000000083c00000, 0x0000000083d00000, 0x0000000083d00000|100%| O|  |TAMS 0x0000000083d00000, 0x0000000083c00000| Untracked 
|  61|0x0000000083d00000, 0x0000000083e00000, 0x0000000083e00000|100%| O|  |TAMS 0x0000000083e00000, 0x0000000083d00000| Untracked 
|  62|0x0000000083e00000, 0x0000000083f00000, 0x0000000083f00000|100%| O|  |TAMS 0x0000000083f00000, 0x0000000083e00000| Untracked 
|  63|0x0000000083f00000, 0x0000000084000000, 0x0000000084000000|100%| O|  |TAMS 0x0000000084000000, 0x0000000083f00000| Untracked 
|  64|0x0000000084000000, 0x0000000084100000, 0x0000000084100000|100%| O|  |TAMS 0x0000000084000000, 0x0000000084000000| Untracked 
|  65|0x0000000084100000, 0x0000000084200000, 0x0000000084200000|100%| O|  |TAMS 0x0000000084100000, 0x0000000084100000| Untracked 
|  66|0x0000000084200000, 0x0000000084300000, 0x0000000084300000|100%|HS|  |TAMS 0x0000000084300000, 0x0000000084200000| Complete 
|  67|0x0000000084300000, 0x0000000084400000, 0x0000000084400000|100%|HS|  |TAMS 0x0000000084400000, 0x0000000084300000| Complete 
|  68|0x0000000084400000, 0x0000000084500000, 0x0000000084500000|100%|HS|  |TAMS 0x0000000084500000, 0x0000000084400000| Complete 
|  69|0x0000000084500000, 0x0000000084600000, 0x0000000084600000|100%| O|  |TAMS 0x0000000084600000, 0x0000000084500000| Untracked 
|  70|0x0000000084600000, 0x0000000084700000, 0x0000000084700000|100%| O|  |TAMS 0x0000000084700000, 0x0000000084600000| Untracked 
|  71|0x0000000084700000, 0x0000000084800000, 0x0000000084800000|100%| O|  |TAMS 0x0000000084800000, 0x0000000084700000| Untracked 
|  72|0x0000000084800000, 0x0000000084900000, 0x0000000084900000|100%|HS|  |TAMS 0x0000000084900000, 0x0000000084800000| Complete 
|  73|0x0000000084900000, 0x0000000084a00000, 0x0000000084a00000|100%| O|  |TAMS 0x0000000084a00000, 0x0000000084900000| Untracked 
|  74|0x0000000084a00000, 0x0000000084b00000, 0x0000000084b00000|100%| O|  |TAMS 0x0000000084b00000, 0x0000000084a00000| Untracked 
|  75|0x0000000084b00000, 0x0000000084c00000, 0x0000000084c00000|100%| O|  |TAMS 0x0000000084c00000, 0x0000000084b00000| Untracked 
|  76|0x0000000084c00000, 0x0000000084d00000, 0x0000000084d00000|100%| O|  |TAMS 0x0000000084d00000, 0x0000000084c00000| Untracked 
|  77|0x0000000084d00000, 0x0000000084e00000, 0x0000000084e00000|100%| O|  |TAMS 0x0000000084e00000, 0x0000000084d00000| Untracked 
|  78|0x0000000084e00000, 0x0000000084f00000, 0x0000000084f00000|100%| O|  |TAMS 0x0000000084f00000, 0x0000000084e00000| Untracked 
|  79|0x0000000084f00000, 0x0000000085000000, 0x0000000085000000|100%| O|  |TAMS 0x0000000085000000, 0x0000000084f00000| Untracked 
|  80|0x0000000085000000, 0x0000000085100000, 0x0000000085100000|100%| O|  |TAMS 0x0000000085100000, 0x0000000085000000| Untracked 
|  81|0x0000000085100000, 0x0000000085200000, 0x0000000085200000|100%| O|  |TAMS 0x0000000085200000, 0x0000000085100000| Untracked 
|  82|0x0000000085200000, 0x0000000085300000, 0x0000000085300000|100%| O|  |TAMS 0x0000000085300000, 0x0000000085200000| Untracked 
|  83|0x0000000085300000, 0x0000000085400000, 0x0000000085400000|100%| O|  |TAMS 0x0000000085400000, 0x0000000085300000| Untracked 
|  84|0x0000000085400000, 0x0000000085500000, 0x0000000085500000|100%| O|  |TAMS 0x0000000085500000, 0x0000000085400000| Untracked 
|  85|0x0000000085500000, 0x0000000085600000, 0x0000000085600000|100%| O|  |TAMS 0x0000000085600000, 0x0000000085500000| Untracked 
|  86|0x0000000085600000, 0x0000000085700000, 0x0000000085700000|100%| O|  |TAMS 0x0000000085700000, 0x0000000085600000| Untracked 
|  87|0x0000000085700000, 0x0000000085800000, 0x0000000085800000|100%| O|  |TAMS 0x0000000085800000, 0x0000000085700000| Untracked 
|  88|0x0000000085800000, 0x0000000085900000, 0x0000000085900000|100%| O|  |TAMS 0x0000000085900000, 0x0000000085800000| Untracked 
|  89|0x0000000085900000, 0x0000000085a00000, 0x0000000085a00000|100%| O|  |TAMS 0x0000000085a00000, 0x0000000085900000| Untracked 
|  90|0x0000000085a00000, 0x0000000085b00000, 0x0000000085b00000|100%| O|  |TAMS 0x0000000085b00000, 0x0000000085a00000| Untracked 
|  91|0x0000000085b00000, 0x0000000085c00000, 0x0000000085c00000|100%| O|  |TAMS 0x0000000085c00000, 0x0000000085b00000| Untracked 
|  92|0x0000000085c00000, 0x0000000085d00000, 0x0000000085d00000|100%| O|  |TAMS 0x0000000085d00000, 0x0000000085c00000| Untracked 
|  93|0x0000000085d00000, 0x0000000085e00000, 0x0000000085e00000|100%| O|  |TAMS 0x0000000085e00000, 0x0000000085d00000| Untracked 
|  94|0x0000000085e00000, 0x0000000085f00000, 0x0000000085f00000|100%| O|  |TAMS 0x0000000085f00000, 0x0000000085e00000| Untracked 
|  95|0x0000000085f00000, 0x0000000086000000, 0x0000000086000000|100%| O|  |TAMS 0x0000000086000000, 0x0000000085f00000| Untracked 
|  96|0x0000000086000000, 0x0000000086100000, 0x0000000086100000|100%| O|  |TAMS 0x0000000086100000, 0x0000000086000000| Untracked 
|  97|0x0000000086100000, 0x0000000086200000, 0x0000000086200000|100%| O|  |TAMS 0x0000000086200000, 0x0000000086100000| Untracked 
|  98|0x0000000086200000, 0x0000000086300000, 0x0000000086300000|100%| O|  |TAMS 0x0000000086300000, 0x0000000086200000| Untracked 
|  99|0x0000000086300000, 0x0000000086400000, 0x0000000086400000|100%| O|  |TAMS 0x0000000086400000, 0x0000000086300000| Untracked 
| 100|0x0000000086400000, 0x0000000086500000, 0x0000000086500000|100%| O|  |TAMS 0x0000000086500000, 0x0000000086400000| Untracked 
| 101|0x0000000086500000, 0x0000000086600000, 0x0000000086600000|100%| O|  |TAMS 0x0000000086600000, 0x0000000086500000| Untracked 
| 102|0x0000000086600000, 0x0000000086700000, 0x0000000086700000|100%| O|  |TAMS 0x0000000086700000, 0x0000000086600000| Untracked 
| 103|0x0000000086700000, 0x0000000086800000, 0x0000000086800000|100%|HS|  |TAMS 0x0000000086800000, 0x0000000086700000| Complete 
| 104|0x0000000086800000, 0x0000000086900000, 0x0000000086900000|100%|HS|  |TAMS 0x0000000086900000, 0x0000000086800000| Complete 
| 105|0x0000000086900000, 0x0000000086a00000, 0x0000000086a00000|100%|HS|  |TAMS 0x0000000086a00000, 0x0000000086900000| Complete 
| 106|0x0000000086a00000, 0x0000000086b00000, 0x0000000086b00000|100%|HS|  |TAMS 0x0000000086b00000, 0x0000000086a00000| Complete 
| 107|0x0000000086b00000, 0x0000000086c00000, 0x0000000086c00000|100%|HC|  |TAMS 0x0000000086c00000, 0x0000000086b00000| Complete 
| 108|0x0000000086c00000, 0x0000000086d00000, 0x0000000086d00000|100%| O|  |TAMS 0x0000000086d00000, 0x0000000086c00000| Untracked 
| 109|0x0000000086d00000, 0x0000000086e00000, 0x0000000086e00000|100%| O|  |TAMS 0x0000000086e00000, 0x0000000086d00000| Untracked 
| 110|0x0000000086e00000, 0x0000000086f00000, 0x0000000086f00000|100%| O|  |TAMS 0x0000000086f00000, 0x0000000086e00000| Untracked 
| 111|0x0000000086f00000, 0x0000000087000000, 0x0000000087000000|100%| O|  |TAMS 0x0000000087000000, 0x0000000086f00000| Untracked 
| 112|0x0000000087000000, 0x0000000087100000, 0x0000000087100000|100%| O|  |TAMS 0x0000000087100000, 0x0000000087000000| Untracked 
| 113|0x0000000087100000, 0x0000000087200000, 0x0000000087200000|100%| O|  |TAMS 0x0000000087200000, 0x0000000087100000| Untracked 
| 114|0x0000000087200000, 0x0000000087300000, 0x0000000087300000|100%| O|  |TAMS 0x0000000087300000, 0x0000000087200000| Untracked 
| 115|0x0000000087300000, 0x0000000087400000, 0x0000000087400000|100%| O|  |TAMS 0x0000000087400000, 0x0000000087300000| Untracked 
| 116|0x0000000087400000, 0x0000000087500000, 0x0000000087500000|100%| O|  |TAMS 0x0000000087500000, 0x0000000087400000| Untracked 
| 117|0x0000000087500000, 0x0000000087600000, 0x0000000087600000|100%| O|  |TAMS 0x0000000087600000, 0x0000000087500000| Untracked 
| 118|0x0000000087600000, 0x0000000087700000, 0x0000000087700000|100%| O|  |TAMS 0x0000000087700000, 0x0000000087600000| Untracked 
| 119|0x0000000087700000, 0x0000000087800000, 0x0000000087800000|100%| O|  |TAMS 0x0000000087700000, 0x0000000087700000| Untracked 
| 120|0x0000000087800000, 0x0000000087900000, 0x0000000087900000|100%| O|  |TAMS 0x0000000087800000, 0x0000000087800000| Untracked 
| 121|0x0000000087900000, 0x0000000087a00000, 0x0000000087a00000|100%| O|  |TAMS 0x0000000087900000, 0x0000000087900000| Untracked 
| 122|0x0000000087a00000, 0x0000000087b00000, 0x0000000087b00000|100%| O|  |TAMS 0x0000000087a00000, 0x0000000087a00000| Untracked 
| 123|0x0000000087b00000, 0x0000000087c00000, 0x0000000087c00000|100%| O|  |TAMS 0x0000000087b00000, 0x0000000087b00000| Untracked 
| 124|0x0000000087c00000, 0x0000000087d00000, 0x0000000087d00000|100%| O|  |TAMS 0x0000000087c00000, 0x0000000087c00000| Untracked 
| 125|0x0000000087d00000, 0x0000000087e00000, 0x0000000087e00000|100%| O|  |TAMS 0x0000000087d00000, 0x0000000087d00000| Untracked 
| 126|0x0000000087e00000, 0x0000000087f00000, 0x0000000087f00000|100%| O|  |TAMS 0x0000000087e00000, 0x0000000087e00000| Untracked 
| 127|0x0000000087f00000, 0x0000000088000000, 0x0000000088000000|100%| O|  |TAMS 0x0000000087f00000, 0x0000000087f00000| Untracked 
| 128|0x0000000088000000, 0x0000000088100000, 0x0000000088100000|100%| O|  |TAMS 0x0000000088000000, 0x0000000088000000| Untracked 
| 129|0x0000000088100000, 0x0000000088200000, 0x0000000088200000|100%| O|  |TAMS 0x0000000088100000, 0x0000000088100000| Untracked 
| 130|0x0000000088200000, 0x0000000088300000, 0x0000000088300000|100%| O|  |TAMS 0x0000000088200000, 0x0000000088200000| Untracked 
| 131|0x0000000088300000, 0x0000000088400000, 0x0000000088400000|100%| O|  |TAMS 0x0000000088300000, 0x0000000088300000| Untracked 
| 132|0x0000000088400000, 0x0000000088500000, 0x0000000088500000|100%| O|  |TAMS 0x0000000088400000, 0x0000000088400000| Untracked 
| 133|0x0000000088500000, 0x0000000088600000, 0x0000000088600000|100%| O|  |TAMS 0x0000000088500000, 0x0000000088500000| Untracked 
| 134|0x0000000088600000, 0x0000000088700000, 0x0000000088700000|100%| O|  |TAMS 0x0000000088600000, 0x0000000088600000| Untracked 
| 135|0x0000000088700000, 0x0000000088800000, 0x0000000088800000|100%| O|  |TAMS 0x0000000088700000, 0x0000000088700000| Untracked 
| 136|0x0000000088800000, 0x0000000088900000, 0x0000000088900000|100%| O|  |TAMS 0x0000000088800000, 0x0000000088800000| Untracked 
| 137|0x0000000088900000, 0x0000000088a00000, 0x0000000088a00000|100%| O|  |TAMS 0x0000000088900000, 0x0000000088900000| Untracked 
| 138|0x0000000088a00000, 0x0000000088b00000, 0x0000000088b00000|100%| O|  |TAMS 0x0000000088a00000, 0x0000000088a00000| Untracked 
| 139|0x0000000088b00000, 0x0000000088c00000, 0x0000000088c00000|100%| O|  |TAMS 0x0000000088b00000, 0x0000000088b00000| Untracked 
| 140|0x0000000088c00000, 0x0000000088d00000, 0x0000000088d00000|100%| O|  |TAMS 0x0000000088c00000, 0x0000000088c00000| Untracked 
| 141|0x0000000088d00000, 0x0000000088e00000, 0x0000000088e00000|100%| O|  |TAMS 0x0000000088d00000, 0x0000000088d00000| Untracked 
| 142|0x0000000088e00000, 0x0000000088f00000, 0x0000000088f00000|100%| O|  |TAMS 0x0000000088e00000, 0x0000000088e00000| Untracked 
| 143|0x0000000088f00000, 0x0000000089000000, 0x0000000089000000|100%| O|  |TAMS 0x0000000088f00000, 0x0000000088f00000| Untracked 
| 144|0x0000000089000000, 0x0000000089100000, 0x0000000089100000|100%| O|  |TAMS 0x0000000089000000, 0x0000000089000000| Untracked 
| 145|0x0000000089100000, 0x0000000089200000, 0x0000000089200000|100%| O|  |TAMS 0x0000000089100000, 0x0000000089100000| Untracked 
| 146|0x0000000089200000, 0x0000000089300000, 0x0000000089300000|100%| O|  |TAMS 0x0000000089200000, 0x0000000089200000| Untracked 
| 147|0x0000000089300000, 0x0000000089400000, 0x0000000089400000|100%| O|  |TAMS 0x0000000089300000, 0x0000000089300000| Untracked 
| 148|0x0000000089400000, 0x0000000089500000, 0x0000000089500000|100%| O|  |TAMS 0x0000000089400000, 0x0000000089400000| Untracked 
| 149|0x0000000089500000, 0x0000000089600000, 0x0000000089600000|100%| O|  |TAMS 0x0000000089500000, 0x0000000089500000| Untracked 
| 150|0x0000000089600000, 0x0000000089700000, 0x0000000089700000|100%| O|  |TAMS 0x0000000089600000, 0x0000000089600000| Untracked 
| 151|0x0000000089700000, 0x0000000089800000, 0x0000000089800000|100%| O|  |TAMS 0x0000000089700000, 0x0000000089700000| Untracked 
| 152|0x0000000089800000, 0x0000000089900000, 0x0000000089900000|100%| O|  |TAMS 0x0000000089800000, 0x0000000089800000| Untracked 
| 153|0x0000000089900000, 0x0000000089a00000, 0x0000000089a00000|100%| O|  |TAMS 0x0000000089900000, 0x0000000089900000| Untracked 
| 154|0x0000000089a00000, 0x0000000089b00000, 0x0000000089b00000|100%| O|  |TAMS 0x0000000089a00000, 0x0000000089a00000| Untracked 
| 155|0x0000000089b00000, 0x0000000089c00000, 0x0000000089c00000|100%| O|  |TAMS 0x0000000089b00000, 0x0000000089b00000| Untracked 
| 156|0x0000000089c00000, 0x0000000089d00000, 0x0000000089d00000|100%| O|  |TAMS 0x0000000089c00000, 0x0000000089c00000| Untracked 
| 157|0x0000000089d00000, 0x0000000089e00000, 0x0000000089e00000|100%| O|  |TAMS 0x0000000089d00000, 0x0000000089d00000| Untracked 
| 158|0x0000000089e00000, 0x0000000089f00000, 0x0000000089f00000|100%| O|  |TAMS 0x0000000089e00000, 0x0000000089e00000| Untracked 
| 159|0x0000000089f00000, 0x000000008a000000, 0x000000008a000000|100%| O|  |TAMS 0x0000000089f00000, 0x0000000089f00000| Untracked 
| 160|0x000000008a000000, 0x000000008a100000, 0x000000008a100000|100%| O|  |TAMS 0x000000008a000000, 0x000000008a000000| Untracked 
| 161|0x000000008a100000, 0x000000008a200000, 0x000000008a200000|100%| O|  |TAMS 0x000000008a100000, 0x000000008a100000| Untracked 
| 162|0x000000008a200000, 0x000000008a300000, 0x000000008a300000|100%| O|  |TAMS 0x000000008a200000, 0x000000008a200000| Untracked 
| 163|0x000000008a300000, 0x000000008a400000, 0x000000008a400000|100%| O|  |TAMS 0x000000008a300000, 0x000000008a300000| Untracked 
| 164|0x000000008a400000, 0x000000008a500000, 0x000000008a500000|100%| O|  |TAMS 0x000000008a400000, 0x000000008a400000| Untracked 
| 165|0x000000008a500000, 0x000000008a600000, 0x000000008a600000|100%| O|  |TAMS 0x000000008a500000, 0x000000008a500000| Untracked 
| 166|0x000000008a600000, 0x000000008a700000, 0x000000008a700000|100%| O|  |TAMS 0x000000008a600000, 0x000000008a600000| Untracked 
| 167|0x000000008a700000, 0x000000008a800000, 0x000000008a800000|100%| O|  |TAMS 0x000000008a700000, 0x000000008a700000| Untracked 
| 168|0x000000008a800000, 0x000000008a900000, 0x000000008a900000|100%| O|  |TAMS 0x000000008a800000, 0x000000008a800000| Untracked 
| 169|0x000000008a900000, 0x000000008aa00000, 0x000000008aa00000|100%| O|  |TAMS 0x000000008a900000, 0x000000008a900000| Untracked 
| 170|0x000000008aa00000, 0x000000008ab00000, 0x000000008ab00000|100%| O|  |TAMS 0x000000008aa00000, 0x000000008aa00000| Untracked 
| 171|0x000000008ab00000, 0x000000008ac00000, 0x000000008ac00000|100%| O|  |TAMS 0x000000008ab00000, 0x000000008ab00000| Untracked 
| 172|0x000000008ac00000, 0x000000008accc200, 0x000000008ad00000| 79%| O|  |TAMS 0x000000008ac00000, 0x000000008ac00000| Untracked 
| 173|0x000000008ad00000, 0x000000008ad00000, 0x000000008ae00000|  0%| F|  |TAMS 0x000000008ad00000, 0x000000008ad00000| Untracked 
| 174|0x000000008ae00000, 0x000000008ae00000, 0x000000008af00000|  0%| F|  |TAMS 0x000000008ae00000, 0x000000008ae00000| Untracked 
| 175|0x000000008af00000, 0x000000008af00000, 0x000000008b000000|  0%| F|  |TAMS 0x000000008af00000, 0x000000008af00000| Untracked 
| 176|0x000000008b000000, 0x000000008b000000, 0x000000008b100000|  0%| F|  |TAMS 0x000000008b000000, 0x000000008b000000| Untracked 
| 177|0x000000008b100000, 0x000000008b100000, 0x000000008b200000|  0%| F|  |TAMS 0x000000008b100000, 0x000000008b100000| Untracked 
| 178|0x000000008b200000, 0x000000008b200000, 0x000000008b300000|  0%| F|  |TAMS 0x000000008b200000, 0x000000008b200000| Untracked 
| 179|0x000000008b300000, 0x000000008b300000, 0x000000008b400000|  0%| F|  |TAMS 0x000000008b300000, 0x000000008b300000| Untracked 
| 180|0x000000008b400000, 0x000000008b400000, 0x000000008b500000|  0%| F|  |TAMS 0x000000008b400000, 0x000000008b400000| Untracked 
| 181|0x000000008b500000, 0x000000008b500000, 0x000000008b600000|  0%| F|  |TAMS 0x000000008b500000, 0x000000008b500000| Untracked 
| 182|0x000000008b600000, 0x000000008b600000, 0x000000008b700000|  0%| F|  |TAMS 0x000000008b600000, 0x000000008b600000| Untracked 
| 183|0x000000008b700000, 0x000000008b700000, 0x000000008b800000|  0%| F|  |TAMS 0x000000008b700000, 0x000000008b700000| Untracked 
| 184|0x000000008b800000, 0x000000008b800000, 0x000000008b900000|  0%| F|  |TAMS 0x000000008b800000, 0x000000008b800000| Untracked 
| 185|0x000000008b900000, 0x000000008b900000, 0x000000008ba00000|  0%| F|  |TAMS 0x000000008b900000, 0x000000008b900000| Untracked 
| 186|0x000000008ba00000, 0x000000008ba00000, 0x000000008bb00000|  0%| F|  |TAMS 0x000000008ba00000, 0x000000008ba00000| Untracked 
| 187|0x000000008bb00000, 0x000000008bb00000, 0x000000008bc00000|  0%| F|  |TAMS 0x000000008bb00000, 0x000000008bb00000| Untracked 
| 188|0x000000008bc00000, 0x000000008bc00000, 0x000000008bd00000|  0%| F|  |TAMS 0x000000008bc00000, 0x000000008bc00000| Untracked 
| 189|0x000000008bd00000, 0x000000008bd00000, 0x000000008be00000|  0%| F|  |TAMS 0x000000008bd00000, 0x000000008bd00000| Untracked 
| 190|0x000000008be00000, 0x000000008be00000, 0x000000008bf00000|  0%| F|  |TAMS 0x000000008be00000, 0x000000008be00000| Untracked 
| 191|0x000000008bf00000, 0x000000008bf00000, 0x000000008c000000|  0%| F|  |TAMS 0x000000008bf00000, 0x000000008bf00000| Untracked 
| 192|0x000000008c000000, 0x000000008c000000, 0x000000008c100000|  0%| F|  |TAMS 0x000000008c000000, 0x000000008c000000| Untracked 
| 193|0x000000008c100000, 0x000000008c100000, 0x000000008c200000|  0%| F|  |TAMS 0x000000008c100000, 0x000000008c100000| Untracked 
| 194|0x000000008c200000, 0x000000008c200000, 0x000000008c300000|  0%| F|  |TAMS 0x000000008c200000, 0x000000008c200000| Untracked 
| 195|0x000000008c300000, 0x000000008c300000, 0x000000008c400000|  0%| F|  |TAMS 0x000000008c300000, 0x000000008c300000| Untracked 
| 196|0x000000008c400000, 0x000000008c400000, 0x000000008c500000|  0%| F|  |TAMS 0x000000008c400000, 0x000000008c400000| Untracked 
| 197|0x000000008c500000, 0x000000008c500000, 0x000000008c600000|  0%| F|  |TAMS 0x000000008c500000, 0x000000008c500000| Untracked 
| 198|0x000000008c600000, 0x000000008c600000, 0x000000008c700000|  0%| F|  |TAMS 0x000000008c600000, 0x000000008c600000| Untracked 
| 199|0x000000008c700000, 0x000000008c700000, 0x000000008c800000|  0%| F|  |TAMS 0x000000008c700000, 0x000000008c700000| Untracked 
| 200|0x000000008c800000, 0x000000008c800000, 0x000000008c900000|  0%| F|  |TAMS 0x000000008c800000, 0x000000008c800000| Untracked 
| 201|0x000000008c900000, 0x000000008c9ffc60, 0x000000008ca00000| 99%| S|CS|TAMS 0x000000008c900000, 0x000000008c900000| Complete 
| 202|0x000000008ca00000, 0x000000008cb00000, 0x000000008cb00000|100%| S|CS|TAMS 0x000000008ca00000, 0x000000008ca00000| Complete 
| 203|0x000000008cb00000, 0x000000008cb00000, 0x000000008cc00000|  0%| F|  |TAMS 0x000000008cb00000, 0x000000008cb00000| Untracked 
| 204|0x000000008cc00000, 0x000000008cc00000, 0x000000008cd00000|  0%| F|  |TAMS 0x000000008cc00000, 0x000000008cc00000| Untracked 
| 205|0x000000008cd00000, 0x000000008cd00000, 0x000000008ce00000|  0%| F|  |TAMS 0x000000008cd00000, 0x000000008cd00000| Untracked 
| 206|0x000000008ce00000, 0x000000008cf00000, 0x000000008cf00000|100%| S|CS|TAMS 0x000000008ce00000, 0x000000008ce00000| Complete 
| 207|0x000000008cf00000, 0x000000008cf00000, 0x000000008d000000|  0%| F|  |TAMS 0x000000008cf00000, 0x000000008cf00000| Untracked 
| 208|0x000000008d000000, 0x000000008d000000, 0x000000008d100000|  0%| F|  |TAMS 0x000000008d000000, 0x000000008d000000| Untracked 
| 209|0x000000008d100000, 0x000000008d100000, 0x000000008d200000|  0%| F|  |TAMS 0x000000008d100000, 0x000000008d100000| Untracked 
| 210|0x000000008d200000, 0x000000008d200000, 0x000000008d300000|  0%| F|  |TAMS 0x000000008d200000, 0x000000008d200000| Untracked 
| 211|0x000000008d300000, 0x000000008d300000, 0x000000008d400000|  0%| F|  |TAMS 0x000000008d300000, 0x000000008d300000| Untracked 
| 212|0x000000008d400000, 0x000000008d400000, 0x000000008d500000|  0%| F|  |TAMS 0x000000008d400000, 0x000000008d400000| Untracked 
| 213|0x000000008d500000, 0x000000008d500000, 0x000000008d600000|  0%| F|  |TAMS 0x000000008d500000, 0x000000008d500000| Untracked 
| 214|0x000000008d600000, 0x000000008d600000, 0x000000008d700000|  0%| F|  |TAMS 0x000000008d600000, 0x000000008d600000| Untracked 
| 215|0x000000008d700000, 0x000000008d700000, 0x000000008d800000|  0%| F|  |TAMS 0x000000008d700000, 0x000000008d700000| Untracked 
| 216|0x000000008d800000, 0x000000008d800000, 0x000000008d900000|  0%| F|  |TAMS 0x000000008d800000, 0x000000008d800000| Untracked 
| 217|0x000000008d900000, 0x000000008d900000, 0x000000008da00000|  0%| F|  |TAMS 0x000000008d900000, 0x000000008d900000| Untracked 
| 218|0x000000008da00000, 0x000000008da00000, 0x000000008db00000|  0%| F|  |TAMS 0x000000008da00000, 0x000000008da00000| Untracked 
| 219|0x000000008db00000, 0x000000008db00000, 0x000000008dc00000|  0%| F|  |TAMS 0x000000008db00000, 0x000000008db00000| Untracked 
| 220|0x000000008dc00000, 0x000000008dc00000, 0x000000008dd00000|  0%| F|  |TAMS 0x000000008dc00000, 0x000000008dc00000| Untracked 
| 221|0x000000008dd00000, 0x000000008dd00000, 0x000000008de00000|  0%| F|  |TAMS 0x000000008dd00000, 0x000000008dd00000| Untracked 
| 222|0x000000008de00000, 0x000000008de56ca8, 0x000000008df00000| 33%| E|  |TAMS 0x000000008de00000, 0x000000008de00000| Complete 
| 223|0x000000008df00000, 0x000000008e000000, 0x000000008e000000|100%| E|CS|TAMS 0x000000008df00000, 0x000000008df00000| Complete 
| 224|0x000000008e000000, 0x000000008e100000, 0x000000008e100000|100%| E|CS|TAMS 0x000000008e000000, 0x000000008e000000| Complete 
| 225|0x000000008e100000, 0x000000008e200000, 0x000000008e200000|100%| E|CS|TAMS 0x000000008e100000, 0x000000008e100000| Complete 
| 226|0x000000008e200000, 0x000000008e300000, 0x000000008e300000|100%| E|CS|TAMS 0x000000008e200000, 0x000000008e200000| Complete 
| 254|0x000000008fe00000, 0x000000008ff00000, 0x000000008ff00000|100%| E|CS|TAMS 0x000000008fe00000, 0x000000008fe00000| Complete 
| 255|0x000000008ff00000, 0x0000000090000000, 0x0000000090000000|100%| E|CS|TAMS 0x000000008ff00000, 0x000000008ff00000| Complete 

Card table byte_map: [0x000002aff0840000,0x000002aff0c40000] _byte_map_base: 0x000002aff0440000

Marking Bits (Prev, Next): (CMBitMap*) 0x000002afd999ee20, (CMBitMap*) 0x000002afd999ede0
 Prev Bits: [0x000002aff3040000, 0x000002aff5040000)
 Next Bits: [0x000002aff1040000, 0x000002aff3040000)

Polling page: 0x000002afd7790000

Metaspace:

Usage:
  Non-class:     84.45 MB used.
      Class:     13.62 MB used.
       Both:     98.06 MB used.

Virtual space:
  Non-class space:      128.00 MB reserved,      85.06 MB ( 66%) committed,  2 nodes.
      Class space:      416.00 MB reserved,      14.19 MB (  3%) committed,  1 nodes.
             Both:      544.00 MB reserved,      99.25 MB ( 18%) committed. 

Chunk freelists:
   Non-Class:  10.67 MB
       Class:  1.80 MB
        Both:  12.48 MB

MaxMetaspaceSize: 512.00 MB
CompressedClassSpaceSize: 416.00 MB
Initial GC threshold: 21.00 MB
Current GC threshold: 147.12 MB
CDS: on
MetaspaceReclaimPolicy: balanced
 - commit_granule_bytes: 65536.
 - commit_granule_words: 8192.
 - virtual_space_node_default_size: 8388608.
 - enlarge_chunks_in_place: 1.
 - new_chunks_are_fully_committed: 0.
 - uncommit_free_chunks: 1.
 - use_allocation_guard: 0.
 - handle_deallocations: 1.


Internal statistics:

num_allocs_failed_limit: 6.
num_arena_births: 1444.
num_arena_deaths: 0.
num_vsnodes_births: 3.
num_vsnodes_deaths: 0.
num_space_committed: 1588.
num_space_uncommitted: 0.
num_chunks_returned_to_freelist: 6.
num_chunks_taken_from_freelist: 5952.
num_chunk_merges: 6.
num_chunk_splits: 3765.
num_chunks_enlarged: 2333.
num_inconsistent_stats: 0.

CodeHeap 'non-profiled nmethods': size=120000Kb used=10283Kb max_used=10283Kb free=109716Kb
 bounds [0x000002afe8f10000, 0x000002afe9920000, 0x000002aff0440000]
CodeHeap 'profiled nmethods': size=120000Kb used=27941Kb max_used=27941Kb free=92058Kb
 bounds [0x000002afe1440000, 0x000002afe2f90000, 0x000002afe8970000]
CodeHeap 'non-nmethods': size=5760Kb used=2397Kb max_used=2498Kb free=3363Kb
 bounds [0x000002afe8970000, 0x000002afe8bf0000, 0x000002afe8f10000]
 total_blobs=14949 nmethods=14017 adapters=844
 compilation: enabled
              stopped_count=0, restarted_count=0
 full_count=0

Compilation events (20 events):
Event: 224.365 Thread 0x000002aff754f7e0 nmethod 16139 0x000002afe9906d10 code [0x000002afe9906ea0, 0x000002afe9906fd8]
Event: 224.365 Thread 0x000002aff754f7e0 16135       4       org.gradle.cache.internal.DefaultFileLockManager$DefaultFileLock::assertOpenAndIntegral (41 bytes)
Event: 224.368 Thread 0x000002aff754f7e0 nmethod 16135 0x000002afe9907110 code [0x000002afe99072a0, 0x000002afe99073b8]
Event: 224.368 Thread 0x000002aff754f7e0 16140       4       java.util.concurrent.ArrayBlockingQueue::dequeue (75 bytes)
Event: 224.401 Thread 0x000002aff754f7e0 nmethod 16140 0x000002afe9907510 code [0x000002afe99076c0, 0x000002afe9907f68]
Event: 224.401 Thread 0x000002aff754f7e0 16141   !   4       java.util.concurrent.ArrayBlockingQueue::poll (83 bytes)
Event: 224.468 Thread 0x000002aff754f7e0 nmethod 16141 0x000002afe9908310 code [0x000002afe9908540, 0x000002afe9909710]
Event: 224.469 Thread 0x000002aff754f7e0 16142   !   4       sun.nio.fs.WindowsFileAttributes::toFileTime (47 bytes)
Event: 224.471 Thread 0x000002aff754f7e0 nmethod 16142 0x000002afe990a290 code [0x000002afe990a420, 0x000002afe990a588]
Event: 224.471 Thread 0x000002aff754f7e0 16143       4       sun.nio.fs.WindowsFileAttributes::lastModifiedTime (8 bytes)
Event: 224.474 Thread 0x000002aff754f7e0 nmethod 16143 0x000002afe990a710 code [0x000002afe990a8a0, 0x000002afe990aa28]
Event: 224.494 Thread 0x000002aff754f7e0 16144       4       sun.nio.fs.WindowsFileAttributes::fromFindData (127 bytes)
Event: 224.498 Thread 0x000002aff754f7e0 nmethod 16144 0x000002afe990ab90 code [0x000002afe990ad20, 0x000002afe990ae78]
Event: 224.498 Thread 0x000002aff754f7e0 16145   !   4       sun.nio.fs.WindowsPath::createFromNormalizedPath (65 bytes)
Event: 224.539 Thread 0x000002aff754f7e0 nmethod 16145 0x000002afe990af90 code [0x000002afe990b140, 0x000002afe990bba8]
Event: 224.539 Thread 0x000002aff754f7e0 16146   !   4       sun.nio.fs.WindowsDirectoryStream$WindowsDirectoryIterator::acceptEntry (71 bytes)
Event: 224.550 Thread 0x000002aff754f7e0 nmethod 16146 0x000002afe990be10 code [0x000002afe990bfc0, 0x000002afe990c4e8]
Event: 224.557 Thread 0x000002aff754f7e0 16147       4       org.gradle.cache.internal.ExclusiveCacheAccessingWorker$1::call (10 bytes)
Event: 224.684 Thread 0x000002afff731af0 nmethod 16121 0x000002afe990c710 code [0x000002afe990cd60, 0x000002afe99149b0]
Event: 224.685 Thread 0x000002afff731af0 16149  s    4       sun.nio.fs.WindowsDirectoryStream$WindowsDirectoryIterator::hasNext (35 bytes)

GC Heap History (20 events):
Event: 188.412 GC heap before
{Heap before GC invocations=57 (full 0):
 garbage-first heap   total 234496K, used 188709K [0x0000000080000000, 0x0000000100000000)
  region size 1024K, 47 young (48128K), 6 survivors (6144K)
 Metaspace       used 97756K, committed 98880K, reserved 557056K
  class space    used 13673K, committed 14208K, reserved 425984K
}
Event: 188.441 GC heap after
{Heap after GC invocations=58 (full 0):
 garbage-first heap   total 234496K, used 151381K [0x0000000080000000, 0x0000000100000000)
  region size 1024K, 6 young (6144K), 6 survivors (6144K)
 Metaspace       used 97756K, committed 98880K, reserved 557056K
  class space    used 13673K, committed 14208K, reserved 425984K
}
Event: 196.391 GC heap before
{Heap before GC invocations=58 (full 0):
 garbage-first heap   total 234496K, used 190293K [0x0000000080000000, 0x0000000100000000)
  region size 1024K, 44 young (45056K), 6 survivors (6144K)
 Metaspace       used 98557K, committed 99648K, reserved 557056K
  class space    used 13758K, committed 14272K, reserved 425984K
}
Event: 196.415 GC heap after
{Heap after GC invocations=59 (full 0):
 garbage-first heap   total 234496K, used 155979K [0x0000000080000000, 0x0000000100000000)
  region size 1024K, 5 young (5120K), 5 survivors (5120K)
 Metaspace       used 98557K, committed 99648K, reserved 557056K
  class space    used 13758K, committed 14272K, reserved 425984K
}
Event: 204.585 GC heap before
{Heap before GC invocations=59 (full 0):
 garbage-first heap   total 234496K, used 192843K [0x0000000080000000, 0x0000000100000000)
  region size 1024K, 41 young (41984K), 5 survivors (5120K)
 Metaspace       used 98731K, committed 99840K, reserved 557056K
  class space    used 13758K, committed 14272K, reserved 425984K
}
Event: 204.609 GC heap after
{Heap after GC invocations=60 (full 0):
 garbage-first heap   total 234496K, used 159383K [0x0000000080000000, 0x0000000100000000)
  region size 1024K, 4 young (4096K), 4 survivors (4096K)
 Metaspace       used 98731K, committed 99840K, reserved 557056K
  class space    used 13758K, committed 14272K, reserved 425984K
}
Event: 212.870 GC heap before
{Heap before GC invocations=60 (full 0):
 garbage-first heap   total 234496K, used 195223K [0x0000000080000000, 0x0000000100000000)
  region size 1024K, 39 young (39936K), 4 survivors (4096K)
 Metaspace       used 99126K, committed 100224K, reserved 557056K
  class space    used 13806K, committed 14336K, reserved 425984K
}
Event: 212.893 GC heap after
{Heap after GC invocations=61 (full 0):
 garbage-first heap   total 234496K, used 163988K [0x0000000080000000, 0x0000000100000000)
  region size 1024K, 5 young (5120K), 5 survivors (5120K)
 Metaspace       used 99126K, committed 100224K, reserved 557056K
  class space    used 13806K, committed 14336K, reserved 425984K
}
Event: 218.741 GC heap before
{Heap before GC invocations=61 (full 0):
 garbage-first heap   total 234496K, used 195732K [0x0000000080000000, 0x0000000100000000)
  region size 1024K, 37 young (37888K), 5 survivors (5120K)
 Metaspace       used 99800K, committed 100992K, reserved 557056K
  class space    used 13888K, committed 14464K, reserved 425984K
}
Event: 218.761 GC heap after
{Heap after GC invocations=62 (full 0):
 garbage-first heap   total 234496K, used 168138K [0x0000000080000000, 0x0000000100000000)
  region size 1024K, 5 young (5120K), 5 survivors (5120K)
 Metaspace       used 99800K, committed 100992K, reserved 557056K
  class space    used 13888K, committed 14464K, reserved 425984K
}
Event: 219.983 GC heap before
{Heap before GC invocations=62 (full 0):
 garbage-first heap   total 234496K, used 196810K [0x0000000080000000, 0x0000000100000000)
  region size 1024K, 34 young (34816K), 5 survivors (5120K)
 Metaspace       used 99999K, committed 101184K, reserved 557056K
  class space    used 13891K, committed 14464K, reserved 425984K
}
Event: 219.999 GC heap after
{Heap after GC invocations=63 (full 0):
 garbage-first heap   total 234496K, used 170342K [0x0000000080000000, 0x0000000100000000)
  region size 1024K, 3 young (3072K), 3 survivors (3072K)
 Metaspace       used 99999K, committed 101184K, reserved 557056K
  class space    used 13891K, committed 14464K, reserved 425984K
}
Event: 220.918 GC heap before
{Heap before GC invocations=63 (full 0):
 garbage-first heap   total 234496K, used 197990K [0x0000000080000000, 0x0000000100000000)
  region size 1024K, 31 young (31744K), 3 survivors (3072K)
 Metaspace       used 100153K, committed 101312K, reserved 557056K
  class space    used 13893K, committed 14464K, reserved 425984K
}
Event: 220.929 GC heap after
{Heap after GC invocations=64 (full 0):
 garbage-first heap   total 234496K, used 171863K [0x0000000080000000, 0x0000000100000000)
  region size 1024K, 2 young (2048K), 2 survivors (2048K)
 Metaspace       used 100153K, committed 101312K, reserved 557056K
  class space    used 13893K, committed 14464K, reserved 425984K
}
Event: 223.022 GC heap before
{Heap before GC invocations=64 (full 0):
 garbage-first heap   total 234496K, used 200535K [0x0000000080000000, 0x0000000100000000)
  region size 1024K, 31 young (31744K), 2 survivors (2048K)
 Metaspace       used 100413K, committed 101632K, reserved 557056K
  class space    used 13942K, committed 14528K, reserved 425984K
}
Event: 223.037 GC heap after
{Heap after GC invocations=65 (full 0):
 garbage-first heap   total 234496K, used 176861K [0x0000000080000000, 0x0000000100000000)
  region size 1024K, 4 young (4096K), 4 survivors (4096K)
 Metaspace       used 100413K, committed 101632K, reserved 557056K
  class space    used 13942K, committed 14528K, reserved 425984K
}
Event: 223.722 GC heap before
{Heap before GC invocations=65 (full 0):
 garbage-first heap   total 234496K, used 200413K [0x0000000080000000, 0x0000000100000000)
  region size 1024K, 27 young (27648K), 4 survivors (4096K)
 Metaspace       used 100415K, committed 101632K, reserved 557056K
  class space    used 13942K, committed 14528K, reserved 425984K
}
Event: 223.735 GC heap after
{Heap after GC invocations=66 (full 0):
 garbage-first heap   total 234496K, used 178787K [0x0000000080000000, 0x0000000100000000)
  region size 1024K, 3 young (3072K), 3 survivors (3072K)
 Metaspace       used 100415K, committed 101632K, reserved 557056K
  class space    used 13942K, committed 14528K, reserved 425984K
}
Event: 224.568 GC heap before
{Heap before GC invocations=66 (full 0):
 garbage-first heap   total 234496K, used 201315K [0x0000000080000000, 0x0000000100000000)
  region size 1024K, 25 young (25600K), 3 survivors (3072K)
 Metaspace       used 100415K, committed 101632K, reserved 557056K
  class space    used 13942K, committed 14528K, reserved 425984K
}
Event: 224.575 GC heap after
{Heap after GC invocations=67 (full 0):
 garbage-first heap   total 234496K, used 180015K [0x0000000080000000, 0x0000000100000000)
  region size 1024K, 3 young (3072K), 3 survivors (3072K)
 Metaspace       used 100415K, committed 101632K, reserved 557056K
  class space    used 13942K, committed 14528K, reserved 425984K
}

Dll operation events (14 events):
Event: 0.037 Loaded shared library C:\Program Files\Microsoft\jdk-17.0.8.7-hotspot\bin\java.dll
Event: 0.158 Loaded shared library C:\Program Files\Microsoft\jdk-17.0.8.7-hotspot\bin\jsvml.dll
Event: 0.495 Loaded shared library C:\Program Files\Microsoft\jdk-17.0.8.7-hotspot\bin\zip.dll
Event: 0.512 Loaded shared library C:\Program Files\Microsoft\jdk-17.0.8.7-hotspot\bin\instrument.dll
Event: 0.530 Loaded shared library C:\Program Files\Microsoft\jdk-17.0.8.7-hotspot\bin\net.dll
Event: 0.534 Loaded shared library C:\Program Files\Microsoft\jdk-17.0.8.7-hotspot\bin\nio.dll
Event: 0.555 Loaded shared library C:\Program Files\Microsoft\jdk-17.0.8.7-hotspot\bin\zip.dll
Event: 2.380 Loaded shared library C:\Program Files\Microsoft\jdk-17.0.8.7-hotspot\bin\jimage.dll
Event: 3.767 Loaded shared library C:\Program Files\Microsoft\jdk-17.0.8.7-hotspot\bin\verify.dll
Event: 4.853 Loaded shared library C:\Users\Ibtasam\.gradle\native\68d5fa5c4cc2d200863cafc0d521ce42e7d3e7ee720ec0a83991735586a16f82\windows-amd64\native-platform.dll
Event: 4.866 Loaded shared library C:\Users\Ibtasam\.gradle\native\e376f236ea51e6404a007f0833ffe2c6e607c4080706a723a18a27aeea778392\windows-amd64\native-platform-file-events.dll
Event: 14.508 Loaded shared library C:\Program Files\Microsoft\jdk-17.0.8.7-hotspot\bin\management.dll
Event: 14.514 Loaded shared library C:\Program Files\Microsoft\jdk-17.0.8.7-hotspot\bin\management_ext.dll
Event: 20.181 Loaded shared library C:\Program Files\Microsoft\jdk-17.0.8.7-hotspot\bin\sunmscapi.dll

Deoptimization events (20 events):
Event: 221.482 Thread 0x000002afff161140 Uncommon trap: trap_request=0xffffffde fr.pc=0x000002afe98b95d4 relative=0x00000000000000b4
Event: 221.482 Thread 0x000002afff161140 Uncommon trap: reason=class_check action=maybe_recompile pc=0x000002afe98b95d4 method=org.gradle.api.internal.artifacts.ivyservice.ResolvedFileCollectionVisitor.prepareForVisit(Lorg/gradle/api/internal/file/FileCollectionInternal$Source;)Lorg/gradle/api/i
Event: 221.482 Thread 0x000002afff161140 DEOPT PACKING pc=0x000002afe98b95d4 sp=0x000000f0841fbaa0
Event: 221.482 Thread 0x000002afff161140 DEOPT UNPACKING pc=0x000002afe89c69a3 sp=0x000000f0841fb958 mode 2
Event: 221.483 Thread 0x000002afff161140 Uncommon trap: trap_request=0xffffffde fr.pc=0x000002afe98b2710 relative=0x0000000000002670
Event: 221.483 Thread 0x000002afff161140 Uncommon trap: reason=class_check action=maybe_recompile pc=0x000002afe98b2710 method=org.gradle.api.internal.artifacts.ivyservice.ResolvedFileCollectionVisitor.prepareForVisit(Lorg/gradle/api/internal/file/FileCollectionInternal$Source;)Lorg/gradle/api/i
Event: 221.483 Thread 0x000002afff161140 DEOPT PACKING pc=0x000002afe98b2710 sp=0x000000f0841fbb30
Event: 221.483 Thread 0x000002afff161140 DEOPT UNPACKING pc=0x000002afe89c69a3 sp=0x000000f0841fb9f8 mode 2
Event: 221.487 Thread 0x000002afff161140 Uncommon trap: trap_request=0xffffffde fr.pc=0x000002afe98b2710 relative=0x0000000000002670
Event: 221.487 Thread 0x000002afff161140 Uncommon trap: reason=class_check action=maybe_recompile pc=0x000002afe98b2710 method=org.gradle.api.internal.artifacts.ivyservice.ResolvedFileCollectionVisitor.prepareForVisit(Lorg/gradle/api/internal/file/FileCollectionInternal$Source;)Lorg/gradle/api/i
Event: 221.487 Thread 0x000002afff161140 DEOPT PACKING pc=0x000002afe98b2710 sp=0x000000f0841fbb30
Event: 221.487 Thread 0x000002afff161140 DEOPT UNPACKING pc=0x000002afe89c69a3 sp=0x000000f0841fb9f8 mode 2
Event: 221.490 Thread 0x000002afff161140 Uncommon trap: trap_request=0xffffffde fr.pc=0x000002afe98b95d4 relative=0x00000000000000b4
Event: 221.490 Thread 0x000002afff161140 Uncommon trap: reason=class_check action=maybe_recompile pc=0x000002afe98b95d4 method=org.gradle.api.internal.artifacts.ivyservice.ResolvedFileCollectionVisitor.prepareForVisit(Lorg/gradle/api/internal/file/FileCollectionInternal$Source;)Lorg/gradle/api/i
Event: 221.490 Thread 0x000002afff161140 DEOPT PACKING pc=0x000002afe98b95d4 sp=0x000000f0841fbb20
Event: 221.490 Thread 0x000002afff161140 DEOPT UNPACKING pc=0x000002afe89c69a3 sp=0x000000f0841fb9e8 mode 2
Event: 221.491 Thread 0x000002afff161140 Uncommon trap: trap_request=0xffffffde fr.pc=0x000002afe98b99ac relative=0x000000000000008c
Event: 221.491 Thread 0x000002afff161140 Uncommon trap: reason=class_check action=maybe_recompile pc=0x000002afe98b99ac method=org.gradle.api.internal.artifacts.ivyservice.ResolvedFileCollectionVisitor.prepareForVisit(Lorg/gradle/api/internal/file/FileCollectionInternal$Source;)Lorg/gradle/api/i
Event: 221.491 Thread 0x000002afff161140 DEOPT PACKING pc=0x000002afe98b99ac sp=0x000000f0841fbab0
Event: 221.491 Thread 0x000002afff161140 DEOPT UNPACKING pc=0x000002afe89c69a3 sp=0x000000f0841fb9e0 mode 2

Classes unloaded (0 events):
No events

Classes redefined (0 events):
No events

Internal exceptions (20 events):
Event: 184.918 Thread 0x000002aff77346f0 Implicit null exception at 0x000002afe91695ba to 0x000002afe9169cd8
Event: 184.918 Thread 0x000002aff77346f0 Implicit null exception at 0x000002afe9658643 to 0x000002afe96586f7
Event: 187.974 Thread 0x000002aff77346f0 Implicit null exception at 0x000002afe90c319f to 0x000002afe90c3830
Event: 191.955 Thread 0x000002aff77346f0 Exception <a 'java/lang/IncompatibleClassChangeError'{0x000000008d7f8c60}: Found class java.lang.Object, but interface was expected> (0x000000008d7f8c60) 
thrown [s\src\hotspot\share\interpreter\linkResolver.cpp, line 826]
Event: 193.619 Thread 0x000002aff77346f0 Exception <a 'sun/nio/fs/WindowsException'{0x000000008cc17a30}> (0x000000008cc17a30) 
thrown [s\src\hotspot\share\prims\jni.cpp, line 516]
Event: 193.620 Thread 0x000002aff77346f0 Exception <a 'sun/nio/fs/WindowsException'{0x000000008cc19080}> (0x000000008cc19080) 
thrown [s\src\hotspot\share\prims\jni.cpp, line 516]
Event: 193.621 Thread 0x000002aff77346f0 Exception <a 'sun/nio/fs/WindowsException'{0x000000008cc1a720}> (0x000000008cc1a720) 
thrown [s\src\hotspot\share\prims\jni.cpp, line 516]
Event: 193.625 Thread 0x000002aff77346f0 Exception <a 'sun/nio/fs/WindowsException'{0x000000008cc1bdc0}> (0x000000008cc1bdc0) 
thrown [s\src\hotspot\share\prims\jni.cpp, line 516]
Event: 212.897 Thread 0x000002aff77346f0 Implicit null exception at 0x000002afe97d1bb8 to 0x000002afe97d2730
Event: 214.040 Thread 0x000002afa2730670 Exception <a 'java/lang/NoSuchMethodError'{0x000000008dedc1b8}: 'void java.lang.invoke.DirectMethodHandle$Holder.invokeStatic(java.lang.Object, java.lang.Object, java.lang.Object, java.lang.Object, int, java.lang.Object, java.lang.Object)'> (0x000000008dedc1b8) 
thrown [s\src\hotspot\share\interpreter\linkResolver.cpp, line 759]
Event: 215.224 Thread 0x000002afff15fd00 Exception <a 'java/lang/NoSuchMethodError'{0x000000008da57f98}: 'java.lang.Object java.lang.invoke.DirectMethodHandle$Holder.invokeSpecialIFC(java.lang.Object, java.lang.Object, java.lang.Object)'> (0x000000008da57f98) 
thrown [s\src\hotspot\share\interpreter\linkResolver.cpp, line 759]
Event: 217.514 Thread 0x000002afa272f230 Exception <a 'java/lang/NoSuchMethodError'{0x000000008d085f50}: 'void java.lang.invoke.DirectMethodHandle$Holder.invokeVirtual(java.lang.Object, java.lang.Object)'> (0x000000008d085f50) 
thrown [s\src\hotspot\share\interpreter\linkResolver.cpp, line 759]
Event: 219.170 Thread 0x000002afa2730670 Implicit null exception at 0x000002afe97cd2d4 to 0x000002afe97cd334
Event: 221.059 Thread 0x000002afff161140 Exception <a 'java/lang/ClassNotFoundException'{0x000000008fe93df0}: groovy/util/FileTreeBuilderBeanInfo> (0x000000008fe93df0) 
thrown [s\src\hotspot\share\classfile\systemDictionary.cpp, line 256]
Event: 221.061 Thread 0x000002afff161140 Exception <a 'java/lang/ClassNotFoundException'{0x000000008fef4930}: groovy/util/FileTreeBuilderCustomizer> (0x000000008fef4930) 
thrown [s\src\hotspot\share\classfile\systemDictionary.cpp, line 256]
Event: 221.071 Thread 0x000002afff161140 Exception <a 'java/lang/ClassNotFoundException'{0x000000008e22b4e0}: java/io/BufferedWriterBeanInfo> (0x000000008e22b4e0) 
thrown [s\src\hotspot\share\classfile\systemDictionary.cpp, line 256]
Event: 221.071 Thread 0x000002afff161140 Exception <a 'java/lang/ClassNotFoundException'{0x000000008e2308c8}: java/io/WriterBeanInfo> (0x000000008e2308c8) 
thrown [s\src\hotspot\share\classfile\systemDictionary.cpp, line 256]
Event: 221.072 Thread 0x000002afff161140 Exception <a 'java/lang/ClassNotFoundException'{0x000000008e235c78}: java/io/WriterCustomizer> (0x000000008e235c78) 
thrown [s\src\hotspot\share\classfile\systemDictionary.cpp, line 256]
Event: 221.074 Thread 0x000002afff161140 Exception <a 'java/lang/ClassNotFoundException'{0x000000008e243f30}: java/io/BufferedWriterCustomizer> (0x000000008e243f30) 
thrown [s\src\hotspot\share\classfile\systemDictionary.cpp, line 256]
Event: 221.252 Thread 0x000002afff161140 Exception <a 'java/lang/NoSuchMethodError'{0x000000008e2fac90}: static Lcom/android/build/api/variant/BuildConfigField;.<clinit>()V> (0x000000008e2fac90) 
thrown [s\src\hotspot\share\prims\jni.cpp, line 1107]

VM Operations (20 events):
Event: 218.062 Executing VM operation: Cleanup
Event: 218.062 Executing VM operation: Cleanup done
Event: 218.741 Executing VM operation: G1CollectForAllocation
Event: 218.766 Executing VM operation: G1CollectForAllocation done
Event: 219.770 Executing VM operation: Cleanup
Event: 219.787 Executing VM operation: Cleanup done
Event: 219.983 Executing VM operation: G1CollectForAllocation
Event: 219.999 Executing VM operation: G1CollectForAllocation done
Event: 220.918 Executing VM operation: G1CollectForAllocation
Event: 220.929 Executing VM operation: G1CollectForAllocation done
Event: 221.522 Executing VM operation: ICBufferFull
Event: 221.523 Executing VM operation: ICBufferFull done
Event: 222.538 Executing VM operation: Cleanup
Event: 222.555 Executing VM operation: Cleanup done
Event: 223.022 Executing VM operation: G1CollectForAllocation
Event: 223.037 Executing VM operation: G1CollectForAllocation done
Event: 223.721 Executing VM operation: G1CollectForAllocation
Event: 223.736 Executing VM operation: G1CollectForAllocation done
Event: 224.568 Executing VM operation: G1CollectForAllocation
Event: 224.576 Executing VM operation: G1CollectForAllocation done

Events (20 events):
Event: 219.736 Thread 0x000002af9b8d0c00 Thread added: 0x000002af9b8d0c00
Event: 220.934 Thread 0x000002af9b8cf7c0 Thread added: 0x000002af9b8cf7c0
Event: 221.070 loading class java/io/BufferedWriterBeanInfo
Event: 221.070 loading class java/io/BufferedWriterBeanInfo done
Event: 221.070 loading class java/io/BufferedWriterBeanInfo
Event: 221.071 loading class java/io/BufferedWriterBeanInfo done
Event: 221.071 loading class java/io/WriterBeanInfo
Event: 221.071 loading class java/io/WriterBeanInfo done
Event: 221.071 loading class java/io/WriterBeanInfo
Event: 221.071 loading class java/io/WriterBeanInfo done
Event: 221.071 loading class java/io/WriterCustomizer
Event: 221.071 loading class java/io/WriterCustomizer done
Event: 221.072 loading class java/io/WriterCustomizer
Event: 221.072 loading class java/io/WriterCustomizer done
Event: 221.072 loading class java/io/BufferedWriterCustomizer
Event: 221.072 loading class java/io/BufferedWriterCustomizer done
Event: 221.073 loading class java/io/BufferedWriterCustomizer
Event: 221.073 loading class java/io/BufferedWriterCustomizer done
Event: 222.823 Thread 0x000002afff731af0 Thread exited: 0x000002afff731af0
Event: 223.860 Thread 0x000002afff731af0 Thread added: 0x000002afff731af0


Dynamic libraries:
0x00007ff6f6e10000 - 0x00007ff6f6e1e000 	C:\Program Files\Microsoft\jdk-17.0.8.7-hotspot\bin\java.exe
0x00007ffccb6d0000 - 0x00007ffccb8c8000 	C:\Windows\SYSTEM32\ntdll.dll
0x00007ffccad30000 - 0x00007ffccaded000 	C:\Windows\System32\KERNEL32.DLL
0x00007ffcc9410000 - 0x00007ffcc9706000 	C:\Windows\System32\KERNELBASE.dll
0x00007ffcc9060000 - 0x00007ffcc9160000 	C:\Windows\System32\ucrtbase.dll
0x00007ffc54a30000 - 0x00007ffc54a47000 	C:\Program Files\Microsoft\jdk-17.0.8.7-hotspot\bin\jli.dll
0x00007ffcc9ba0000 - 0x00007ffcc9d3e000 	C:\Windows\System32\USER32.dll
0x00007ffcc9340000 - 0x00007ffcc9362000 	C:\Windows\System32\win32u.dll
0x00007ffcc9ad0000 - 0x00007ffcc9afb000 	C:\Windows\System32\GDI32.dll
0x00007ffcc91f0000 - 0x00007ffcc9307000 	C:\Windows\System32\gdi32full.dll
0x00007ffcc9370000 - 0x00007ffcc940d000 	C:\Windows\System32\msvcp_win.dll
0x00007ffc59ac0000 - 0x00007ffc59adb000 	C:\Program Files\Microsoft\jdk-17.0.8.7-hotspot\bin\VCRUNTIME140.dll
0x00007ffcb0960000 - 0x00007ffcb0bfa000 	C:\Windows\WinSxS\amd64_microsoft.windows.common-controls_6595b64144ccf1df_6.0.19041.3636_none_60b6a03d71f818d5\COMCTL32.dll
0x00007ffcc9b00000 - 0x00007ffcc9b9e000 	C:\Windows\System32\msvcrt.dll
0x00007ffcc9fb0000 - 0x00007ffcc9fe2000 	C:\Windows\System32\IMM32.DLL
0x00007ffcab930000 - 0x00007ffcab93c000 	C:\Program Files\Microsoft\jdk-17.0.8.7-hotspot\bin\vcruntime140_1.dll
0x00007ffc45610000 - 0x00007ffc4569d000 	C:\Program Files\Microsoft\jdk-17.0.8.7-hotspot\bin\msvcp140.dll
0x00007ffc3f560000 - 0x00007ffc401c5000 	C:\Program Files\Microsoft\jdk-17.0.8.7-hotspot\bin\server\jvm.dll
0x00007ffcc9770000 - 0x00007ffcc9823000 	C:\Windows\System32\ADVAPI32.dll
0x00007ffccb5f0000 - 0x00007ffccb68f000 	C:\Windows\System32\sechost.dll
0x00007ffcca860000 - 0x00007ffcca986000 	C:\Windows\System32\RPCRT4.dll
0x00007ffcc9310000 - 0x00007ffcc9337000 	C:\Windows\System32\bcrypt.dll
0x00007ffcc8bf0000 - 0x00007ffcc8c3b000 	C:\Windows\SYSTEM32\POWRPROF.dll
0x00007ffcab4f0000 - 0x00007ffcab4f9000 	C:\Windows\SYSTEM32\WSOCK32.dll
0x00007ffccacc0000 - 0x00007ffccad2b000 	C:\Windows\System32\WS2_32.dll
0x00007ffcb4220000 - 0x00007ffcb4247000 	C:\Windows\SYSTEM32\WINMM.dll
0x00007ffcbc450000 - 0x00007ffcbc45a000 	C:\Windows\SYSTEM32\VERSION.dll
0x00007ffcc8bd0000 - 0x00007ffcc8be2000 	C:\Windows\SYSTEM32\UMPDC.dll
0x00007ffcc6c40000 - 0x00007ffcc6c52000 	C:\Windows\SYSTEM32\kernel.appcore.dll
0x00007ffcab140000 - 0x00007ffcab14a000 	C:\Program Files\Microsoft\jdk-17.0.8.7-hotspot\bin\jimage.dll
0x00007ffcb8220000 - 0x00007ffcb8404000 	C:\Windows\SYSTEM32\DBGHELP.DLL
0x00007ffcb81e0000 - 0x00007ffcb8214000 	C:\Windows\SYSTEM32\dbgcore.DLL
0x00007ffcc9160000 - 0x00007ffcc91e2000 	C:\Windows\System32\bcryptPrimitives.dll
0x00007ffcaa2c0000 - 0x00007ffcaa2ce000 	C:\Program Files\Microsoft\jdk-17.0.8.7-hotspot\bin\instrument.dll
0x00007ffc53b80000 - 0x00007ffc53ba5000 	C:\Program Files\Microsoft\jdk-17.0.8.7-hotspot\bin\java.dll
0x00007ffc45530000 - 0x00007ffc45607000 	C:\Program Files\Microsoft\jdk-17.0.8.7-hotspot\bin\jsvml.dll
0x00007ffccadf0000 - 0x00007ffccb535000 	C:\Windows\System32\SHELL32.dll
0x00007ffcc6e40000 - 0x00007ffcc75dc000 	C:\Windows\SYSTEM32\windows.storage.dll
0x00007ffcca500000 - 0x00007ffcca854000 	C:\Windows\System32\combase.dll
0x00007ffcc86f0000 - 0x00007ffcc871e000 	C:\Windows\SYSTEM32\Wldp.dll
0x00007ffcc9830000 - 0x00007ffcc98fd000 	C:\Windows\System32\OLEAUT32.dll
0x00007ffcc9900000 - 0x00007ffcc99ad000 	C:\Windows\System32\SHCORE.dll
0x00007ffcc9710000 - 0x00007ffcc9765000 	C:\Windows\System32\shlwapi.dll
0x00007ffcc8cc0000 - 0x00007ffcc8ce5000 	C:\Windows\SYSTEM32\profapi.dll
0x00007ffc454d0000 - 0x00007ffc454e8000 	C:\Program Files\Microsoft\jdk-17.0.8.7-hotspot\bin\zip.dll
0x00007ffc45510000 - 0x00007ffc45529000 	C:\Program Files\Microsoft\jdk-17.0.8.7-hotspot\bin\net.dll
0x00007ffcbded0000 - 0x00007ffcbdfda000 	C:\Windows\SYSTEM32\WINHTTP.dll
0x00007ffcc8450000 - 0x00007ffcc84ba000 	C:\Windows\system32\mswsock.dll
0x00007ffc454f0000 - 0x00007ffc45506000 	C:\Program Files\Microsoft\jdk-17.0.8.7-hotspot\bin\nio.dll
0x00007ffcaae70000 - 0x00007ffcaae80000 	C:\Program Files\Microsoft\jdk-17.0.8.7-hotspot\bin\verify.dll
0x00007ffc454a0000 - 0x00007ffc454c7000 	C:\Users\Ibtasam\.gradle\native\68d5fa5c4cc2d200863cafc0d521ce42e7d3e7ee720ec0a83991735586a16f82\windows-amd64\native-platform.dll
0x00007ffc45350000 - 0x00007ffc45494000 	C:\Users\Ibtasam\.gradle\native\e376f236ea51e6404a007f0833ffe2c6e607c4080706a723a18a27aeea778392\windows-amd64\native-platform-file-events.dll
0x00007ffcaa8d0000 - 0x00007ffcaa8d9000 	C:\Program Files\Microsoft\jdk-17.0.8.7-hotspot\bin\management.dll
0x00007ffcaa510000 - 0x00007ffcaa51b000 	C:\Program Files\Microsoft\jdk-17.0.8.7-hotspot\bin\management_ext.dll
0x00007ffccaa70000 - 0x00007ffccaa78000 	C:\Windows\System32\PSAPI.DLL
0x00007ffcc8650000 - 0x00007ffcc8668000 	C:\Windows\SYSTEM32\CRYPTSP.dll
0x00007ffcc7d80000 - 0x00007ffcc7db4000 	C:\Windows\system32\rsaenh.dll
0x00007ffcc8c40000 - 0x00007ffcc8c6e000 	C:\Windows\SYSTEM32\USERENV.dll
0x00007ffcc8640000 - 0x00007ffcc864c000 	C:\Windows\SYSTEM32\CRYPTBASE.dll
0x00007ffcc8140000 - 0x00007ffcc817b000 	C:\Windows\SYSTEM32\IPHLPAPI.DLL
0x00007ffcc9d50000 - 0x00007ffcc9d58000 	C:\Windows\System32\NSI.dll
0x00007ffcbfcd0000 - 0x00007ffcbfce7000 	C:\Windows\SYSTEM32\dhcpcsvc6.DLL
0x00007ffcbf920000 - 0x00007ffcbf93d000 	C:\Windows\SYSTEM32\dhcpcsvc.DLL
0x00007ffcc8180000 - 0x00007ffcc824b000 	C:\Windows\SYSTEM32\DNSAPI.dll
0x00007ffca94f0000 - 0x00007ffca94fe000 	C:\Program Files\Microsoft\jdk-17.0.8.7-hotspot\bin\sunmscapi.dll
0x00007ffcc8f00000 - 0x00007ffcc905d000 	C:\Windows\System32\CRYPT32.dll
0x00007ffcc8760000 - 0x00007ffcc8788000 	C:\Windows\SYSTEM32\ncrypt.dll
0x00007ffcc8720000 - 0x00007ffcc875b000 	C:\Windows\SYSTEM32\NTASN1.dll
0x00007ffca91d0000 - 0x00007ffca91d7000 	C:\Windows\system32\wshunix.dll
0x00007ffcb4c90000 - 0x00007ffcb4ca7000 	C:\Windows\system32\napinsp.dll
0x00007ffcb4970000 - 0x00007ffcb498b000 	C:\Windows\system32\pnrpnsp.dll
0x00007ffcaa560000 - 0x00007ffcaa575000 	C:\Windows\system32\wshbth.dll
0x00007ffcc46e0000 - 0x00007ffcc46fd000 	C:\Windows\system32\NLAapi.dll
0x00007ffcb2790000 - 0x00007ffcb27a2000 	C:\Windows\System32\winrnr.dll
0x00007ffcbb3f0000 - 0x00007ffcbb3fa000 	C:\Windows\System32\rasadhlp.dll
0x00007ffcbc4e0000 - 0x00007ffcbc560000 	C:\Windows\System32\fwpuclnt.dll

dbghelp: loaded successfully - version: 4.0.5 - missing functions: none
symbol engine: initialized successfully - sym options: 0x614 - pdb path: .;C:\Program Files\Microsoft\jdk-17.0.8.7-hotspot\bin;C:\Windows\SYSTEM32;C:\Windows\WinSxS\amd64_microsoft.windows.common-controls_6595b64144ccf1df_6.0.19041.3636_none_60b6a03d71f818d5;C:\Program Files\Microsoft\jdk-17.0.8.7-hotspot\bin\server;C:\Users\Ibtasam\.gradle\native\68d5fa5c4cc2d200863cafc0d521ce42e7d3e7ee720ec0a83991735586a16f82\windows-amd64;C:\Users\Ibtasam\.gradle\native\e376f236ea51e6404a007f0833ffe2c6e607c4080706a723a18a27aeea778392\windows-amd64

VM Arguments:
jvm_args: -XX:MaxMetaspaceSize=512m --add-opens=java.base/java.util=ALL-UNNAMED --add-opens=java.base/java.lang=ALL-UNNAMED --add-opens=java.base/java.lang.invoke=ALL-UNNAMED --add-opens=java.prefs/java.util.prefs=ALL-UNNAMED --add-opens=java.base/java.nio.charset=ALL-UNNAMED --add-opens=java.base/java.net=ALL-UNNAMED --add-opens=java.base/java.util.concurrent.atomic=ALL-UNNAMED -Xmx2048m -Dfile.encoding=windows-1252 -Duser.country=US -Duser.language=en -Duser.variant -javaagent:C:\Users\Ibtasam\.gradle\wrapper\dists\gradle-8.3-all\6en3ugtfdg5xnpx44z4qbwgas\gradle-8.3\lib\agents\gradle-instrumentation-agent-8.3.jar 
java_command: org.gradle.launcher.daemon.bootstrap.GradleDaemon 8.3
java_class_path (initial): C:\Users\Ibtasam\.gradle\wrapper\dists\gradle-8.3-all\6en3ugtfdg5xnpx44z4qbwgas\gradle-8.3\lib\gradle-launcher-8.3.jar
Launcher Type: SUN_STANDARD

[Global flags]
     intx CICompilerCount                          = 3                                         {product} {ergonomic}
   size_t CompressedClassSpaceSize                 = 436207616                                 {product} {ergonomic}
     uint ConcGCThreads                            = 1                                         {product} {ergonomic}
     uint G1ConcRefinementThreads                  = 4                                         {product} {ergonomic}
   size_t G1HeapRegionSize                         = 1048576                                   {product} {ergonomic}
    uintx GCDrainStackTargetSize                   = 64                                        {product} {ergonomic}
   size_t InitialHeapSize                          = 268435456                                 {product} {ergonomic}
   size_t MarkStackSize                            = 4194304                                   {product} {ergonomic}
   size_t MaxHeapSize                              = 2147483648                                {product} {command line}
   size_t MaxMetaspaceSize                         = 536870912                                 {product} {command line}
   size_t MaxNewSize                               = 1287651328                                {product} {ergonomic}
   size_t MinHeapDeltaBytes                        = 1048576                                   {product} {ergonomic}
   size_t MinHeapSize                              = 8388608                                   {product} {ergonomic}
    uintx NonNMethodCodeHeapSize                   = 5832780                                {pd product} {ergonomic}
    uintx NonProfiledCodeHeapSize                  = 122912730                              {pd product} {ergonomic}
    uintx ProfiledCodeHeapSize                     = 122912730                              {pd product} {ergonomic}
    uintx ReservedCodeCacheSize                    = 251658240                              {pd product} {ergonomic}
     bool SegmentedCodeCache                       = true                                      {product} {ergonomic}
   size_t SoftMaxHeapSize                          = 2147483648                             {manageable} {ergonomic}
     bool UseCompressedClassPointers               = true                           {product lp64_product} {ergonomic}
     bool UseCompressedOops                        = true                           {product lp64_product} {ergonomic}
     bool UseG1GC                                  = true                                      {product} {ergonomic}
     bool UseLargePagesIndividualAllocation        = false                                  {pd product} {ergonomic}

Logging:
Log output configuration:
 #0: stdout all=warning uptime,level,tags
 #1: stderr all=off uptime,level,tags

Environment Variables:
JAVA_HOME=C:\Program Files\Microsoft\jdk-17.0.8.7-hotspot\
CLASSPATH=D:\1. DATA\IbTaSaM Projects\ExpenseAndIncomeTracker\android\\gradle\wrapper\gradle-wrapper.jar
PATH=D:\1. DATA\IbTaSaM Projects\ExpenseAndIncomeTracker\node_modules\.bin;D:\1. DATA\IbTaSaM Projects\node_modules\.bin;D:\1. DATA\node_modules\.bin;D:\node_modules\.bin;C:\Users\Ibtasam\AppData\Roaming\npm\node_modules\npm\node_modules\@npmcli\run-script\lib\node-gyp-bin;C:\Program Files\Microsoft\jdk-17.0.8.7-hotspot\bin;C:\Program Files\Microsoft\jdk-11.0.20.8-hotspot\bin;C:\Windows\system32;C:\Windows;C:\Windows\System32\Wbem;C:\Windows\System32\WindowsPowerShell\v1.0\;C:\Windows\System32\OpenSSH\;C:\Program Files\Git\cmd;C:\ProgramData\chocolatey\bin;C:\Program Files\nodejs\;C:\Users\Ibtasam\AppData\Local\Android\Sdk\tools;C:\Users\Ibtasam\AppData\Local\Android\Sdk\tools;C:\Users\Ibtasam\AppData\Local\Microsoft\WindowsApps;C:\Users\Ibtasam\AppData\Local\Programs\Microsoft VS Code\bin;C:\Users\Ibtasam\AppData\Roaming\npm;C:\Users\Ibtasam\AppData\Local\Android\Sdk\platform-tools;
USERNAME=Ibtasam
OS=Windows_NT
PROCESSOR_IDENTIFIER=Intel64 Family 6 Model 69 Stepping 1, GenuineIntel
TMP=C:\Users\Ibtasam\AppData\Local\Temp
TEMP=C:\Users\Ibtasam\AppData\Local\Temp



---------------  S Y S T E M  ---------------

OS:
 Windows 10 , 64 bit Build 19041 (10.0.19041.3636)
OS uptime: 1 days 9:35 hours

CPU: total 4 (initial active 4) (2 cores per cpu, 2 threads per core) family 6 model 69 stepping 1 microcode 0x25, cx8, cmov, fxsr, ht, mmx, sse, sse2, sse3, ssse3, sse4.1, sse4.2, popcnt, lzcnt, tsc, tscinvbit, avx, avx2, aes, erms, clmul, bmi1, bmi2, fma, vzeroupper, clflush
Processor Information for all 4 processors :
  Max Mhz: 2501, Current Mhz: 2501, Mhz Limit: 2501

Memory: 4k page, system-wide physical 16289M (4309M free)
TotalPageFile size 18721M (AvailPageFile size 5546M)
current process WorkingSet (physical memory assigned to process): 519M, peak: 531M
current process commit charge ("private bytes"): 559M, peak: 572M

vm_info: OpenJDK 64-Bit Server VM (17.0.8+7-LTS) for windows-amd64 JRE (17.0.8+7-LTS), built on Jul  7 2023 17:21:55 by "MicrosoftCorporation" with MS VC++ 16.10 / 16.11 (VS2019)

END.
