#
# A fatal error has been detected by the Java Runtime Environment:
#
#  EXCEPTION_ACCESS_VIOLATION (0xc0000005) at pc=0x00007ffa6bb1e0a9, pid=3132, tid=12200
#
# JRE version: OpenJDK Runtime Environment Microsoft-8035246 (17.0.8+7) (build 17.0.8+7-LTS)
# Java VM: OpenJDK 64-Bit Server VM Microsoft-8035246 (17.0.8+7-LTS, mixed mode, sharing, tiered, compressed oops, compressed class ptrs, g1 gc, windows-amd64)
# Problematic frame:
# V  [jvm.dll+0x2be0a9]
#
# No core dump will be written. Minidumps are not enabled by default on client versions of Windows
#
# If you would like to submit a bug report, please visit:
#   https://github.com/microsoft/openjdk/issues
#

---------------  S U M M A R Y ------------

Command Line: -XX:MaxMetaspaceSize=512m --add-opens=java.base/java.util=ALL-UNNAMED --add-opens=java.base/java.lang=ALL-UNNAMED --add-opens=java.base/java.lang.invoke=ALL-UNNAMED --add-opens=java.prefs/java.util.prefs=ALL-UNNAMED --add-opens=java.base/java.nio.charset=ALL-UNNAMED --add-opens=java.base/java.net=ALL-UNNAMED --add-opens=java.base/java.util.concurrent.atomic=ALL-UNNAMED -Xmx2048m -Dfile.encoding=windows-1252 -Duser.country=US -Duser.language=en -Duser.variant -javaagent:C:\Users\Ibtasam\.gradle\wrapper\dists\gradle-8.3-all\6en3ugtfdg5xnpx44z4qbwgas\gradle-8.3\lib\agents\gradle-instrumentation-agent-8.3.jar org.gradle.launcher.daemon.bootstrap.GradleDaemon 8.3

Host: Intel(R) Core(TM) i5-4300U CPU @ 1.90GHz, 4 cores, 15G,  Windows 10 , 64 bit Build 19041 (10.0.19041.3636)
Time: Wed Feb 21 08:53:55 2024 Pakistan Standard Time elapsed time: 143.639685 seconds (0d 0h 2m 23s)

---------------  T H R E A D  ---------------

Current thread (0x000002246c710970):  JavaThread "C2 CompilerThread1" daemon [_thread_in_native, id=12200, stack(0x000000ed55800000,0x000000ed55900000)]


Current CompileTask:
C2: 143639 15627       4       org.gradle.cache.internal.AsyncCacheAccessDecoratedCache$$Lambda$512/0x00000224014808d0::create (12 bytes)

Stack: [0x000000ed55800000,0x000000ed55900000],  sp=0x000000ed558fb710,  free space=1005k
Native frames: (J=compiled Java code, j=interpreted, Vv=VM code, C=native code)
V  [jvm.dll+0x2be0a9]
V  [jvm.dll+0x21ba8b]
V  [jvm.dll+0x21944b]
V  [jvm.dll+0x1a56b6]
V  [jvm.dll+0x2291ea]
V  [jvm.dll+0x22724c]
V  [jvm.dll+0x7efd0c]
V  [jvm.dll+0x7ea13a]
V  [jvm.dll+0x67ad85]
C  [ucrtbase.dll+0x21bb2]
C  [KERNEL32.DLL+0x17344]
C  [ntdll.dll+0x526b1]


siginfo: EXCEPTION_ACCESS_VIOLATION (0xc0000005), reading address 0x0000000000000028


Register to memory mapping:

RIP=0x00007ffa6bb1e0a9 jvm.dll
RAX=0x0000022477665000 points into unknown readable memory: 0x0000000000000000 | 00 00 00 00 00 00 00 00
RBX=0x0000000000001b94 is an unknown value
RCX=0x0 is NULL
RDX=0x0 is NULL
RSP=0x000000ed558fb710 is pointing into the stack for thread: 0x000002246c710970
RBP=0x000000ed558fb780 is pointing into the stack for thread: 0x000002246c710970
RSI=0x0 is NULL
RDI=0x0000000000000061 is an unknown value
R8 =0x000000000000ffe0 is an unknown value
R9 =0x0 is NULL
R10=0x00007ffa74a30000 VCRUNTIME140.dll
R11=0x0000022477665020 points into unknown readable memory: 0x0000000000000000 | 00 00 00 00 00 00 00 00
R12=0x0000000000000050 is an unknown value
R13=0x0 is NULL
R14=0x0 is NULL
R15=0x000000ed558fe930 is pointing into the stack for thread: 0x000002246c710970


Registers:
RAX=0x0000022477665000, RBX=0x0000000000001b94, RCX=0x0000000000000000, RDX=0x0000000000000000
RSP=0x000000ed558fb710, RBP=0x000000ed558fb780, RSI=0x0000000000000000, RDI=0x0000000000000061
R8 =0x000000000000ffe0, R9 =0x0000000000000000, R10=0x00007ffa74a30000, R11=0x0000022477665020
R12=0x0000000000000050, R13=0x0000000000000000, R14=0x0000000000000000, R15=0x000000ed558fe930
RIP=0x00007ffa6bb1e0a9, EFLAGS=0x0000000000010202

Top of Stack: (sp=0x000000ed558fb710)
0x000000ed558fb710:   0000000000001b94 0000000000000000
0x000000ed558fb720:   000000ed558fe930 00007ffa6ba838d1
0x000000ed558fb730:   000002246f74ee40 00007ffa00002000
0x000000ed558fb740:   0000022477665000 0000000000000000
0x000000ed558fb750:   0000000000000002 0000022471584090
0x000000ed558fb760:   0000000000000002 000002246f74ee40
0x000000ed558fb770:   0000000000000000 0000000000000000
0x000000ed558fb780:   00000224718a5ff0 000002244980dbe0
0x000000ed558fb790:   0000000000000061 00007ffa6c1a4c08
0x000000ed558fb7a0:   000000ed558fb8b0 00007ffa6ba7ba8b
0x000000ed558fb7b0:   000000ed558fe930 00007ffa6c1a4c08
0x000000ed558fb7c0:   000000ed558fe930 000000ed558fb8b0
0x000000ed558fb7d0:   000000ed00000000 000000ed558ff490
0x000000ed558fb7e0:   000000ed0000000f 000000ed558fe930
0x000000ed558fb7f0:   000000ed558fb960 0000022400000000
0x000000ed558fb800:   0000022400000100 00007ffa6c1a4c08 

Instructions: (pc=0x00007ffa6bb1e0a9)
0x00007ffa6bb1dfa9:   3b d0 75 0b ff c1 41 3b c9 7c dc 48 8b c2 c3 33
0x00007ffa6bb1dfb9:   c0 c3 cc cc cc cc cc 48 89 5c 24 18 55 56 57 41
0x00007ffa6bb1dfc9:   55 41 57 48 8b ec 48 83 ec 70 65 48 8b 04 25 58
0x00007ffa6bb1dfd9:   00 00 00 48 8b f2 44 8b 05 d2 8b 90 00 4c 8b f9
0x00007ffa6bb1dfe9:   4a 8b 1c c0 b8 50 00 00 00 80 3c 18 00 75 05 e8
0x00007ffa6bb1dff9:   8b 6f 5d 00 b8 20 00 00 00 48 8b 04 18 48 8b 98
0x00007ffa6bb1e009:   38 02 00 00 48 89 5d b0 c7 45 b8 04 00 00 00 48
0x00007ffa6bb1e019:   8b 43 18 48 83 f8 df 76 18 4c 8d 05 37 a9 65 00
0x00007ffa6bb1e029:   ba 20 00 00 00 48 8b cb e8 5a eb de ff 48 8b 43
0x00007ffa6bb1e039:   18 48 8d 48 20 48 3b 4b 20 76 11 45 33 c0 48 8b
0x00007ffa6bb1e049:   cb 41 8d 50 20 e8 fd e8 de ff eb 04 48 89 4b 18
0x00007ffa6bb1e059:   44 8b 45 b8 33 d2 49 c1 e0 03 48 8b c8 48 89 45
0x00007ffa6bb1e069:   c0 e8 e3 80 5d 00 45 33 ed 48 8d 4d d0 44 89 6d
0x00007ffa6bb1e079:   c8 e8 01 59 56 00 41 8b 9f 40 02 00 00 41 2b 9f
0x00007ffa6bb1e089:   68 02 00 00 44 89 6d f0 3b 5d b8 72 0b 8b d3 48
0x00007ffa6bb1e099:   8d 4d b0 e8 6f b3 39 00 48 8b 45 c0 4c 89 2c d8
0x00007ffa6bb1e0a9:   8b 7e 28 8b df c1 eb 05 3b 5d d0 72 0b 8b d3 48
0x00007ffa6bb1e0b9:   8d 4d d0 e8 1f 59 56 00 48 8b 45 d8 83 e7 1f 48
0x00007ffa6bb1e0c9:   8d 14 98 40 0f b6 cf 41 b8 01 00 00 00 41 d3 e0
0x00007ffa6bb1e0d9:   8b 0a 8b c1 41 0b c0 89 02 41 85 c8 75 21 8b 5d
0x00007ffa6bb1e0e9:   c8 8d 43 01 89 45 c8 3b 5d b8 72 0b 8b d3 48 8d
0x00007ffa6bb1e0f9:   4d b0 e8 10 b3 39 00 48 8b 45 c0 48 89 34 d8 44
0x00007ffa6bb1e109:   39 6d c8 0f 86 77 01 00 00 4c 89 a4 24 a0 00 00
0x00007ffa6bb1e119:   00 4c 89 b4 24 a8 00 00 00 48 8b 45 c0 41 8b cd
0x00007ffa6bb1e129:   48 8b 34 c8 8b 46 2c 25 ff 1f 00 00 3d 04 10 00
0x00007ffa6bb1e139:   00 0f 85 a7 00 00 00 bb 01 00 00 00 39 5e 18 76
0x00007ffa6bb1e149:   39 66 0f 1f 44 00 00 48 8b 46 08 8b cb 48 8b 14
0x00007ffa6bb1e159:   c8 48 85 d2 74 1d 48 83 7a 10 00 74 16 80 7a 2c
0x00007ffa6bb1e169:   84 74 10 e8 7f 7e ee ff 48 8b d0 49 8b cf e8 a4
0x00007ffa6bb1e179:   61 f6 ff ff c3 3b 5e 18 72 cd 48 8b 5e 10 8b 46
0x00007ffa6bb1e189:   20 4c 8d 34 c3 49 3b de 73 54 48 8b 3b 8b 47 2c
0x00007ffa6bb1e199:   83 e0 03 3c 03 75 2e 48 8b 07 48 8b cf ff 90 88 


Stack slot to memory mapping:
stack at sp + 0 slots: 0x0000000000001b94 is an unknown value
stack at sp + 1 slots: 0x0 is NULL
stack at sp + 2 slots: 0x000000ed558fe930 is pointing into the stack for thread: 0x000002246c710970
stack at sp + 3 slots: 0x00007ffa6ba838d1 jvm.dll
stack at sp + 4 slots: 0x000002246f74ee40 points into unknown readable memory: 0x0000000000000006 | 06 00 00 00 00 00 00 00
stack at sp + 5 slots: 0x00007ffa00002000 is an unknown value
stack at sp + 6 slots: 0x0000022477665000 points into unknown readable memory: 0x0000000000000000 | 00 00 00 00 00 00 00 00
stack at sp + 7 slots: 0x0 is NULL


---------------  P R O C E S S  ---------------

Threads class SMR info:
_java_thread_list=0x000002246e427f30, length=96, elements={
0x00000224497f6be0, 0x00000224673e7b60, 0x00000224673e88f0, 0x00000224673fe630,
0x0000022467400f10, 0x00000224674017e0, 0x00000224674020b0, 0x0000022467402d60,
0x0000022467405730, 0x0000022467580870, 0x00000224675b9330, 0x000002246769fe70,
0x000002246e08fae0, 0x000002246c6f1650, 0x000002246d921240, 0x000002246ca75dd0,
0x000002246ca753b0, 0x000002246ca77720, 0x000002246ca762e0, 0x000002246ca76d00,
0x000002246ca77210, 0x000002246ca77c30, 0x000002246ca78140, 0x000002246ca758c0,
0x000002246ca74ea0, 0x000002246daf4b80, 0x000002246daf5090, 0x000002246daf5fc0,
0x000002246daefa80, 0x000002246daf3740, 0x000002246daf0ec0, 0x000002246daf04a0,
0x000002246daef060, 0x000002246daf09b0, 0x000002246daf55a0, 0x000002246daf13d0,
0x000002246daf2810, 0x000002246daf2300, 0x000002246daf4160, 0x000002246daf5ab0,
0x000002246daf64d0, 0x000002246daf3c50, 0x000002246daef570, 0x000002246ed638c0,
0x000002246ed69e00, 0x000002246ed66b60, 0x000002246ed67070, 0x000002246ed689c0,
0x000002246ed66140, 0x000002246ed66650, 0x000002246ed64d00, 0x000002246ed633b0,
0x000002246ed67580, 0x000002246ed67fa0, 0x000002246ed684b0, 0x000002246ed65210,
0x000002246ed68ed0, 0x000002246ed693e0, 0x000002246ed62ea0, 0x000002246ed65720,
0x000002246ed65c30, 0x000002246ed698f0, 0x000002246ed6a820, 0x000002246ed63dd0,
0x0000022470d95590, 0x0000022470d969d0, 0x0000022470d95aa0, 0x0000022470d93c40,
0x0000022470d94150, 0x0000022470d91de0, 0x0000022470d922f0, 0x0000022470d96ee0,
0x0000022470d94660, 0x0000022470d973f0, 0x000002246c710970, 0x000002246ed642e0,
0x0000022477e810d0, 0x0000022477e81af0, 0x0000022477e815e0, 0x0000022477e82a20,
0x0000022477e801a0, 0x0000022477e83440, 0x0000022477e82000, 0x0000022477e806b0,
0x0000022477e80bc0, 0x0000022477e82510, 0x0000022477e7fc90, 0x0000022477205680,
0x0000022477204c60, 0x0000022477205b90, 0x0000022477206fd0, 0x0000022477204750,
0x00000224772065b0, 0x0000022477205170, 0x00000224772060a0, 0x0000022477203820
}

Java Threads: ( => current thread )
  0x00000224497f6be0 JavaThread "main" [_thread_blocked, id=8160, stack(0x000000ed52700000,0x000000ed52800000)]
  0x00000224673e7b60 JavaThread "Reference Handler" daemon [_thread_blocked, id=6976, stack(0x000000ed52e00000,0x000000ed52f00000)]
  0x00000224673e88f0 JavaThread "Finalizer" daemon [_thread_blocked, id=6972, stack(0x000000ed52f00000,0x000000ed53000000)]
  0x00000224673fe630 JavaThread "Signal Dispatcher" daemon [_thread_blocked, id=1580, stack(0x000000ed53000000,0x000000ed53100000)]
  0x0000022467400f10 JavaThread "Attach Listener" daemon [_thread_blocked, id=1128, stack(0x000000ed53100000,0x000000ed53200000)]
  0x00000224674017e0 JavaThread "Service Thread" daemon [_thread_blocked, id=9980, stack(0x000000ed53200000,0x000000ed53300000)]
  0x00000224674020b0 JavaThread "Monitor Deflation Thread" daemon [_thread_blocked, id=11124, stack(0x000000ed53300000,0x000000ed53400000)]
  0x0000022467402d60 JavaThread "C2 CompilerThread0" daemon [_thread_in_native, id=5432, stack(0x000000ed53400000,0x000000ed53500000)]
  0x0000022467405730 JavaThread "C1 CompilerThread0" daemon [_thread_blocked, id=2024, stack(0x000000ed53500000,0x000000ed53600000)]
  0x0000022467580870 JavaThread "Sweeper thread" daemon [_thread_blocked, id=5560, stack(0x000000ed53600000,0x000000ed53700000)]
  0x00000224675b9330 JavaThread "Common-Cleaner" daemon [_thread_blocked, id=4432, stack(0x000000ed53700000,0x000000ed53800000)]
  0x000002246769fe70 JavaThread "Notification Thread" daemon [_thread_blocked, id=5440, stack(0x000000ed53800000,0x000000ed53900000)]
  0x000002246e08fae0 JavaThread "Daemon health stats" [_thread_blocked, id=6120, stack(0x000000ed53d00000,0x000000ed53e00000)]
  0x000002246c6f1650 JavaThread "Incoming local TCP Connector on port 52942" [_thread_in_native, id=5260, stack(0x000000ed53e00000,0x000000ed53f00000)]
  0x000002246d921240 JavaThread "Daemon periodic checks" [_thread_blocked, id=7636, stack(0x000000ed53f00000,0x000000ed54000000)]
  0x000002246ca75dd0 JavaThread "Daemon" [_thread_blocked, id=5276, stack(0x000000ed54000000,0x000000ed54100000)]
  0x000002246ca753b0 JavaThread "Handler for socket connection from /127.0.0.1:52942 to /127.0.0.1:52943" [_thread_in_native, id=6104, stack(0x000000ed54100000,0x000000ed54200000)]
  0x000002246ca77720 JavaThread "Cancel handler" [_thread_blocked, id=9600, stack(0x000000ed54200000,0x000000ed54300000)]
  0x000002246ca762e0 JavaThread "Daemon worker" [_thread_blocked, id=8224, stack(0x000000ed54300000,0x000000ed54400000)]
  0x000002246ca76d00 JavaThread "Asynchronous log dispatcher for DefaultDaemonConnection: socket connection from /127.0.0.1:52942 to /127.0.0.1:52943" [_thread_blocked, id=9184, stack(0x000000ed54400000,0x000000ed54500000)]
  0x000002246ca77210 JavaThread "Stdin handler" [_thread_blocked, id=7592, stack(0x000000ed54500000,0x000000ed54600000)]
  0x000002246ca77c30 JavaThread "Daemon client event forwarder" [_thread_blocked, id=7792, stack(0x000000ed54600000,0x000000ed54700000)]
  0x000002246ca78140 JavaThread "Cache worker for journal cache (C:\Users\Ibtasam\.gradle\caches\journal-1)" [_thread_blocked, id=7308, stack(0x000000ed54700000,0x000000ed54800000)]
  0x000002246ca758c0 JavaThread "File lock request listener" [_thread_in_native, id=5588, stack(0x000000ed54800000,0x000000ed54900000)]
  0x000002246ca74ea0 JavaThread "Cache worker for file hash cache (C:\Users\Ibtasam\.gradle\caches\8.3\fileHashes)" [_thread_blocked, id=4240, stack(0x000000ed54900000,0x000000ed54a00000)]
  0x000002246daf4b80 JavaThread "File watcher server" daemon [_thread_in_native, id=3952, stack(0x000000ed54b00000,0x000000ed54c00000)]
  0x000002246daf5090 JavaThread "File watcher consumer" daemon [_thread_blocked, id=1792, stack(0x000000ed54c00000,0x000000ed54d00000)]
  0x000002246daf5fc0 JavaThread "Cache worker for checksums cache (D:\1. DATA\IbTaSaM Projects\ExpenseAndIncomeTracker\android\.gradle\8.3\checksums)" [_thread_blocked, id=10760, stack(0x000000ed54d00000,0x000000ed54e00000)]
  0x000002246daefa80 JavaThread "Cache worker for file hash cache (D:\1. DATA\IbTaSaM Projects\ExpenseAndIncomeTracker\android\.gradle\8.3\fileHashes)" [_thread_blocked, id=9008, stack(0x000000ed54a00000,0x000000ed54b00000)]
  0x000002246daf3740 JavaThread "Cache worker for cache directory md-supplier (C:\Users\Ibtasam\.gradle\caches\8.3\md-supplier)" [_thread_blocked, id=8620, stack(0x000000ed54e00000,0x000000ed54f00000)]
  0x000002246daf0ec0 JavaThread "Cache worker for file content cache (C:\Users\Ibtasam\.gradle\caches\8.3\fileContent)" [_thread_blocked, id=7760, stack(0x000000ed54f00000,0x000000ed55000000)]
  0x000002246daf04a0 JavaThread "Cache worker for cache directory md-rule (C:\Users\Ibtasam\.gradle\caches\8.3\md-rule)" [_thread_blocked, id=7756, stack(0x000000ed55000000,0x000000ed55100000)]
  0x000002246daef060 JavaThread "Cache worker for execution history cache (C:\Users\Ibtasam\.gradle\caches\8.3\executionHistory)" [_thread_blocked, id=11212, stack(0x000000ed55100000,0x000000ed55200000)]
  0x000002246daf09b0 JavaThread "jar transforms" [_thread_blocked, id=11188, stack(0x000000ed55400000,0x000000ed55500000)]
  0x000002246daf55a0 JavaThread "jar transforms Thread 2" [_thread_blocked, id=6548, stack(0x000000ed55500000,0x000000ed55600000)]
  0x000002246daf13d0 JavaThread "jar transforms Thread 3" [_thread_blocked, id=4184, stack(0x000000ed55300000,0x000000ed55400000)]
  0x000002246daf2810 JavaThread "jar transforms Thread 4" [_thread_blocked, id=9124, stack(0x000000ed55700000,0x000000ed55800000)]
  0x000002246daf2300 JavaThread "File lock release action executor" [_thread_blocked, id=7804, stack(0x000000ed55600000,0x000000ed55700000)]
  0x000002246daf4160 JavaThread "Cache worker for kotlin-dsl (C:\Users\Ibtasam\.gradle\caches\8.3\kotlin-dsl)" [_thread_blocked, id=8272, stack(0x000000ed55a00000,0x000000ed55b00000)]
  0x000002246daf5ab0 JavaThread "Unconstrained build operations" [_thread_blocked, id=12132, stack(0x000000ed52500000,0x000000ed52600000)]
  0x000002246daf64d0 JavaThread "Unconstrained build operations Thread 2" [_thread_blocked, id=12128, stack(0x000000ed52600000,0x000000ed52700000)]
  0x000002246daf3c50 JavaThread "Cache worker for dependencies-accessors (D:\1. DATA\IbTaSaM Projects\ExpenseAndIncomeTracker\android\.gradle\8.3\dependencies-accessors)" [_thread_blocked, id=11340, stack(0x000000ed55b00000,0x000000ed55c00000)]
  0x000002246daef570 JavaThread "Cache worker for Build Output Cleanup Cache (D:\1. DATA\IbTaSaM Projects\ExpenseAndIncomeTracker\node_modules\@react-native\gradle-plugin\.gradle\buildOutputCleanup)" [_thread_blocked, id=2620, stack(0x000000ed55d00000,0x000000ed55e00000)]
  0x000002246ed638c0 JavaThread "Unconstrained build operations Thread 3" [_thread_blocked, id=11940, stack(0x000000ed55c00000,0x000000ed55d00000)]
  0x000002246ed69e00 JavaThread "Unconstrained build operations Thread 4" [_thread_blocked, id=10020, stack(0x000000ed55e00000,0x000000ed55f00000)]
  0x000002246ed66b60 JavaThread "Unconstrained build operations Thread 5" [_thread_blocked, id=3364, stack(0x000000ed55f00000,0x000000ed56000000)]
  0x000002246ed67070 JavaThread "Memory manager" [_thread_blocked, id=6044, stack(0x000000ed56100000,0x000000ed56200000)]
  0x000002246ed689c0 JavaThread "Cache worker for Build Output Cleanup Cache (D:\1. DATA\IbTaSaM Projects\ExpenseAndIncomeTracker\android\.gradle\buildOutputCleanup)" [_thread_blocked, id=7460, stack(0x000000ed56200000,0x000000ed56300000)]
  0x000002246ed66140 JavaThread "ForkJoinPool.commonPool-worker-1" daemon [_thread_blocked, id=2312, stack(0x000000ed56300000,0x000000ed56400000)]
  0x000002246ed66650 JavaThread "ForkJoinPool.commonPool-worker-2" daemon [_thread_blocked, id=7648, stack(0x000000ed56400000,0x000000ed56500000)]
  0x000002246ed64d00 JavaThread "ForkJoinPool.commonPool-worker-3" daemon [_thread_blocked, id=1084, stack(0x000000ed56500000,0x000000ed56600000)]
  0x000002246ed633b0 JavaThread "Exec process" [_thread_blocked, id=11252, stack(0x000000ed56600000,0x000000ed56700000)]
  0x000002246ed67580 JavaThread "Exec process Thread 2" [_thread_blocked, id=1804, stack(0x000000ed56700000,0x000000ed56800000)]
  0x000002246ed67fa0 JavaThread "Exec process Thread 3" [_thread_blocked, id=644, stack(0x000000ed56800000,0x000000ed56900000)]
  0x000002246ed684b0 JavaThread "included builds" [_thread_blocked, id=7292, stack(0x000000ed56900000,0x000000ed56a00000)]
  0x000002246ed65210 JavaThread "Execution worker" [_thread_blocked, id=10128, stack(0x000000ed56a00000,0x000000ed56b00000)]
  0x000002246ed68ed0 JavaThread "Execution worker Thread 2" [_thread_in_native, id=7316, stack(0x000000ed56b00000,0x000000ed56c00000)]
  0x000002246ed693e0 JavaThread "Execution worker Thread 3" [_thread_blocked, id=9036, stack(0x000000ed56c00000,0x000000ed56d00000)]
  0x000002246ed62ea0 JavaThread "Cache worker for execution history cache (D:\1. DATA\IbTaSaM Projects\ExpenseAndIncomeTracker\node_modules\@react-native\gradle-plugin\.gradle\8.3\executionHistory)" [_thread_blocked, id=11856, stack(0x000000ed56d00000,0x000000ed56e00000)]
  0x000002246ed65720 JavaThread "Unconstrained build operations Thread 6" [_thread_blocked, id=10228, stack(0x000000ed56e00000,0x000000ed56f00000)]
  0x000002246ed65c30 JavaThread "Unconstrained build operations Thread 7" [_thread_blocked, id=5548, stack(0x000000ed56f00000,0x000000ed57000000)]
  0x000002246ed698f0 JavaThread "Unconstrained build operations Thread 8" [_thread_blocked, id=6164, stack(0x000000ed57000000,0x000000ed57100000)]
  0x000002246ed6a820 JavaThread "Unconstrained build operations Thread 9" [_thread_blocked, id=11348, stack(0x000000ed56000000,0x000000ed56100000)]
  0x000002246ed63dd0 JavaThread "Unconstrained build operations Thread 10" [_thread_blocked, id=5172, stack(0x000000ed57100000,0x000000ed57200000)]
  0x0000022470d95590 JavaThread "Unconstrained build operations Thread 11" [_thread_blocked, id=7936, stack(0x000000ed57300000,0x000000ed57400000)]
  0x0000022470d969d0 JavaThread "Unconstrained build operations Thread 12" [_thread_blocked, id=11884, stack(0x000000ed57400000,0x000000ed57500000)]
  0x0000022470d95aa0 JavaThread "Unconstrained build operations Thread 13" [_thread_blocked, id=8840, stack(0x000000ed57500000,0x000000ed57600000)]
  0x0000022470d93c40 JavaThread "Unconstrained build operations Thread 14" [_thread_blocked, id=6272, stack(0x000000ed57600000,0x000000ed57700000)]
  0x0000022470d94150 JavaThread "Unconstrained build operations Thread 15" [_thread_blocked, id=6296, stack(0x000000ed57700000,0x000000ed57800000)]
  0x0000022470d91de0 JavaThread "Unconstrained build operations Thread 16" [_thread_blocked, id=11196, stack(0x000000ed57800000,0x000000ed57900000)]
  0x0000022470d922f0 JavaThread "Unconstrained build operations Thread 17" [_thread_blocked, id=11780, stack(0x000000ed57900000,0x000000ed57a00000)]
  0x0000022470d96ee0 JavaThread "Unconstrained build operations Thread 18" [_thread_blocked, id=11804, stack(0x000000ed57a00000,0x000000ed57b00000)]
  0x0000022470d94660 JavaThread "Unconstrained build operations Thread 19" [_thread_blocked, id=10484, stack(0x000000ed57b00000,0x000000ed57c00000)]
  0x0000022470d973f0 JavaThread "Unconstrained build operations Thread 20" [_thread_blocked, id=3880, stack(0x000000ed57c00000,0x000000ed57d00000)]
=>0x000002246c710970 JavaThread "C2 CompilerThread1" daemon [_thread_in_native, id=12200, stack(0x000000ed55800000,0x000000ed55900000)]
  0x000002246ed642e0 JavaThread "Unconstrained build operations Thread 21" [_thread_in_Java, id=10780, stack(0x000000ed57200000,0x000000ed57300000)]
  0x0000022477e810d0 JavaThread "Unconstrained build operations Thread 22" [_thread_in_Java, id=2804, stack(0x000000ed57d00000,0x000000ed57e00000)]
  0x0000022477e81af0 JavaThread "Unconstrained build operations Thread 23" [_thread_blocked, id=12184, stack(0x000000ed57e00000,0x000000ed57f00000)]
  0x0000022477e815e0 JavaThread "Unconstrained build operations Thread 24" [_thread_blocked, id=10840, stack(0x000000ed57f00000,0x000000ed58000000)]
  0x0000022477e82a20 JavaThread "Unconstrained build operations Thread 25" [_thread_blocked, id=10580, stack(0x000000ed58000000,0x000000ed58100000)]
  0x0000022477e801a0 JavaThread "Unconstrained build operations Thread 26" [_thread_blocked, id=10860, stack(0x000000ed58100000,0x000000ed58200000)]
  0x0000022477e83440 JavaThread "Unconstrained build operations Thread 27" [_thread_blocked, id=7672, stack(0x000000ed58200000,0x000000ed58300000)]
  0x0000022477e82000 JavaThread "Unconstrained build operations Thread 28" [_thread_blocked, id=7928, stack(0x000000ed58300000,0x000000ed58400000)]
  0x0000022477e806b0 JavaThread "Unconstrained build operations Thread 29" [_thread_blocked, id=2848, stack(0x000000ed58400000,0x000000ed58500000)]
  0x0000022477e80bc0 JavaThread "Unconstrained build operations Thread 30" [_thread_blocked, id=9200, stack(0x000000ed58500000,0x000000ed58600000)]
  0x0000022477e82510 JavaThread "Unconstrained build operations Thread 31" [_thread_blocked, id=11396, stack(0x000000ed58600000,0x000000ed58700000)]
  0x0000022477e7fc90 JavaThread "Unconstrained build operations Thread 32" [_thread_blocked, id=10232, stack(0x000000ed58700000,0x000000ed58800000)]
  0x0000022477205680 JavaThread "Unconstrained build operations Thread 33" [_thread_blocked, id=10560, stack(0x000000ed58800000,0x000000ed58900000)]
  0x0000022477204c60 JavaThread "Unconstrained build operations Thread 34" [_thread_blocked, id=10752, stack(0x000000ed58900000,0x000000ed58a00000)]
  0x0000022477205b90 JavaThread "Unconstrained build operations Thread 35" [_thread_blocked, id=2276, stack(0x000000ed58a00000,0x000000ed58b00000)]
  0x0000022477206fd0 JavaThread "Unconstrained build operations Thread 36" [_thread_blocked, id=12144, stack(0x000000ed58b00000,0x000000ed58c00000)]
  0x0000022477204750 JavaThread "Unconstrained build operations Thread 37" [_thread_blocked, id=11296, stack(0x000000ed58c00000,0x000000ed58d00000)]
  0x00000224772065b0 JavaThread "Unconstrained build operations Thread 38" [_thread_blocked, id=12080, stack(0x000000ed58d00000,0x000000ed58e00000)]
  0x0000022477205170 JavaThread "Unconstrained build operations Thread 39" [_thread_blocked, id=1876, stack(0x000000ed58e00000,0x000000ed58f00000)]
  0x00000224772060a0 JavaThread "Unconstrained build operations Thread 40" [_thread_blocked, id=11980, stack(0x000000ed58f00000,0x000000ed59000000)]
  0x0000022477203820 JavaThread "Cache worker for execution history cache (D:\1. DATA\IbTaSaM Projects\ExpenseAndIncomeTracker\android\.gradle\8.3\executionHistory)" [_thread_blocked, id=11960, stack(0x000000ed59000000,0x000000ed59100000)]

Other Threads:
  0x00000224673e1bd0 VMThread "VM Thread" [stack: 0x000000ed52d00000,0x000000ed52e00000] [id=7044]
  0x00000224676a0350 WatcherThread [stack: 0x000000ed53900000,0x000000ed53a00000] [id=5500]
  0x000002244984fe20 GCTaskThread "GC Thread#0" [stack: 0x000000ed52800000,0x000000ed52900000] [id=5104]
  0x000002246c08ba20 GCTaskThread "GC Thread#1" [stack: 0x000000ed53a00000,0x000000ed53b00000] [id=8908]
  0x000002246c08bce0 GCTaskThread "GC Thread#2" [stack: 0x000000ed53b00000,0x000000ed53c00000] [id=536]
  0x000002246c08bfa0 GCTaskThread "GC Thread#3" [stack: 0x000000ed53c00000,0x000000ed53d00000] [id=9856]
  0x0000022449861c90 ConcurrentGCThread "G1 Main Marker" [stack: 0x000000ed52900000,0x000000ed52a00000] [id=5968]
  0x00000224498625b0 ConcurrentGCThread "G1 Conc#0" [stack: 0x000000ed52a00000,0x000000ed52b00000] [id=3068]
  0x00000224498ad8d0 ConcurrentGCThread "G1 Refine#0" [stack: 0x000000ed52b00000,0x000000ed52c00000] [id=7000]
  0x000002246f387830 ConcurrentGCThread "G1 Refine#1" [stack: 0x000000ed55200000,0x000000ed55300000] [id=4504]
  0x00000224498ae210 ConcurrentGCThread "G1 Service" [stack: 0x000000ed52c00000,0x000000ed52d00000] [id=6996]

Threads with active compile tasks:
C2 CompilerThread0   143760 15689   !   4       java.util.concurrent.ConcurrentHashMap::putVal (432 bytes)
C2 CompilerThread1   143761 15627       4       org.gradle.cache.internal.AsyncCacheAccessDecoratedCache$$Lambda$512/0x00000224014808d0::create (12 bytes)

VM state: not at safepoint (normal execution)

VM Mutex/Monitor currently owned by a thread: None

Heap address: 0x0000000080000000, size: 2048 MB, Compressed Oops mode: 32-bit

CDS archive(s) mapped at: [0x0000022400000000-0x0000022400bd0000-0x0000022400bd0000), size 12386304, SharedBaseAddress: 0x0000022400000000, ArchiveRelocationMode: 1.
Compressed class space mapped at: 0x0000022401000000-0x000002241b000000, reserved size: 436207616
Narrow klass base: 0x0000022400000000, Narrow klass shift: 0, Narrow klass range: 0x100000000

GC Precious Log:
 CPUs: 4 total, 4 available
 Memory: 16289M
 Large Page Support: Disabled
 NUMA Support: Disabled
 Compressed Oops: Enabled (32-bit)
 Heap Region Size: 1M
 Heap Min Capacity: 8M
 Heap Initial Capacity: 256M
 Heap Max Capacity: 2G
 Pre-touch: Disabled
 Parallel Workers: 4
 Concurrent Workers: 1
 Concurrent Refinement Workers: 4
 Periodic GC: Disabled

Heap:
 garbage-first heap   total 249856K, used 207986K [0x0000000080000000, 0x0000000100000000)
  region size 1024K, 41 young (41984K), 5 survivors (5120K)
 Metaspace       used 103103K, committed 104256K, reserved 557056K
  class space    used 14296K, committed 14848K, reserved 425984K

Heap Regions: E=young(eden), S=young(survivor), O=old, HS=humongous(starts), HC=humongous(continues), CS=collection set, F=free, OA=open archive, CA=closed archive, TAMS=top-at-mark-start (previous, next)
|   0|0x0000000080000000, 0x0000000080100000, 0x0000000080100000|100%| O|  |TAMS 0x0000000080100000, 0x0000000080000000| Untracked 
|   1|0x0000000080100000, 0x0000000080200000, 0x0000000080200000|100%| O|  |TAMS 0x0000000080200000, 0x0000000080100000| Untracked 
|   2|0x0000000080200000, 0x0000000080300000, 0x0000000080300000|100%|HS|  |TAMS 0x0000000080300000, 0x0000000080200000| Complete 
|   3|0x0000000080300000, 0x0000000080400000, 0x0000000080400000|100%|HC|  |TAMS 0x0000000080400000, 0x0000000080300000| Complete 
|   4|0x0000000080400000, 0x0000000080500000, 0x0000000080500000|100%|HC|  |TAMS 0x0000000080500000, 0x0000000080400000| Complete 
|   5|0x0000000080500000, 0x0000000080600000, 0x0000000080600000|100%|HC|  |TAMS 0x0000000080600000, 0x0000000080500000| Complete 
|   6|0x0000000080600000, 0x0000000080700000, 0x0000000080700000|100%| O|  |TAMS 0x0000000080700000, 0x0000000080600000| Untracked 
|   7|0x0000000080700000, 0x0000000080800000, 0x0000000080800000|100%| O|  |TAMS 0x0000000080800000, 0x0000000080700000| Untracked 
|   8|0x0000000080800000, 0x0000000080900000, 0x0000000080900000|100%| O|  |TAMS 0x0000000080900000, 0x0000000080800000| Untracked 
|   9|0x0000000080900000, 0x0000000080a00000, 0x0000000080a00000|100%| O|  |TAMS 0x0000000080a00000, 0x0000000080900000| Untracked 
|  10|0x0000000080a00000, 0x0000000080b00000, 0x0000000080b00000|100%|HS|  |TAMS 0x0000000080b00000, 0x0000000080a00000| Complete 
|  11|0x0000000080b00000, 0x0000000080c00000, 0x0000000080c00000|100%| O|  |TAMS 0x0000000080c00000, 0x0000000080b00000| Untracked 
|  12|0x0000000080c00000, 0x0000000080d00000, 0x0000000080d00000|100%| O|  |TAMS 0x0000000080d00000, 0x0000000080c00000| Untracked 
|  13|0x0000000080d00000, 0x0000000080e00000, 0x0000000080e00000|100%| O|  |TAMS 0x0000000080e00000, 0x0000000080d00000| Untracked 
|  14|0x0000000080e00000, 0x0000000080f00000, 0x0000000080f00000|100%| O|  |TAMS 0x0000000080f00000, 0x0000000080e00000| Untracked 
|  15|0x0000000080f00000, 0x0000000081000000, 0x0000000081000000|100%| O|  |TAMS 0x0000000081000000, 0x0000000080f00000| Untracked 
|  16|0x0000000081000000, 0x0000000081100000, 0x0000000081100000|100%| O|  |TAMS 0x0000000081100000, 0x0000000081000000| Untracked 
|  17|0x0000000081100000, 0x0000000081200000, 0x0000000081200000|100%| O|  |TAMS 0x0000000081200000, 0x0000000081100000| Untracked 
|  18|0x0000000081200000, 0x0000000081300000, 0x0000000081300000|100%| O|  |TAMS 0x0000000081300000, 0x0000000081200000| Untracked 
|  19|0x0000000081300000, 0x0000000081400000, 0x0000000081400000|100%| O|  |TAMS 0x0000000081400000, 0x0000000081300000| Untracked 
|  20|0x0000000081400000, 0x0000000081500000, 0x0000000081500000|100%| O|  |TAMS 0x0000000081500000, 0x0000000081400000| Untracked 
|  21|0x0000000081500000, 0x0000000081600000, 0x0000000081600000|100%| O|  |TAMS 0x0000000081600000, 0x0000000081500000| Untracked 
|  22|0x0000000081600000, 0x0000000081700000, 0x0000000081700000|100%| O|  |TAMS 0x0000000081700000, 0x0000000081600000| Untracked 
|  23|0x0000000081700000, 0x0000000081800000, 0x0000000081800000|100%| O|  |TAMS 0x0000000081800000, 0x0000000081700000| Untracked 
|  24|0x0000000081800000, 0x0000000081900000, 0x0000000081900000|100%| O|  |TAMS 0x0000000081900000, 0x0000000081800000| Untracked 
|  25|0x0000000081900000, 0x0000000081a00000, 0x0000000081a00000|100%| O|  |TAMS 0x0000000081a00000, 0x0000000081900000| Untracked 
|  26|0x0000000081a00000, 0x0000000081b00000, 0x0000000081b00000|100%| O|  |TAMS 0x0000000081b00000, 0x0000000081a00000| Untracked 
|  27|0x0000000081b00000, 0x0000000081c00000, 0x0000000081c00000|100%| O|  |TAMS 0x0000000081c00000, 0x0000000081b00000| Untracked 
|  28|0x0000000081c00000, 0x0000000081d00000, 0x0000000081d00000|100%| O|  |TAMS 0x0000000081d00000, 0x0000000081c00000| Untracked 
|  29|0x0000000081d00000, 0x0000000081e00000, 0x0000000081e00000|100%| O|  |TAMS 0x0000000081e00000, 0x0000000081d00000| Untracked 
|  30|0x0000000081e00000, 0x0000000081f00000, 0x0000000081f00000|100%| O|  |TAMS 0x0000000081f00000, 0x0000000081e00000| Untracked 
|  31|0x0000000081f00000, 0x0000000082000000, 0x0000000082000000|100%| O|  |TAMS 0x0000000082000000, 0x0000000081f00000| Untracked 
|  32|0x0000000082000000, 0x0000000082100000, 0x0000000082100000|100%| O|  |TAMS 0x0000000082100000, 0x0000000082000000| Untracked 
|  33|0x0000000082100000, 0x0000000082200000, 0x0000000082200000|100%| O|  |TAMS 0x0000000082200000, 0x0000000082100000| Untracked 
|  34|0x0000000082200000, 0x0000000082300000, 0x0000000082300000|100%| O|  |TAMS 0x0000000082300000, 0x0000000082200000| Untracked 
|  35|0x0000000082300000, 0x0000000082400000, 0x0000000082400000|100%| O|  |TAMS 0x0000000082400000, 0x0000000082300000| Untracked 
|  36|0x0000000082400000, 0x0000000082500000, 0x0000000082500000|100%| O|  |TAMS 0x0000000082500000, 0x0000000082400000| Untracked 
|  37|0x0000000082500000, 0x0000000082600000, 0x0000000082600000|100%| O|  |TAMS 0x0000000082600000, 0x0000000082500000| Untracked 
|  38|0x0000000082600000, 0x0000000082700000, 0x0000000082700000|100%| O|  |TAMS 0x0000000082700000, 0x0000000082600000| Untracked 
|  39|0x0000000082700000, 0x0000000082800000, 0x0000000082800000|100%| O|  |TAMS 0x0000000082800000, 0x0000000082700000| Untracked 
|  40|0x0000000082800000, 0x0000000082900000, 0x0000000082900000|100%| O|  |TAMS 0x0000000082800000, 0x0000000082800000| Untracked 
|  41|0x0000000082900000, 0x0000000082a00000, 0x0000000082a00000|100%| O|  |TAMS 0x0000000082a00000, 0x0000000082900000| Untracked 
|  42|0x0000000082a00000, 0x0000000082b00000, 0x0000000082b00000|100%|HS|  |TAMS 0x0000000082b00000, 0x0000000082a00000| Complete 
|  43|0x0000000082b00000, 0x0000000082c00000, 0x0000000082c00000|100%|HC|  |TAMS 0x0000000082c00000, 0x0000000082b00000| Complete 
|  44|0x0000000082c00000, 0x0000000082d00000, 0x0000000082d00000|100%|HS|  |TAMS 0x0000000082d00000, 0x0000000082c00000| Complete 
|  45|0x0000000082d00000, 0x0000000082e00000, 0x0000000082e00000|100%|HC|  |TAMS 0x0000000082e00000, 0x0000000082d00000| Complete 
|  46|0x0000000082e00000, 0x0000000082f00000, 0x0000000082f00000|100%|HS|  |TAMS 0x0000000082f00000, 0x0000000082e00000| Complete 
|  47|0x0000000082f00000, 0x0000000083000000, 0x0000000083000000|100%|HC|  |TAMS 0x0000000083000000, 0x0000000082f00000| Complete 
|  48|0x0000000083000000, 0x0000000083100000, 0x0000000083100000|100%|HC|  |TAMS 0x0000000083100000, 0x0000000083000000| Complete 
|  49|0x0000000083100000, 0x0000000083200000, 0x0000000083200000|100%|HC|  |TAMS 0x0000000083200000, 0x0000000083100000| Complete 
|  50|0x0000000083200000, 0x0000000083300000, 0x0000000083300000|100%| O|  |TAMS 0x0000000083300000, 0x0000000083200000| Untracked 
|  51|0x0000000083300000, 0x0000000083400000, 0x0000000083400000|100%| O|  |TAMS 0x0000000083400000, 0x0000000083300000| Untracked 
|  52|0x0000000083400000, 0x0000000083500000, 0x0000000083500000|100%| O|  |TAMS 0x0000000083500000, 0x0000000083400000| Untracked 
|  53|0x0000000083500000, 0x0000000083600000, 0x0000000083600000|100%| O|  |TAMS 0x0000000083600000, 0x0000000083500000| Untracked 
|  54|0x0000000083600000, 0x0000000083700000, 0x0000000083700000|100%|HS|  |TAMS 0x0000000083700000, 0x0000000083600000| Complete 
|  55|0x0000000083700000, 0x0000000083800000, 0x0000000083800000|100%|HC|  |TAMS 0x0000000083800000, 0x0000000083700000| Complete 
|  56|0x0000000083800000, 0x0000000083900000, 0x0000000083900000|100%|HC|  |TAMS 0x0000000083900000, 0x0000000083800000| Complete 
|  57|0x0000000083900000, 0x0000000083a00000, 0x0000000083a00000|100%|HC|  |TAMS 0x0000000083a00000, 0x0000000083900000| Complete 
|  58|0x0000000083a00000, 0x0000000083b00000, 0x0000000083b00000|100%| O|  |TAMS 0x0000000083b00000, 0x0000000083a00000| Untracked 
|  59|0x0000000083b00000, 0x0000000083c00000, 0x0000000083c00000|100%| O|  |TAMS 0x0000000083c00000, 0x0000000083b00000| Untracked 
|  60|0x0000000083c00000, 0x0000000083d00000, 0x0000000083d00000|100%| O|  |TAMS 0x0000000083d00000, 0x0000000083c00000| Untracked 
|  61|0x0000000083d00000, 0x0000000083e00000, 0x0000000083e00000|100%| O|  |TAMS 0x0000000083e00000, 0x0000000083d00000| Untracked 
|  62|0x0000000083e00000, 0x0000000083f00000, 0x0000000083f00000|100%| O|  |TAMS 0x0000000083f00000, 0x0000000083e00000| Untracked 
|  63|0x0000000083f00000, 0x0000000084000000, 0x0000000084000000|100%| O|  |TAMS 0x0000000084000000, 0x0000000083f00000| Untracked 
|  64|0x0000000084000000, 0x0000000084100000, 0x0000000084100000|100%| O|  |TAMS 0x0000000084100000, 0x0000000084000000| Untracked 
|  65|0x0000000084100000, 0x0000000084200000, 0x0000000084200000|100%| O|  |TAMS 0x0000000084200000, 0x0000000084100000| Untracked 
|  66|0x0000000084200000, 0x0000000084300000, 0x0000000084300000|100%|HS|  |TAMS 0x0000000084300000, 0x0000000084200000| Complete 
|  67|0x0000000084300000, 0x0000000084400000, 0x0000000084400000|100%|HS|  |TAMS 0x0000000084400000, 0x0000000084300000| Complete 
|  68|0x0000000084400000, 0x0000000084500000, 0x0000000084500000|100%| O|  |TAMS 0x0000000084500000, 0x0000000084400000| Untracked 
|  69|0x0000000084500000, 0x0000000084600000, 0x0000000084600000|100%|HS|  |TAMS 0x0000000084600000, 0x0000000084500000| Complete 
|  70|0x0000000084600000, 0x0000000084700000, 0x0000000084700000|100%| O|  |TAMS 0x0000000084700000, 0x0000000084600000| Untracked 
|  71|0x0000000084700000, 0x0000000084800000, 0x0000000084800000|100%| O|  |TAMS 0x0000000084800000, 0x0000000084700000| Untracked 
|  72|0x0000000084800000, 0x0000000084900000, 0x0000000084900000|100%| O|  |TAMS 0x0000000084900000, 0x0000000084800000| Untracked 
|  73|0x0000000084900000, 0x0000000084a00000, 0x0000000084a00000|100%| O|  |TAMS 0x0000000084a00000, 0x0000000084900000| Untracked 
|  74|0x0000000084a00000, 0x0000000084b00000, 0x0000000084b00000|100%| O|  |TAMS 0x0000000084b00000, 0x0000000084a00000| Untracked 
|  75|0x0000000084b00000, 0x0000000084c00000, 0x0000000084c00000|100%| O|  |TAMS 0x0000000084c00000, 0x0000000084b00000| Untracked 
|  76|0x0000000084c00000, 0x0000000084d00000, 0x0000000084d00000|100%| O|  |TAMS 0x0000000084d00000, 0x0000000084c00000| Untracked 
|  77|0x0000000084d00000, 0x0000000084e00000, 0x0000000084e00000|100%| O|  |TAMS 0x0000000084e00000, 0x0000000084d00000| Untracked 
|  78|0x0000000084e00000, 0x0000000084f00000, 0x0000000084f00000|100%| O|  |TAMS 0x0000000084f00000, 0x0000000084e00000| Untracked 
|  79|0x0000000084f00000, 0x0000000085000000, 0x0000000085000000|100%| O|  |TAMS 0x0000000085000000, 0x0000000084f00000| Untracked 
|  80|0x0000000085000000, 0x0000000085100000, 0x0000000085100000|100%| O|  |TAMS 0x0000000085100000, 0x0000000085000000| Untracked 
|  81|0x0000000085100000, 0x0000000085200000, 0x0000000085200000|100%| O|  |TAMS 0x0000000085200000, 0x0000000085100000| Untracked 
|  82|0x0000000085200000, 0x0000000085300000, 0x0000000085300000|100%| O|  |TAMS 0x0000000085300000, 0x0000000085200000| Untracked 
|  83|0x0000000085300000, 0x0000000085400000, 0x0000000085400000|100%| O|  |TAMS 0x0000000085400000, 0x0000000085300000| Untracked 
|  84|0x0000000085400000, 0x0000000085500000, 0x0000000085500000|100%| O|  |TAMS 0x0000000085400000, 0x0000000085400000| Untracked 
|  85|0x0000000085500000, 0x0000000085600000, 0x0000000085600000|100%| O|  |TAMS 0x0000000085600000, 0x0000000085500000| Untracked 
|  86|0x0000000085600000, 0x0000000085700000, 0x0000000085700000|100%| O|  |TAMS 0x0000000085700000, 0x0000000085600000| Untracked 
|  87|0x0000000085700000, 0x0000000085800000, 0x0000000085800000|100%| O|  |TAMS 0x0000000085800000, 0x0000000085700000| Untracked 
|  88|0x0000000085800000, 0x0000000085900000, 0x0000000085900000|100%| O|  |TAMS 0x0000000085900000, 0x0000000085800000| Untracked 
|  89|0x0000000085900000, 0x0000000085a00000, 0x0000000085a00000|100%| O|  |TAMS 0x0000000085a00000, 0x0000000085900000| Untracked 
|  90|0x0000000085a00000, 0x0000000085b00000, 0x0000000085b00000|100%|HS|  |TAMS 0x0000000085b00000, 0x0000000085a00000| Complete 
|  91|0x0000000085b00000, 0x0000000085c00000, 0x0000000085c00000|100%|HS|  |TAMS 0x0000000085c00000, 0x0000000085b00000| Complete 
|  92|0x0000000085c00000, 0x0000000085d00000, 0x0000000085d00000|100%| O|  |TAMS 0x0000000085c00000, 0x0000000085c00000| Untracked 
|  93|0x0000000085d00000, 0x0000000085e00000, 0x0000000085e00000|100%|HS|  |TAMS 0x0000000085e00000, 0x0000000085d00000| Complete 
|  94|0x0000000085e00000, 0x0000000085f00000, 0x0000000085f00000|100%|HC|  |TAMS 0x0000000085f00000, 0x0000000085e00000| Complete 
|  95|0x0000000085f00000, 0x0000000086000000, 0x0000000086000000|100%|HS|  |TAMS 0x0000000086000000, 0x0000000085f00000| Complete 
|  96|0x0000000086000000, 0x0000000086100000, 0x0000000086100000|100%| O|  |TAMS 0x0000000086100000, 0x0000000086000000| Untracked 
|  97|0x0000000086100000, 0x0000000086200000, 0x0000000086200000|100%| O|  |TAMS 0x0000000086200000, 0x0000000086100000| Untracked 
|  98|0x0000000086200000, 0x0000000086300000, 0x0000000086300000|100%| O|  |TAMS 0x0000000086300000, 0x0000000086200000| Untracked 
|  99|0x0000000086300000, 0x0000000086400000, 0x0000000086400000|100%| O|  |TAMS 0x0000000086400000, 0x0000000086300000| Untracked 
| 100|0x0000000086400000, 0x0000000086500000, 0x0000000086500000|100%| O|  |TAMS 0x0000000086500000, 0x0000000086400000| Untracked 
| 101|0x0000000086500000, 0x0000000086600000, 0x0000000086600000|100%| O|  |TAMS 0x0000000086600000, 0x0000000086500000| Untracked 
| 102|0x0000000086600000, 0x0000000086700000, 0x0000000086700000|100%| O|  |TAMS 0x0000000086700000, 0x0000000086600000| Untracked 
| 103|0x0000000086700000, 0x0000000086800000, 0x0000000086800000|100%| O|  |TAMS 0x0000000086800000, 0x0000000086700000| Untracked 
| 104|0x0000000086800000, 0x0000000086900000, 0x0000000086900000|100%| O|  |TAMS 0x0000000086900000, 0x0000000086800000| Untracked 
| 105|0x0000000086900000, 0x0000000086a00000, 0x0000000086a00000|100%| O|  |TAMS 0x0000000086a00000, 0x0000000086900000| Untracked 
| 106|0x0000000086a00000, 0x0000000086b00000, 0x0000000086b00000|100%| O|  |TAMS 0x0000000086b00000, 0x0000000086a00000| Untracked 
| 107|0x0000000086b00000, 0x0000000086c00000, 0x0000000086c00000|100%| O|  |TAMS 0x0000000086c00000, 0x0000000086b00000| Untracked 
| 108|0x0000000086c00000, 0x0000000086d00000, 0x0000000086d00000|100%| O|  |TAMS 0x0000000086d00000, 0x0000000086c00000| Untracked 
| 109|0x0000000086d00000, 0x0000000086e00000, 0x0000000086e00000|100%| O|  |TAMS 0x0000000086e00000, 0x0000000086d00000| Untracked 
| 110|0x0000000086e00000, 0x0000000086f00000, 0x0000000086f00000|100%| O|  |TAMS 0x0000000086f00000, 0x0000000086e00000| Untracked 
| 111|0x0000000086f00000, 0x0000000087000000, 0x0000000087000000|100%| O|  |TAMS 0x0000000087000000, 0x0000000086f00000| Untracked 
| 112|0x0000000087000000, 0x0000000087100000, 0x0000000087100000|100%| O|  |TAMS 0x0000000087100000, 0x0000000087000000| Untracked 
| 113|0x0000000087100000, 0x0000000087200000, 0x0000000087200000|100%| O|  |TAMS 0x0000000087100000, 0x0000000087100000| Untracked 
| 114|0x0000000087200000, 0x0000000087300000, 0x0000000087300000|100%| O|  |TAMS 0x0000000087200000, 0x0000000087200000| Untracked 
| 115|0x0000000087300000, 0x0000000087400000, 0x0000000087400000|100%| O|  |TAMS 0x0000000087300000, 0x0000000087300000| Untracked 
| 116|0x0000000087400000, 0x0000000087500000, 0x0000000087500000|100%| O|  |TAMS 0x0000000087400000, 0x0000000087400000| Untracked 
| 117|0x0000000087500000, 0x0000000087600000, 0x0000000087600000|100%| O|  |TAMS 0x0000000087500000, 0x0000000087500000| Untracked 
| 118|0x0000000087600000, 0x0000000087700000, 0x0000000087700000|100%| O|  |TAMS 0x0000000087700000, 0x0000000087600000| Untracked 
| 119|0x0000000087700000, 0x0000000087800000, 0x0000000087800000|100%| O|  |TAMS 0x0000000087800000, 0x0000000087700000| Untracked 
| 120|0x0000000087800000, 0x0000000087900000, 0x0000000087900000|100%| O|  |TAMS 0x0000000087900000, 0x0000000087800000| Untracked 
| 121|0x0000000087900000, 0x0000000087a00000, 0x0000000087a00000|100%| O|  |TAMS 0x0000000087a00000, 0x0000000087900000| Untracked 
| 122|0x0000000087a00000, 0x0000000087b00000, 0x0000000087b00000|100%| O|  |TAMS 0x0000000087a2fe00, 0x0000000087a00000| Untracked 
| 123|0x0000000087b00000, 0x0000000087c00000, 0x0000000087c00000|100%| O|  |TAMS 0x0000000087b00000, 0x0000000087b00000| Untracked 
| 124|0x0000000087c00000, 0x0000000087d00000, 0x0000000087d00000|100%| O|  |TAMS 0x0000000087c00000, 0x0000000087c00000| Untracked 
| 125|0x0000000087d00000, 0x0000000087e00000, 0x0000000087e00000|100%| O|  |TAMS 0x0000000087d00000, 0x0000000087d00000| Untracked 
| 126|0x0000000087e00000, 0x0000000087f00000, 0x0000000087f00000|100%| O|  |TAMS 0x0000000087e00000, 0x0000000087e00000| Untracked 
| 127|0x0000000087f00000, 0x0000000088000000, 0x0000000088000000|100%| O|  |TAMS 0x0000000087f00000, 0x0000000087f00000| Untracked 
| 128|0x0000000088000000, 0x0000000088100000, 0x0000000088100000|100%| O|  |TAMS 0x0000000088000000, 0x0000000088000000| Untracked 
| 129|0x0000000088100000, 0x0000000088200000, 0x0000000088200000|100%| O|  |TAMS 0x0000000088100000, 0x0000000088100000| Untracked 
| 130|0x0000000088200000, 0x0000000088300000, 0x0000000088300000|100%| O|  |TAMS 0x0000000088200000, 0x0000000088200000| Untracked 
| 131|0x0000000088300000, 0x0000000088400000, 0x0000000088400000|100%| O|  |TAMS 0x0000000088300000, 0x0000000088300000| Untracked 
| 132|0x0000000088400000, 0x0000000088500000, 0x0000000088500000|100%| O|  |TAMS 0x0000000088400000, 0x0000000088400000| Untracked 
| 133|0x0000000088500000, 0x0000000088600000, 0x0000000088600000|100%| O|  |TAMS 0x0000000088500000, 0x0000000088500000| Untracked 
| 134|0x0000000088600000, 0x0000000088700000, 0x0000000088700000|100%| O|  |TAMS 0x0000000088600000, 0x0000000088600000| Untracked 
| 135|0x0000000088700000, 0x0000000088800000, 0x0000000088800000|100%| O|  |TAMS 0x0000000088700000, 0x0000000088700000| Untracked 
| 136|0x0000000088800000, 0x0000000088900000, 0x0000000088900000|100%| O|  |TAMS 0x0000000088800000, 0x0000000088800000| Untracked 
| 137|0x0000000088900000, 0x0000000088a00000, 0x0000000088a00000|100%| O|  |TAMS 0x0000000088900000, 0x0000000088900000| Untracked 
| 138|0x0000000088a00000, 0x0000000088b00000, 0x0000000088b00000|100%| O|  |TAMS 0x0000000088a00000, 0x0000000088a00000| Untracked 
| 139|0x0000000088b00000, 0x0000000088c00000, 0x0000000088c00000|100%| O|  |TAMS 0x0000000088b00000, 0x0000000088b00000| Untracked 
| 140|0x0000000088c00000, 0x0000000088d00000, 0x0000000088d00000|100%| O|  |TAMS 0x0000000088c00000, 0x0000000088c00000| Untracked 
| 141|0x0000000088d00000, 0x0000000088e00000, 0x0000000088e00000|100%| O|  |TAMS 0x0000000088d00000, 0x0000000088d00000| Untracked 
| 142|0x0000000088e00000, 0x0000000088f00000, 0x0000000088f00000|100%| O|  |TAMS 0x0000000088e00000, 0x0000000088e00000| Untracked 
| 143|0x0000000088f00000, 0x0000000089000000, 0x0000000089000000|100%| O|  |TAMS 0x0000000088f00000, 0x0000000088f00000| Untracked 
| 144|0x0000000089000000, 0x0000000089100000, 0x0000000089100000|100%| O|  |TAMS 0x0000000089000000, 0x0000000089000000| Untracked 
| 145|0x0000000089100000, 0x0000000089200000, 0x0000000089200000|100%| O|  |TAMS 0x0000000089100000, 0x0000000089100000| Untracked 
| 146|0x0000000089200000, 0x0000000089300000, 0x0000000089300000|100%| O|  |TAMS 0x0000000089200000, 0x0000000089200000| Untracked 
| 147|0x0000000089300000, 0x0000000089400000, 0x0000000089400000|100%| O|  |TAMS 0x0000000089300000, 0x0000000089300000| Untracked 
| 148|0x0000000089400000, 0x0000000089500000, 0x0000000089500000|100%| O|  |TAMS 0x0000000089400000, 0x0000000089400000| Untracked 
| 149|0x0000000089500000, 0x0000000089600000, 0x0000000089600000|100%| O|  |TAMS 0x0000000089500000, 0x0000000089500000| Untracked 
| 150|0x0000000089600000, 0x0000000089700000, 0x0000000089700000|100%| O|  |TAMS 0x0000000089600000, 0x0000000089600000| Untracked 
| 151|0x0000000089700000, 0x0000000089800000, 0x0000000089800000|100%| O|  |TAMS 0x0000000089700000, 0x0000000089700000| Untracked 
| 152|0x0000000089800000, 0x0000000089900000, 0x0000000089900000|100%| O|  |TAMS 0x0000000089800000, 0x0000000089800000| Untracked 
| 153|0x0000000089900000, 0x0000000089a00000, 0x0000000089a00000|100%| O|  |TAMS 0x0000000089900000, 0x0000000089900000| Untracked 
| 154|0x0000000089a00000, 0x0000000089b00000, 0x0000000089b00000|100%| O|  |TAMS 0x0000000089a00000, 0x0000000089a00000| Untracked 
| 155|0x0000000089b00000, 0x0000000089c00000, 0x0000000089c00000|100%| O|  |TAMS 0x0000000089b00000, 0x0000000089b00000| Untracked 
| 156|0x0000000089c00000, 0x0000000089d00000, 0x0000000089d00000|100%| O|  |TAMS 0x0000000089c00000, 0x0000000089c00000| Untracked 
| 157|0x0000000089d00000, 0x0000000089e00000, 0x0000000089e00000|100%| O|  |TAMS 0x0000000089d00000, 0x0000000089d00000| Untracked 
| 158|0x0000000089e00000, 0x0000000089f00000, 0x0000000089f00000|100%| O|  |TAMS 0x0000000089e00000, 0x0000000089e00000| Untracked 
| 159|0x0000000089f00000, 0x000000008a000000, 0x000000008a000000|100%| O|  |TAMS 0x0000000089f00000, 0x0000000089f00000| Untracked 
| 160|0x000000008a000000, 0x000000008a000000, 0x000000008a100000|  0%| F|  |TAMS 0x000000008a000000, 0x000000008a000000| Untracked 
| 161|0x000000008a100000, 0x000000008a100000, 0x000000008a200000|  0%| F|  |TAMS 0x000000008a100000, 0x000000008a100000| Untracked 
| 162|0x000000008a200000, 0x000000008a200000, 0x000000008a300000|  0%| F|  |TAMS 0x000000008a200000, 0x000000008a200000| Untracked 
| 163|0x000000008a300000, 0x000000008a300000, 0x000000008a400000|  0%| F|  |TAMS 0x000000008a300000, 0x000000008a300000| Untracked 
| 164|0x000000008a400000, 0x000000008a500000, 0x000000008a500000|100%| O|  |TAMS 0x000000008a400000, 0x000000008a400000| Untracked 
| 165|0x000000008a500000, 0x000000008a600000, 0x000000008a600000|100%| O|  |TAMS 0x000000008a500000, 0x000000008a500000| Untracked 
| 166|0x000000008a600000, 0x000000008a700000, 0x000000008a700000|100%| O|  |TAMS 0x000000008a600000, 0x000000008a600000| Untracked 
| 167|0x000000008a700000, 0x000000008a800000, 0x000000008a800000|100%| O|  |TAMS 0x000000008a700000, 0x000000008a700000| Untracked 
| 168|0x000000008a800000, 0x000000008a851e00, 0x000000008a900000| 31%| O|  |TAMS 0x000000008a800000, 0x000000008a800000| Untracked 
| 169|0x000000008a900000, 0x000000008a900000, 0x000000008aa00000|  0%| F|  |TAMS 0x000000008a900000, 0x000000008a900000| Untracked 
| 170|0x000000008aa00000, 0x000000008aa00000, 0x000000008ab00000|  0%| F|  |TAMS 0x000000008aa00000, 0x000000008aa00000| Untracked 
| 171|0x000000008ab00000, 0x000000008ab00000, 0x000000008ac00000|  0%| F|  |TAMS 0x000000008ab00000, 0x000000008ab00000| Untracked 
| 172|0x000000008ac00000, 0x000000008ac00000, 0x000000008ad00000|  0%| F|  |TAMS 0x000000008ac00000, 0x000000008ac00000| Untracked 
| 173|0x000000008ad00000, 0x000000008ad00000, 0x000000008ae00000|  0%| F|  |TAMS 0x000000008ad00000, 0x000000008ad00000| Untracked 
| 174|0x000000008ae00000, 0x000000008ae00000, 0x000000008af00000|  0%| F|  |TAMS 0x000000008ae00000, 0x000000008ae00000| Untracked 
| 175|0x000000008af00000, 0x000000008af00000, 0x000000008b000000|  0%| F|  |TAMS 0x000000008af00000, 0x000000008af00000| Untracked 
| 176|0x000000008b000000, 0x000000008b000000, 0x000000008b100000|  0%| F|  |TAMS 0x000000008b000000, 0x000000008b000000| Untracked 
| 177|0x000000008b100000, 0x000000008b100000, 0x000000008b200000|  0%| F|  |TAMS 0x000000008b100000, 0x000000008b100000| Untracked 
| 178|0x000000008b200000, 0x000000008b200000, 0x000000008b300000|  0%| F|  |TAMS 0x000000008b200000, 0x000000008b200000| Untracked 
| 179|0x000000008b300000, 0x000000008b300000, 0x000000008b400000|  0%| F|  |TAMS 0x000000008b300000, 0x000000008b300000| Untracked 
| 180|0x000000008b400000, 0x000000008b400000, 0x000000008b500000|  0%| F|  |TAMS 0x000000008b400000, 0x000000008b400000| Untracked 
| 181|0x000000008b500000, 0x000000008b500000, 0x000000008b600000|  0%| F|  |TAMS 0x000000008b500000, 0x000000008b500000| Untracked 
| 182|0x000000008b600000, 0x000000008b600000, 0x000000008b700000|  0%| F|  |TAMS 0x000000008b600000, 0x000000008b600000| Untracked 
| 183|0x000000008b700000, 0x000000008b700000, 0x000000008b800000|  0%| F|  |TAMS 0x000000008b700000, 0x000000008b700000| Untracked 
| 184|0x000000008b800000, 0x000000008b800000, 0x000000008b900000|  0%| F|  |TAMS 0x000000008b800000, 0x000000008b800000| Untracked 
| 185|0x000000008b900000, 0x000000008b900000, 0x000000008ba00000|  0%| F|  |TAMS 0x000000008b900000, 0x000000008b900000| Untracked 
| 186|0x000000008ba00000, 0x000000008ba00000, 0x000000008bb00000|  0%| F|  |TAMS 0x000000008ba00000, 0x000000008ba00000| Untracked 
| 187|0x000000008bb00000, 0x000000008bb00000, 0x000000008bc00000|  0%| F|  |TAMS 0x000000008bb00000, 0x000000008bb00000| Untracked 
| 188|0x000000008bc00000, 0x000000008bc00000, 0x000000008bd00000|  0%| F|  |TAMS 0x000000008bc00000, 0x000000008bc00000| Untracked 
| 189|0x000000008bd00000, 0x000000008bd00000, 0x000000008be00000|  0%| F|  |TAMS 0x000000008bd00000, 0x000000008bd00000| Untracked 
| 190|0x000000008be00000, 0x000000008be00000, 0x000000008bf00000|  0%| F|  |TAMS 0x000000008be00000, 0x000000008be00000| Untracked 
| 191|0x000000008bf00000, 0x000000008bf00000, 0x000000008c000000|  0%| F|  |TAMS 0x000000008bf00000, 0x000000008bf00000| Untracked 
| 192|0x000000008c000000, 0x000000008c000000, 0x000000008c100000|  0%| F|  |TAMS 0x000000008c000000, 0x000000008c000000| Untracked 
| 193|0x000000008c100000, 0x000000008c100000, 0x000000008c200000|  0%| F|  |TAMS 0x000000008c100000, 0x000000008c100000| Untracked 
| 194|0x000000008c200000, 0x000000008c200000, 0x000000008c300000|  0%| F|  |TAMS 0x000000008c200000, 0x000000008c200000| Untracked 
| 195|0x000000008c300000, 0x000000008c300000, 0x000000008c400000|  0%| F|  |TAMS 0x000000008c300000, 0x000000008c300000| Untracked 
| 196|0x000000008c400000, 0x000000008c400000, 0x000000008c500000|  0%| F|  |TAMS 0x000000008c400000, 0x000000008c400000| Untracked 
| 197|0x000000008c500000, 0x000000008c500000, 0x000000008c600000|  0%| F|  |TAMS 0x000000008c500000, 0x000000008c500000| Untracked 
| 198|0x000000008c600000, 0x000000008c600000, 0x000000008c700000|  0%| F|  |TAMS 0x000000008c600000, 0x000000008c600000| Untracked 
| 199|0x000000008c700000, 0x000000008c700000, 0x000000008c800000|  0%| F|  |TAMS 0x000000008c700000, 0x000000008c700000| Untracked 
| 200|0x000000008c800000, 0x000000008c8caad0, 0x000000008c900000| 79%| S|CS|TAMS 0x000000008c800000, 0x000000008c800000| Complete 
| 201|0x000000008c900000, 0x000000008ca00000, 0x000000008ca00000|100%| S|CS|TAMS 0x000000008c900000, 0x000000008c900000| Complete 
| 202|0x000000008ca00000, 0x000000008cb00000, 0x000000008cb00000|100%| S|CS|TAMS 0x000000008ca00000, 0x000000008ca00000| Complete 
| 203|0x000000008cb00000, 0x000000008cc00000, 0x000000008cc00000|100%| S|CS|TAMS 0x000000008cb00000, 0x000000008cb00000| Complete 
| 204|0x000000008cc00000, 0x000000008cd00000, 0x000000008cd00000|100%| S|CS|TAMS 0x000000008cc00000, 0x000000008cc00000| Complete 
| 205|0x000000008cd00000, 0x000000008cd00000, 0x000000008ce00000|  0%| F|  |TAMS 0x000000008cd00000, 0x000000008cd00000| Untracked 
| 206|0x000000008ce00000, 0x000000008ce00000, 0x000000008cf00000|  0%| F|  |TAMS 0x000000008ce00000, 0x000000008ce00000| Untracked 
| 207|0x000000008cf00000, 0x000000008cf00000, 0x000000008d000000|  0%| F|  |TAMS 0x000000008cf00000, 0x000000008cf00000| Untracked 
| 208|0x000000008d000000, 0x000000008d02b560, 0x000000008d100000| 16%| E|  |TAMS 0x000000008d000000, 0x000000008d000000| Complete 
| 209|0x000000008d100000, 0x000000008d200000, 0x000000008d200000|100%| E|CS|TAMS 0x000000008d100000, 0x000000008d100000| Complete 
| 210|0x000000008d200000, 0x000000008d300000, 0x000000008d300000|100%| E|CS|TAMS 0x000000008d200000, 0x000000008d200000| Complete 
| 211|0x000000008d300000, 0x000000008d400000, 0x000000008d400000|100%| E|CS|TAMS 0x000000008d300000, 0x000000008d300000| Complete 
| 212|0x000000008d400000, 0x000000008d500000, 0x000000008d500000|100%| E|CS|TAMS 0x000000008d400000, 0x000000008d400000| Complete 
| 213|0x000000008d500000, 0x000000008d600000, 0x000000008d600000|100%| E|CS|TAMS 0x000000008d500000, 0x000000008d500000| Complete 
| 214|0x000000008d600000, 0x000000008d700000, 0x000000008d700000|100%| E|CS|TAMS 0x000000008d600000, 0x000000008d600000| Complete 
| 215|0x000000008d700000, 0x000000008d800000, 0x000000008d800000|100%| E|CS|TAMS 0x000000008d700000, 0x000000008d700000| Complete 
| 216|0x000000008d800000, 0x000000008d900000, 0x000000008d900000|100%| E|CS|TAMS 0x000000008d800000, 0x000000008d800000| Complete 
| 217|0x000000008d900000, 0x000000008da00000, 0x000000008da00000|100%| E|CS|TAMS 0x000000008d900000, 0x000000008d900000| Complete 
| 218|0x000000008da00000, 0x000000008db00000, 0x000000008db00000|100%| E|CS|TAMS 0x000000008da00000, 0x000000008da00000| Complete 
| 219|0x000000008db00000, 0x000000008dc00000, 0x000000008dc00000|100%| E|CS|TAMS 0x000000008db00000, 0x000000008db00000| Complete 
| 220|0x000000008dc00000, 0x000000008dd00000, 0x000000008dd00000|100%| E|CS|TAMS 0x000000008dc00000, 0x000000008dc00000| Complete 
| 221|0x000000008dd00000, 0x000000008de00000, 0x000000008de00000|100%| E|CS|TAMS 0x000000008dd00000, 0x000000008dd00000| Complete 
| 222|0x000000008de00000, 0x000000008df00000, 0x000000008df00000|100%| E|CS|TAMS 0x000000008de00000, 0x000000008de00000| Complete 
| 223|0x000000008df00000, 0x000000008e000000, 0x000000008e000000|100%| E|CS|TAMS 0x000000008df00000, 0x000000008df00000| Complete 
| 224|0x000000008e000000, 0x000000008e100000, 0x000000008e100000|100%| E|CS|TAMS 0x000000008e000000, 0x000000008e000000| Complete 
| 225|0x000000008e100000, 0x000000008e200000, 0x000000008e200000|100%| E|CS|TAMS 0x000000008e100000, 0x000000008e100000| Complete 
| 226|0x000000008e200000, 0x000000008e300000, 0x000000008e300000|100%| E|CS|TAMS 0x000000008e200000, 0x000000008e200000| Complete 
| 227|0x000000008e300000, 0x000000008e400000, 0x000000008e400000|100%| E|CS|TAMS 0x000000008e300000, 0x000000008e300000| Complete 
| 228|0x000000008e400000, 0x000000008e500000, 0x000000008e500000|100%| E|CS|TAMS 0x000000008e400000, 0x000000008e400000| Complete 
| 229|0x000000008e500000, 0x000000008e600000, 0x000000008e600000|100%| E|CS|TAMS 0x000000008e500000, 0x000000008e500000| Complete 
| 230|0x000000008e600000, 0x000000008e700000, 0x000000008e700000|100%| E|CS|TAMS 0x000000008e600000, 0x000000008e600000| Complete 
| 231|0x000000008e700000, 0x000000008e800000, 0x000000008e800000|100%| E|CS|TAMS 0x000000008e700000, 0x000000008e700000| Complete 
| 232|0x000000008e800000, 0x000000008e900000, 0x000000008e900000|100%| E|CS|TAMS 0x000000008e800000, 0x000000008e800000| Complete 
| 233|0x000000008e900000, 0x000000008ea00000, 0x000000008ea00000|100%| E|CS|TAMS 0x000000008e900000, 0x000000008e900000| Complete 
| 234|0x000000008ea00000, 0x000000008eb00000, 0x000000008eb00000|100%| E|CS|TAMS 0x000000008ea00000, 0x000000008ea00000| Complete 
| 235|0x000000008eb00000, 0x000000008ec00000, 0x000000008ec00000|100%| E|CS|TAMS 0x000000008eb00000, 0x000000008eb00000| Complete 
| 236|0x000000008ec00000, 0x000000008ed00000, 0x000000008ed00000|100%| E|CS|TAMS 0x000000008ec00000, 0x000000008ec00000| Complete 
| 237|0x000000008ed00000, 0x000000008ee00000, 0x000000008ee00000|100%| E|CS|TAMS 0x000000008ed00000, 0x000000008ed00000| Complete 
| 238|0x000000008ee00000, 0x000000008ef00000, 0x000000008ef00000|100%| E|CS|TAMS 0x000000008ee00000, 0x000000008ee00000| Complete 
| 239|0x000000008ef00000, 0x000000008f000000, 0x000000008f000000|100%| E|  |TAMS 0x000000008ef00000, 0x000000008ef00000| Complete 
| 240|0x000000008f000000, 0x000000008f100000, 0x000000008f100000|100%| E|CS|TAMS 0x000000008f000000, 0x000000008f000000| Complete 
| 241|0x000000008f100000, 0x000000008f200000, 0x000000008f200000|100%| E|CS|TAMS 0x000000008f100000, 0x000000008f100000| Complete 
| 254|0x000000008fe00000, 0x000000008ff00000, 0x000000008ff00000|100%| E|CS|TAMS 0x000000008fe00000, 0x000000008fe00000| Complete 
| 255|0x000000008ff00000, 0x0000000090000000, 0x0000000090000000|100%| E|CS|TAMS 0x000000008ff00000, 0x000000008ff00000| Complete 

Card table byte_map: [0x00000224606f0000,0x0000022460af0000] _byte_map_base: 0x00000224602f0000

Marking Bits (Prev, Next): (CMBitMap*) 0x0000022449851360, (CMBitMap*) 0x00000224498513a0
 Prev Bits: [0x0000022460ef0000, 0x0000022462ef0000)
 Next Bits: [0x0000022462ef0000, 0x0000022464ef0000)

Polling page: 0x0000022447590000

Metaspace:

Usage:
  Non-class:     86.73 MB used.
      Class:     13.96 MB used.
       Both:    100.69 MB used.

Virtual space:
  Non-class space:      128.00 MB reserved,      87.31 MB ( 68%) committed,  2 nodes.
      Class space:      416.00 MB reserved,      14.50 MB (  3%) committed,  1 nodes.
             Both:      544.00 MB reserved,     101.81 MB ( 19%) committed. 

Chunk freelists:
   Non-Class:  8.67 MB
       Class:  1.48 MB
        Both:  10.15 MB

MaxMetaspaceSize: 512.00 MB
CompressedClassSpaceSize: 416.00 MB
Initial GC threshold: 21.00 MB
Current GC threshold: 158.88 MB
CDS: on
MetaspaceReclaimPolicy: balanced
 - commit_granule_bytes: 65536.
 - commit_granule_words: 8192.
 - virtual_space_node_default_size: 8388608.
 - enlarge_chunks_in_place: 1.
 - new_chunks_are_fully_committed: 0.
 - uncommit_free_chunks: 1.
 - use_allocation_guard: 0.
 - handle_deallocations: 1.


Internal statistics:

num_allocs_failed_limit: 6.
num_arena_births: 1378.
num_arena_deaths: 0.
num_vsnodes_births: 3.
num_vsnodes_deaths: 0.
num_space_committed: 1629.
num_space_uncommitted: 0.
num_chunks_returned_to_freelist: 6.
num_chunks_taken_from_freelist: 5845.
num_chunk_merges: 6.
num_chunk_splits: 3769.
num_chunks_enlarged: 2396.
num_inconsistent_stats: 0.

CodeHeap 'non-profiled nmethods': size=120000Kb used=9771Kb max_used=9771Kb free=110228Kb
 bounds [0x0000022458dc0000, 0x0000022459750000, 0x00000224602f0000]
CodeHeap 'profiled nmethods': size=120000Kb used=26625Kb max_used=26625Kb free=93374Kb
 bounds [0x00000224512f0000, 0x0000022452d00000, 0x0000022458820000]
CodeHeap 'non-nmethods': size=5760Kb used=2422Kb max_used=2502Kb free=3337Kb
 bounds [0x0000022458820000, 0x0000022458ab0000, 0x0000022458dc0000]
 total_blobs=14526 nmethods=13568 adapters=870
 compilation: enabled
              stopped_count=0, restarted_count=0
 full_count=0

Compilation events (20 events):
Event: 143.401 Thread 0x0000022467402d60 nmethod 15666 0x000002245973cb10 code [0x000002245973ccc0, 0x000002245973d368]
Event: 143.401 Thread 0x0000022467402d60 15667   !   4       com.google.common.cache.LocalCache$Segment::storeLoadedValue (371 bytes)
Event: 143.452 Thread 0x000002246c710970 nmethod 15657 0x000002245973d810 code [0x000002245973db20, 0x00000224597406a0]
Event: 143.453 Thread 0x000002246c710970 15670       4       com.esotericsoftware.kryo.io.Input::readVarLong (329 bytes)
Event: 143.464 Thread 0x000002246c710970 nmethod 15670 0x0000022459741d90 code [0x0000022459741f40, 0x0000022459742508]
Event: 143.464 Thread 0x000002246c710970 15669   !   4       org.gradle.internal.concurrent.ExecutorPolicy$CatchAndRecordFailures::onExecute (29 bytes)
Event: 143.467 Thread 0x000002246c710970 nmethod 15669 0x0000022459742990 code [0x0000022459742b20, 0x0000022459742c98]
Event: 143.467 Thread 0x000002246c710970 15627       4       org.gradle.cache.internal.AsyncCacheAccessDecoratedCache$$Lambda$512/0x00000224014808d0::create (12 bytes)
Event: 143.511 Thread 0x0000022467405730 15672       3       org.gradle.api.internal.artifacts.transform.TransformingAsyncArtifactListener$TransformedArtifact::run (6 bytes)
Event: 143.512 Thread 0x0000022467405730 nmethod 15672 0x0000022452cb4490 code [0x0000022452cb4620, 0x0000022452cb4768]
Event: 143.512 Thread 0x0000022467405730 15673       3       org.gradle.api.internal.artifacts.transform.TransformingAsyncArtifactListener$TransformedArtifact::description (6 bytes)
Event: 143.512 Thread 0x0000022467405730 nmethod 15673 0x0000022452cb4810 code [0x0000022452cb49e0, 0x0000022452cb4e18]
Event: 143.518 Thread 0x0000022467405730 15674       3       org.gradle.api.internal.artifacts.transform.TransformExecutionResult$Builder$ProducedOutputOnlyResult::resolveOutputsForInputArtifact (5 bytes)
Event: 143.518 Thread 0x0000022467405730 nmethod 15674 0x0000022452cb4f90 code [0x0000022452cb5120, 0x0000022452cb5238]
Event: 143.536 Thread 0x0000022467405730 15675       3       com.google.common.collect.ImmutableMultimap$1::<init> (39 bytes)
Event: 143.537 Thread 0x0000022467405730 nmethod 15675 0x0000022452cb5310 code [0x0000022452cb5500, 0x0000022452cb5a78]
Event: 143.537 Thread 0x0000022467405730 15676   !   3       sun.nio.fs.WindowsChannelFactory::open (457 bytes)
Event: 143.539 Thread 0x0000022467405730 nmethod 15676 0x0000022452cb5c90 code [0x0000022452cb5f80, 0x0000022452cb7428]
Event: 143.580 Thread 0x0000022467405730 15681   !   3       sun.nio.cs.StreamDecoder::close (48 bytes)
Event: 143.581 Thread 0x0000022467405730 nmethod 15681 0x0000022452cb7b90 code [0x0000022452cb7d80, 0x0000022452cb82d8]

GC Heap History (20 events):
Event: 126.483 GC heap before
{Heap before GC invocations=36 (full 0):
 garbage-first heap   total 231424K, used 195097K [0x0000000080000000, 0x0000000100000000)
  region size 1024K, 96 young (98304K), 13 survivors (13312K)
 Metaspace       used 92303K, committed 93312K, reserved 557056K
  class space    used 12930K, committed 13376K, reserved 425984K
}
Event: 126.530 GC heap after
{Heap after GC invocations=37 (full 0):
 garbage-first heap   total 231424K, used 131263K [0x0000000080000000, 0x0000000100000000)
  region size 1024K, 12 young (12288K), 12 survivors (12288K)
 Metaspace       used 92303K, committed 93312K, reserved 557056K
  class space    used 12930K, committed 13376K, reserved 425984K
}
Event: 128.864 GC heap before
{Heap before GC invocations=37 (full 0):
 garbage-first heap   total 231424K, used 183487K [0x0000000080000000, 0x0000000100000000)
  region size 1024K, 63 young (64512K), 12 survivors (12288K)
 Metaspace       used 95817K, committed 96832K, reserved 557056K
  class space    used 13363K, committed 13824K, reserved 425984K
}
Event: 128.893 GC heap after
{Heap after GC invocations=38 (full 0):
 garbage-first heap   total 231424K, used 140219K [0x0000000080000000, 0x0000000100000000)
  region size 1024K, 8 young (8192K), 8 survivors (8192K)
 Metaspace       used 95817K, committed 96832K, reserved 557056K
  class space    used 13363K, committed 13824K, reserved 425984K
}
Event: 131.486 GC heap before
{Heap before GC invocations=39 (full 0):
 garbage-first heap   total 249856K, used 185275K [0x0000000080000000, 0x0000000100000000)
  region size 1024K, 52 young (53248K), 8 survivors (8192K)
 Metaspace       used 98847K, committed 99904K, reserved 557056K
  class space    used 13823K, committed 14336K, reserved 425984K
}
Event: 131.517 GC heap after
{Heap after GC invocations=40 (full 0):
 garbage-first heap   total 249856K, used 144372K [0x0000000080000000, 0x0000000100000000)
  region size 1024K, 4 young (4096K), 4 survivors (4096K)
 Metaspace       used 98847K, committed 99904K, reserved 557056K
  class space    used 13823K, committed 14336K, reserved 425984K
}
Event: 131.849 GC heap before
{Heap before GC invocations=40 (full 0):
 garbage-first heap   total 249856K, used 152564K [0x0000000080000000, 0x0000000100000000)
  region size 1024K, 12 young (12288K), 4 survivors (4096K)
 Metaspace       used 99001K, committed 100032K, reserved 557056K
  class space    used 13843K, committed 14336K, reserved 425984K
}
Event: 131.870 GC heap after
{Heap after GC invocations=41 (full 0):
 garbage-first heap   total 249856K, used 144741K [0x0000000080000000, 0x0000000100000000)
  region size 1024K, 2 young (2048K), 2 survivors (2048K)
 Metaspace       used 99001K, committed 100032K, reserved 557056K
  class space    used 13843K, committed 14336K, reserved 425984K
}
Event: 134.381 GC heap before
{Heap before GC invocations=41 (full 0):
 garbage-first heap   total 249856K, used 201061K [0x0000000080000000, 0x0000000100000000)
  region size 1024K, 57 young (58368K), 2 survivors (2048K)
 Metaspace       used 101201K, committed 102272K, reserved 557056K
  class space    used 14106K, committed 14592K, reserved 425984K
}
Event: 134.404 GC heap after
{Heap after GC invocations=42 (full 0):
 garbage-first heap   total 249856K, used 150969K [0x0000000080000000, 0x0000000100000000)
  region size 1024K, 8 young (8192K), 8 survivors (8192K)
 Metaspace       used 101201K, committed 102272K, reserved 557056K
  class space    used 14106K, committed 14592K, reserved 425984K
}
Event: 136.932 GC heap before
{Heap before GC invocations=42 (full 0):
 garbage-first heap   total 249856K, used 203193K [0x0000000080000000, 0x0000000100000000)
  region size 1024K, 59 young (60416K), 8 survivors (8192K)
 Metaspace       used 101598K, committed 102656K, reserved 557056K
  class space    used 14127K, committed 14656K, reserved 425984K
}
Event: 136.958 GC heap after
{Heap after GC invocations=43 (full 0):
 garbage-first heap   total 249856K, used 155841K [0x0000000080000000, 0x0000000100000000)
  region size 1024K, 5 young (5120K), 5 survivors (5120K)
 Metaspace       used 101598K, committed 102656K, reserved 557056K
  class space    used 14127K, committed 14656K, reserved 425984K
}
Event: 139.054 GC heap before
{Heap before GC invocations=43 (full 0):
 garbage-first heap   total 249856K, used 203969K [0x0000000080000000, 0x0000000100000000)
  region size 1024K, 53 young (54272K), 5 survivors (5120K)
 Metaspace       used 102479K, committed 103616K, reserved 557056K
  class space    used 14245K, committed 14784K, reserved 425984K
}
Event: 139.075 GC heap after
{Heap after GC invocations=44 (full 0):
 garbage-first heap   total 249856K, used 162449K [0x0000000080000000, 0x0000000100000000)
  region size 1024K, 6 young (6144K), 6 survivors (6144K)
 Metaspace       used 102479K, committed 103616K, reserved 557056K
  class space    used 14245K, committed 14784K, reserved 425984K
}
Event: 140.656 GC heap before
{Heap before GC invocations=44 (full 0):
 garbage-first heap   total 249856K, used 206481K [0x0000000080000000, 0x0000000100000000)
  region size 1024K, 50 young (51200K), 6 survivors (6144K)
 Metaspace       used 102803K, committed 103936K, reserved 557056K
  class space    used 14247K, committed 14784K, reserved 425984K
}
Event: 140.674 GC heap after
{Heap after GC invocations=45 (full 0):
 garbage-first heap   total 249856K, used 164864K [0x0000000080000000, 0x0000000100000000)
  region size 1024K, 3 young (3072K), 3 survivors (3072K)
 Metaspace       used 102803K, committed 103936K, reserved 557056K
  class space    used 14247K, committed 14784K, reserved 425984K
}
Event: 141.968 GC heap before
{Heap before GC invocations=45 (full 0):
 garbage-first heap   total 249856K, used 208896K [0x0000000080000000, 0x0000000100000000)
  region size 1024K, 47 young (48128K), 3 survivors (3072K)
 Metaspace       used 103045K, committed 104192K, reserved 557056K
  class space    used 14296K, committed 14848K, reserved 425984K
}
Event: 141.985 GC heap after
{Heap after GC invocations=46 (full 0):
 garbage-first heap   total 249856K, used 169674K [0x0000000080000000, 0x0000000100000000)
  region size 1024K, 6 young (6144K), 6 survivors (6144K)
 Metaspace       used 103045K, committed 104192K, reserved 557056K
  class space    used 14296K, committed 14848K, reserved 425984K
}
Event: 142.990 GC heap before
{Heap before GC invocations=46 (full 0):
 garbage-first heap   total 249856K, used 213706K [0x0000000080000000, 0x0000000100000000)
  region size 1024K, 45 young (46080K), 6 survivors (6144K)
 Metaspace       used 103049K, committed 104192K, reserved 557056K
  class space    used 14296K, committed 14848K, reserved 425984K
}
Event: 143.006 GC heap after
{Heap after GC invocations=47 (full 0):
 garbage-first heap   total 249856K, used 173170K [0x0000000080000000, 0x0000000100000000)
  region size 1024K, 5 young (5120K), 5 survivors (5120K)
 Metaspace       used 103049K, committed 104192K, reserved 557056K
  class space    used 14296K, committed 14848K, reserved 425984K
}

Dll operation events (14 events):
Event: 0.016 Loaded shared library C:\Program Files\Microsoft\jdk-17.0.8.7-hotspot\bin\java.dll
Event: 0.070 Loaded shared library C:\Program Files\Microsoft\jdk-17.0.8.7-hotspot\bin\jsvml.dll
Event: 0.305 Loaded shared library C:\Program Files\Microsoft\jdk-17.0.8.7-hotspot\bin\zip.dll
Event: 0.336 Loaded shared library C:\Program Files\Microsoft\jdk-17.0.8.7-hotspot\bin\instrument.dll
Event: 0.347 Loaded shared library C:\Program Files\Microsoft\jdk-17.0.8.7-hotspot\bin\net.dll
Event: 0.350 Loaded shared library C:\Program Files\Microsoft\jdk-17.0.8.7-hotspot\bin\nio.dll
Event: 0.388 Loaded shared library C:\Program Files\Microsoft\jdk-17.0.8.7-hotspot\bin\zip.dll
Event: 1.941 Loaded shared library C:\Program Files\Microsoft\jdk-17.0.8.7-hotspot\bin\jimage.dll
Event: 2.583 Loaded shared library C:\Program Files\Microsoft\jdk-17.0.8.7-hotspot\bin\verify.dll
Event: 3.604 Loaded shared library C:\Users\Ibtasam\.gradle\native\68d5fa5c4cc2d200863cafc0d521ce42e7d3e7ee720ec0a83991735586a16f82\windows-amd64\native-platform.dll
Event: 3.613 Loaded shared library C:\Users\Ibtasam\.gradle\native\e376f236ea51e6404a007f0833ffe2c6e607c4080706a723a18a27aeea778392\windows-amd64\native-platform-file-events.dll
Event: 9.577 Loaded shared library C:\Program Files\Microsoft\jdk-17.0.8.7-hotspot\bin\management.dll
Event: 9.582 Loaded shared library C:\Program Files\Microsoft\jdk-17.0.8.7-hotspot\bin\management_ext.dll
Event: 11.165 Loaded shared library C:\Program Files\Microsoft\jdk-17.0.8.7-hotspot\bin\sunmscapi.dll

Deoptimization events (20 events):
Event: 141.043 Thread 0x000002246ed684b0 Uncommon trap: trap_request=0xffffffc6 fr.pc=0x000002245969a5c4 relative=0x0000000000000fa4
Event: 141.043 Thread 0x000002246ed684b0 Uncommon trap: reason=bimorphic_or_optimized_type_check action=maybe_recompile pc=0x000002245969a5c4 method=org.gradle.execution.plan.ActionNode.hasPendingPreExecutionNodes()Z @ 11 c2
Event: 141.043 Thread 0x000002246ed684b0 DEOPT PACKING pc=0x000002245969a5c4 sp=0x000000ed569fde00
Event: 141.043 Thread 0x000002246ed684b0 DEOPT UNPACKING pc=0x00000224588769a3 sp=0x000000ed569fdd98 mode 2
Event: 141.049 Thread 0x000002246ed684b0 Uncommon trap: trap_request=0xffffffc6 fr.pc=0x00000224596317c0 relative=0x00000000000000a0
Event: 141.049 Thread 0x000002246ed684b0 Uncommon trap: reason=bimorphic_or_optimized_type_check action=maybe_recompile pc=0x00000224596317c0 method=org.gradle.execution.plan.ActionNode.hasPendingPreExecutionNodes()Z @ 11 c2
Event: 141.049 Thread 0x000002246ed684b0 DEOPT PACKING pc=0x00000224596317c0 sp=0x000000ed569fde00
Event: 141.049 Thread 0x000002246ed684b0 DEOPT UNPACKING pc=0x00000224588769a3 sp=0x000000ed569fdd90 mode 2
Event: 141.279 Thread 0x000002246ed68ed0 Uncommon trap: trap_request=0xffffff45 fr.pc=0x00000224594026d0 relative=0x0000000000001e70
Event: 141.279 Thread 0x000002246ed68ed0 Uncommon trap: reason=unstable_if action=reinterpret pc=0x00000224594026d0 method=java.util.concurrent.locks.AbstractQueuedSynchronizer.hasQueuedPredecessors()Z @ 33 c2
Event: 141.279 Thread 0x000002246ed68ed0 DEOPT PACKING pc=0x00000224594026d0 sp=0x000000ed56bf7e60
Event: 141.279 Thread 0x000002246ed68ed0 DEOPT UNPACKING pc=0x00000224588769a3 sp=0x000000ed56bf7d30 mode 2
Event: 141.732 Thread 0x000002246e08fae0 DEOPT PACKING pc=0x0000022451a3cedc sp=0x000000ed53dfeab0
Event: 141.732 Thread 0x000002246e08fae0 DEOPT UNPACKING pc=0x0000022458877143 sp=0x000000ed53dfdff0 mode 0
Event: 142.947 Thread 0x000002246daef060 Uncommon trap: trap_request=0xffffff45 fr.pc=0x0000022459265120 relative=0x0000000000003940
Event: 142.947 Thread 0x000002246daef060 Uncommon trap: reason=unstable_if action=reinterpret pc=0x0000022459265120 method=org.gradle.internal.io.StreamByteBuffer.allocateSpace()I @ 43 c2
Event: 142.947 Thread 0x000002246daef060 DEOPT PACKING pc=0x0000022459265120 sp=0x000000ed551feb90
Event: 142.947 Thread 0x000002246daef060 DEOPT UNPACKING pc=0x00000224588769a3 sp=0x000000ed551fe8a0 mode 2
Event: 143.050 Thread 0x0000022470d94660 DEOPT PACKING pc=0x0000022451a658fb sp=0x000000ed57bfdbb0
Event: 143.050 Thread 0x0000022470d94660 DEOPT UNPACKING pc=0x0000022458877143 sp=0x000000ed57bfd0d0 mode 0

Classes unloaded (0 events):
No events

Classes redefined (0 events):
No events

Internal exceptions (20 events):
Event: 131.885 Thread 0x000002246ca762e0 Implicit null exception at 0x0000022458f5d343 to 0x0000022458f5d3f7
Event: 133.082 Thread 0x000002246ca762e0 Implicit null exception at 0x000002245918649f to 0x0000022459186b30
Event: 133.966 Thread 0x000002246ca762e0 Exception <a 'java/lang/IncompatibleClassChangeError'{0x000000008c4f7338}: Found class java.lang.Object, but interface was expected> (0x000000008c4f7338) 
thrown [s\src\hotspot\share\interpreter\linkResolver.cpp, line 826]
Event: 134.435 Thread 0x000002246ca762e0 Exception <a 'sun/nio/fs/WindowsException'{0x000000008ffb7fd8}> (0x000000008ffb7fd8) 
thrown [s\src\hotspot\share\prims\jni.cpp, line 516]
Event: 134.435 Thread 0x000002246ca762e0 Exception <a 'sun/nio/fs/WindowsException'{0x000000008ffb9628}> (0x000000008ffb9628) 
thrown [s\src\hotspot\share\prims\jni.cpp, line 516]
Event: 134.436 Thread 0x000002246ca762e0 Exception <a 'sun/nio/fs/WindowsException'{0x000000008ffbacc8}> (0x000000008ffbacc8) 
thrown [s\src\hotspot\share\prims\jni.cpp, line 516]
Event: 134.436 Thread 0x000002246ca762e0 Exception <a 'sun/nio/fs/WindowsException'{0x000000008ffbc368}> (0x000000008ffbc368) 
thrown [s\src\hotspot\share\prims\jni.cpp, line 516]
Event: 138.067 Thread 0x000002246ed693e0 Exception <a 'java/lang/NoSuchMethodError'{0x000000008d92ba90}: 'void java.lang.invoke.DirectMethodHandle$Holder.invokeStatic(java.lang.Object, java.lang.Object, java.lang.Object, java.lang.Object, int, java.lang.Object, java.lang.Object)'> (0x000000008d92ba90) 
thrown [s\src\hotspot\share\interpreter\linkResolver.cpp, line 759]
Event: 138.292 Thread 0x000002246ed642e0 Exception <a 'java/lang/NoSuchMethodError'{0x000000008d69d408}: 'java.lang.Object java.lang.invoke.DirectMethodHandle$Holder.invokeSpecialIFC(java.lang.Object, java.lang.Object, java.lang.Object)'> (0x000000008d69d408) 
thrown [s\src\hotspot\share\interpreter\linkResolver.cpp, line 759]
Event: 138.292 Thread 0x0000022477e81af0 Exception <a 'java/lang/NoSuchMethodError'{0x000000008d6b8b70}: 'java.lang.Object java.lang.invoke.DirectMethodHandle$Holder.invokeSpecialIFC(java.lang.Object, java.lang.Object, java.lang.Object)'> (0x000000008d6b8b70) 
thrown [s\src\hotspot\share\interpreter\linkResolver.cpp, line 759]
Event: 138.735 Thread 0x0000022477e81af0 Exception <a 'java/lang/NoSuchMethodError'{0x000000008cd41a00}: 'void java.lang.invoke.DirectMethodHandle$Holder.invokeVirtual(java.lang.Object, java.lang.Object)'> (0x000000008cd41a00) 
thrown [s\src\hotspot\share\interpreter\linkResolver.cpp, line 759]
Event: 139.422 Thread 0x000002246ed68ed0 Implicit null exception at 0x000002245964e254 to 0x000002245964e2b4
Event: 139.422 Thread 0x000002246ed68ed0 Implicit null exception at 0x00000224596119d0 to 0x0000022459611a20
Event: 140.941 Thread 0x000002246ed684b0 Exception <a 'java/lang/ClassNotFoundException'{0x000000008ec55e88}: groovy/util/FileTreeBuilderBeanInfo> (0x000000008ec55e88) 
thrown [s\src\hotspot\share\classfile\systemDictionary.cpp, line 256]
Event: 140.942 Thread 0x000002246ed684b0 Exception <a 'java/lang/ClassNotFoundException'{0x000000008ecb87a0}: groovy/util/FileTreeBuilderCustomizer> (0x000000008ecb87a0) 
thrown [s\src\hotspot\share\classfile\systemDictionary.cpp, line 256]
Event: 140.960 Thread 0x000002246ed684b0 Exception <a 'java/lang/ClassNotFoundException'{0x000000008ecf1e58}: java/io/BufferedWriterBeanInfo> (0x000000008ecf1e58) 
thrown [s\src\hotspot\share\classfile\systemDictionary.cpp, line 256]
Event: 140.961 Thread 0x000002246ed684b0 Exception <a 'java/lang/ClassNotFoundException'{0x000000008ecf7ff8}: java/io/WriterBeanInfo> (0x000000008ecf7ff8) 
thrown [s\src\hotspot\share\classfile\systemDictionary.cpp, line 256]
Event: 140.961 Thread 0x000002246ed684b0 Exception <a 'java/lang/ClassNotFoundException'{0x000000008ecfe440}: java/io/WriterCustomizer> (0x000000008ecfe440) 
thrown [s\src\hotspot\share\classfile\systemDictionary.cpp, line 256]
Event: 140.962 Thread 0x000002246ed684b0 Exception <a 'java/lang/ClassNotFoundException'{0x000000008eb0d778}: java/io/BufferedWriterCustomizer> (0x000000008eb0d778) 
thrown [s\src\hotspot\share\classfile\systemDictionary.cpp, line 256]
Event: 141.013 Thread 0x000002246ed693e0 Exception <a 'java/lang/NoSuchMethodError'{0x000000008eb93fb8}: static Lcom/android/build/api/variant/BuildConfigField;.<clinit>()V> (0x000000008eb93fb8) 
thrown [s\src\hotspot\share\prims\jni.cpp, line 1107]

VM Operations (20 events):
Event: 138.228 Executing VM operation: HandshakeAllThreads
Event: 138.228 Executing VM operation: HandshakeAllThreads done
Event: 138.371 Executing VM operation: HandshakeAllThreads
Event: 138.371 Executing VM operation: HandshakeAllThreads done
Event: 138.774 Executing VM operation: ICBufferFull
Event: 138.774 Executing VM operation: ICBufferFull done
Event: 139.053 Executing VM operation: G1CollectForAllocation
Event: 139.076 Executing VM operation: G1CollectForAllocation done
Event: 140.076 Executing VM operation: Cleanup
Event: 140.077 Executing VM operation: Cleanup done
Event: 140.656 Executing VM operation: G1CollectForAllocation
Event: 140.674 Executing VM operation: G1CollectForAllocation done
Event: 141.143 Executing VM operation: ICBufferFull
Event: 141.144 Executing VM operation: ICBufferFull done
Event: 141.968 Executing VM operation: G1CollectForAllocation
Event: 141.985 Executing VM operation: G1CollectForAllocation done
Event: 142.848 Executing VM operation: HandshakeAllThreads
Event: 142.849 Executing VM operation: HandshakeAllThreads done
Event: 142.990 Executing VM operation: G1CollectForAllocation
Event: 143.008 Executing VM operation: G1CollectForAllocation done

Events (20 events):
Event: 140.960 loading class java/io/WriterBeanInfo
Event: 140.961 loading class java/io/WriterBeanInfo done
Event: 140.961 loading class java/io/WriterBeanInfo
Event: 140.961 loading class java/io/WriterBeanInfo done
Event: 140.961 loading class java/io/WriterCustomizer
Event: 140.961 loading class java/io/WriterCustomizer done
Event: 140.961 loading class java/io/WriterCustomizer
Event: 140.961 loading class java/io/WriterCustomizer done
Event: 140.962 loading class java/io/BufferedWriterCustomizer
Event: 140.962 loading class java/io/BufferedWriterCustomizer done
Event: 140.962 loading class java/io/BufferedWriterCustomizer
Event: 140.962 loading class java/io/BufferedWriterCustomizer done
Event: 142.855 Thread 0x0000022467580870 flushing nmethod 0x0000022459443a10
Event: 142.857 Thread 0x0000022467580870 flushing nmethod 0x0000022451320910
Event: 142.858 Thread 0x0000022467580870 flushing nmethod 0x0000022451356290
Event: 142.868 Thread 0x0000022467580870 flushing nmethod 0x0000022451c82610
Event: 142.868 Thread 0x0000022467580870 flushing nmethod 0x0000022451c85290
Event: 142.868 Thread 0x0000022467580870 flushing nmethod 0x0000022451c92890
Event: 142.871 Thread 0x0000022467580870 flushing nmethod 0x0000022451f86490
Event: 142.871 Thread 0x0000022467580870 flushing nmethod 0x0000022451f95d90


Dynamic libraries:
0x00007ff759c30000 - 0x00007ff759c3e000 	C:\Program Files\Microsoft\jdk-17.0.8.7-hotspot\bin\java.exe
0x00007ffac45b0000 - 0x00007ffac47a8000 	C:\Windows\SYSTEM32\ntdll.dll
0x00007ffac44b0000 - 0x00007ffac456d000 	C:\Windows\System32\KERNEL32.DLL
0x00007ffac1c70000 - 0x00007ffac1f66000 	C:\Windows\System32\KERNELBASE.dll
0x00007ffac2100000 - 0x00007ffac2200000 	C:\Windows\System32\ucrtbase.dll
0x00007ffabca20000 - 0x00007ffabca37000 	C:\Program Files\Microsoft\jdk-17.0.8.7-hotspot\bin\jli.dll
0x00007ffac4110000 - 0x00007ffac42ae000 	C:\Windows\System32\USER32.dll
0x00007ffac1f70000 - 0x00007ffac1f92000 	C:\Windows\System32\win32u.dll
0x00007ffac40e0000 - 0x00007ffac410b000 	C:\Windows\System32\GDI32.dll
0x00007ffac2200000 - 0x00007ffac2317000 	C:\Windows\System32\gdi32full.dll
0x00007ffac2450000 - 0x00007ffac24ed000 	C:\Windows\System32\msvcp_win.dll
0x00007ffa74a30000 - 0x00007ffa74a4b000 	C:\Program Files\Microsoft\jdk-17.0.8.7-hotspot\bin\VCRUNTIME140.dll
0x00007ffaabd00000 - 0x00007ffaabf9a000 	C:\Windows\WinSxS\amd64_microsoft.windows.common-controls_6595b64144ccf1df_6.0.19041.3636_none_60b6a03d71f818d5\COMCTL32.dll
0x00007ffac4410000 - 0x00007ffac44ae000 	C:\Windows\System32\msvcrt.dll
0x00007ffac3820000 - 0x00007ffac3852000 	C:\Windows\System32\IMM32.DLL
0x00007ffa805f0000 - 0x00007ffa805fc000 	C:\Program Files\Microsoft\jdk-17.0.8.7-hotspot\bin\vcruntime140_1.dll
0x00007ffa749a0000 - 0x00007ffa74a2d000 	C:\Program Files\Microsoft\jdk-17.0.8.7-hotspot\bin\msvcp140.dll
0x00007ffa6b860000 - 0x00007ffa6c4c5000 	C:\Program Files\Microsoft\jdk-17.0.8.7-hotspot\bin\server\jvm.dll
0x00007ffac2dd0000 - 0x00007ffac2e83000 	C:\Windows\System32\ADVAPI32.dll
0x00007ffac3860000 - 0x00007ffac38ff000 	C:\Windows\System32\sechost.dll
0x00007ffac2bd0000 - 0x00007ffac2cf6000 	C:\Windows\System32\RPCRT4.dll
0x00007ffac2320000 - 0x00007ffac2347000 	C:\Windows\System32\bcrypt.dll
0x00007ffac1ad0000 - 0x00007ffac1b1b000 	C:\Windows\SYSTEM32\POWRPROF.dll
0x00007ffa7acd0000 - 0x00007ffa7acd9000 	C:\Windows\SYSTEM32\WSOCK32.dll
0x00007ffac2d60000 - 0x00007ffac2dcb000 	C:\Windows\System32\WS2_32.dll
0x00007ffab2cd0000 - 0x00007ffab2cf7000 	C:\Windows\SYSTEM32\WINMM.dll
0x00007ffab5230000 - 0x00007ffab523a000 	C:\Windows\SYSTEM32\VERSION.dll
0x00007ffac1ab0000 - 0x00007ffac1ac2000 	C:\Windows\SYSTEM32\UMPDC.dll
0x00007ffabfb20000 - 0x00007ffabfb32000 	C:\Windows\SYSTEM32\kernel.appcore.dll
0x00007ffa74990000 - 0x00007ffa7499a000 	C:\Program Files\Microsoft\jdk-17.0.8.7-hotspot\bin\jimage.dll
0x00007ffab29c0000 - 0x00007ffab2ba4000 	C:\Windows\SYSTEM32\DBGHELP.DLL
0x00007ffab4150000 - 0x00007ffab4184000 	C:\Windows\SYSTEM32\dbgcore.DLL
0x00007ffac2560000 - 0x00007ffac25e2000 	C:\Windows\System32\bcryptPrimitives.dll
0x00007ffabcb10000 - 0x00007ffabcb1e000 	C:\Program Files\Microsoft\jdk-17.0.8.7-hotspot\bin\instrument.dll
0x00007ffa6b830000 - 0x00007ffa6b855000 	C:\Program Files\Microsoft\jdk-17.0.8.7-hotspot\bin\java.dll
0x00007ffa6b750000 - 0x00007ffa6b827000 	C:\Program Files\Microsoft\jdk-17.0.8.7-hotspot\bin\jsvml.dll
0x00007ffac3900000 - 0x00007ffac4045000 	C:\Windows\System32\SHELL32.dll
0x00007ffabfd20000 - 0x00007ffac04bc000 	C:\Windows\SYSTEM32\windows.storage.dll
0x00007ffac3020000 - 0x00007ffac3374000 	C:\Windows\System32\combase.dll
0x00007ffac15d0000 - 0x00007ffac15fe000 	C:\Windows\SYSTEM32\Wldp.dll
0x00007ffac2ef0000 - 0x00007ffac2fbd000 	C:\Windows\System32\OLEAUT32.dll
0x00007ffac42b0000 - 0x00007ffac435d000 	C:\Windows\System32\SHCORE.dll
0x00007ffac2d00000 - 0x00007ffac2d55000 	C:\Windows\System32\shlwapi.dll
0x00007ffac1ba0000 - 0x00007ffac1bc5000 	C:\Windows\SYSTEM32\profapi.dll
0x00007ffa6b6f0000 - 0x00007ffa6b708000 	C:\Program Files\Microsoft\jdk-17.0.8.7-hotspot\bin\zip.dll
0x00007ffa6b730000 - 0x00007ffa6b749000 	C:\Program Files\Microsoft\jdk-17.0.8.7-hotspot\bin\net.dll
0x00007ffab67e0000 - 0x00007ffab68ea000 	C:\Windows\SYSTEM32\WINHTTP.dll
0x00007ffac1330000 - 0x00007ffac139a000 	C:\Windows\system32\mswsock.dll
0x00007ffa6b710000 - 0x00007ffa6b726000 	C:\Program Files\Microsoft\jdk-17.0.8.7-hotspot\bin\nio.dll
0x00007ffa6b6e0000 - 0x00007ffa6b6f0000 	C:\Program Files\Microsoft\jdk-17.0.8.7-hotspot\bin\verify.dll
0x00007ffa6b6b0000 - 0x00007ffa6b6d7000 	C:\Users\Ibtasam\.gradle\native\68d5fa5c4cc2d200863cafc0d521ce42e7d3e7ee720ec0a83991735586a16f82\windows-amd64\native-platform.dll
0x00007ffabb610000 - 0x00007ffabb754000 	C:\Users\Ibtasam\.gradle\native\e376f236ea51e6404a007f0833ffe2c6e607c4080706a723a18a27aeea778392\windows-amd64\native-platform-file-events.dll
0x00007ffaa1c60000 - 0x00007ffaa1c69000 	C:\Program Files\Microsoft\jdk-17.0.8.7-hotspot\bin\management.dll
0x00007ffaa1c50000 - 0x00007ffaa1c5b000 	C:\Program Files\Microsoft\jdk-17.0.8.7-hotspot\bin\management_ext.dll
0x00007ffac25f0000 - 0x00007ffac25f8000 	C:\Windows\System32\PSAPI.DLL
0x00007ffac1530000 - 0x00007ffac1548000 	C:\Windows\SYSTEM32\CRYPTSP.dll
0x00007ffac0c60000 - 0x00007ffac0c94000 	C:\Windows\system32\rsaenh.dll
0x00007ffac1b60000 - 0x00007ffac1b8e000 	C:\Windows\SYSTEM32\USERENV.dll
0x00007ffac1520000 - 0x00007ffac152c000 	C:\Windows\SYSTEM32\CRYPTBASE.dll
0x00007ffac1020000 - 0x00007ffac105b000 	C:\Windows\SYSTEM32\IPHLPAPI.DLL
0x00007ffac3810000 - 0x00007ffac3818000 	C:\Windows\System32\NSI.dll
0x00007ffab7fd0000 - 0x00007ffab7fe7000 	C:\Windows\SYSTEM32\dhcpcsvc6.DLL
0x00007ffab7ef0000 - 0x00007ffab7f0d000 	C:\Windows\SYSTEM32\dhcpcsvc.DLL
0x00007ffac1060000 - 0x00007ffac112b000 	C:\Windows\SYSTEM32\DNSAPI.dll
0x00007ffabc0d0000 - 0x00007ffabc0de000 	C:\Program Files\Microsoft\jdk-17.0.8.7-hotspot\bin\sunmscapi.dll
0x00007ffac1fa0000 - 0x00007ffac20fd000 	C:\Windows\System32\CRYPT32.dll
0x00007ffac1640000 - 0x00007ffac1668000 	C:\Windows\SYSTEM32\ncrypt.dll
0x00007ffac1600000 - 0x00007ffac163b000 	C:\Windows\SYSTEM32\NTASN1.dll
0x00007ffa5e690000 - 0x00007ffa5e697000 	C:\Windows\system32\wshunix.dll
0x00007ffab59d0000 - 0x00007ffab59da000 	C:\Windows\System32\rasadhlp.dll
0x00007ffabc1a0000 - 0x00007ffabc1b7000 	C:\Windows\system32\napinsp.dll
0x00007ffabc0e0000 - 0x00007ffabc0fb000 	C:\Windows\system32\pnrpnsp.dll
0x00007ffaa37f0000 - 0x00007ffaa3805000 	C:\Windows\system32\wshbth.dll
0x00007ffabd5e0000 - 0x00007ffabd5fd000 	C:\Windows\system32\NLAapi.dll
0x00007ffabc090000 - 0x00007ffabc0a2000 	C:\Windows\System32\winrnr.dll
0x00007ffab5b50000 - 0x00007ffab5bd0000 	C:\Windows\System32\fwpuclnt.dll

dbghelp: loaded successfully - version: 4.0.5 - missing functions: none
symbol engine: initialized successfully - sym options: 0x614 - pdb path: .;C:\Program Files\Microsoft\jdk-17.0.8.7-hotspot\bin;C:\Windows\SYSTEM32;C:\Windows\WinSxS\amd64_microsoft.windows.common-controls_6595b64144ccf1df_6.0.19041.3636_none_60b6a03d71f818d5;C:\Program Files\Microsoft\jdk-17.0.8.7-hotspot\bin\server;C:\Users\Ibtasam\.gradle\native\68d5fa5c4cc2d200863cafc0d521ce42e7d3e7ee720ec0a83991735586a16f82\windows-amd64;C:\Users\Ibtasam\.gradle\native\e376f236ea51e6404a007f0833ffe2c6e607c4080706a723a18a27aeea778392\windows-amd64

VM Arguments:
jvm_args: -XX:MaxMetaspaceSize=512m --add-opens=java.base/java.util=ALL-UNNAMED --add-opens=java.base/java.lang=ALL-UNNAMED --add-opens=java.base/java.lang.invoke=ALL-UNNAMED --add-opens=java.prefs/java.util.prefs=ALL-UNNAMED --add-opens=java.base/java.nio.charset=ALL-UNNAMED --add-opens=java.base/java.net=ALL-UNNAMED --add-opens=java.base/java.util.concurrent.atomic=ALL-UNNAMED -Xmx2048m -Dfile.encoding=windows-1252 -Duser.country=US -Duser.language=en -Duser.variant -javaagent:C:\Users\Ibtasam\.gradle\wrapper\dists\gradle-8.3-all\6en3ugtfdg5xnpx44z4qbwgas\gradle-8.3\lib\agents\gradle-instrumentation-agent-8.3.jar 
java_command: org.gradle.launcher.daemon.bootstrap.GradleDaemon 8.3
java_class_path (initial): C:\Users\Ibtasam\.gradle\wrapper\dists\gradle-8.3-all\6en3ugtfdg5xnpx44z4qbwgas\gradle-8.3\lib\gradle-launcher-8.3.jar
Launcher Type: SUN_STANDARD

[Global flags]
     intx CICompilerCount                          = 3                                         {product} {ergonomic}
   size_t CompressedClassSpaceSize                 = 436207616                                 {product} {ergonomic}
     uint ConcGCThreads                            = 1                                         {product} {ergonomic}
     uint G1ConcRefinementThreads                  = 4                                         {product} {ergonomic}
   size_t G1HeapRegionSize                         = 1048576                                   {product} {ergonomic}
    uintx GCDrainStackTargetSize                   = 64                                        {product} {ergonomic}
   size_t InitialHeapSize                          = 268435456                                 {product} {ergonomic}
   size_t MarkStackSize                            = 4194304                                   {product} {ergonomic}
   size_t MaxHeapSize                              = 2147483648                                {product} {command line}
   size_t MaxMetaspaceSize                         = 536870912                                 {product} {command line}
   size_t MaxNewSize                               = 1287651328                                {product} {ergonomic}
   size_t MinHeapDeltaBytes                        = 1048576                                   {product} {ergonomic}
   size_t MinHeapSize                              = 8388608                                   {product} {ergonomic}
    uintx NonNMethodCodeHeapSize                   = 5832780                                {pd product} {ergonomic}
    uintx NonProfiledCodeHeapSize                  = 122912730                              {pd product} {ergonomic}
    uintx ProfiledCodeHeapSize                     = 122912730                              {pd product} {ergonomic}
    uintx ReservedCodeCacheSize                    = 251658240                              {pd product} {ergonomic}
     bool SegmentedCodeCache                       = true                                      {product} {ergonomic}
   size_t SoftMaxHeapSize                          = 2147483648                             {manageable} {ergonomic}
     bool UseCompressedClassPointers               = true                           {product lp64_product} {ergonomic}
     bool UseCompressedOops                        = true                           {product lp64_product} {ergonomic}
     bool UseG1GC                                  = true                                      {product} {ergonomic}
     bool UseLargePagesIndividualAllocation        = false                                  {pd product} {ergonomic}

Logging:
Log output configuration:
 #0: stdout all=warning uptime,level,tags
 #1: stderr all=off uptime,level,tags

Environment Variables:
JAVA_HOME=C:\Program Files\Microsoft\jdk-17.0.8.7-hotspot\
CLASSPATH=D:\1. DATA\IbTaSaM Projects\ExpenseAndIncomeTracker\android\\gradle\wrapper\gradle-wrapper.jar
PATH=D:\1. DATA\IbTaSaM Projects\ExpenseAndIncomeTracker\node_modules\.bin;D:\1. DATA\IbTaSaM Projects\ExpenseAndIncomeTracker\node_modules\.bin;D:\1. DATA\IbTaSaM Projects\node_modules\.bin;D:\1. DATA\node_modules\.bin;D:\node_modules\.bin;C:\Users\Ibtasam\AppData\Roaming\npm\node_modules\npm\node_modules\@npmcli\run-script\lib\node-gyp-bin;D:\1. DATA\IbTaSaM Projects\ExpenseAndIncomeTracker\node_modules\.bin;D:\1. DATA\IbTaSaM Projects\node_modules\.bin;D:\1. DATA\node_modules\.bin;D:\node_modules\.bin;C:\Users\Ibtasam\AppData\Roaming\npm\node_modules\npm\node_modules\@npmcli\run-script\lib\node-gyp-bin;C:\Program Files\Microsoft\jdk-17.0.8.7-hotspot\bin;C:\Program Files\Microsoft\jdk-11.0.20.8-hotspot\bin;C:\Windows\system32;C:\Windows;C:\Windows\System32\Wbem;C:\Windows\System32\WindowsPowerShell\v1.0\;C:\Windows\System32\OpenSSH\;C:\Program Files\Git\cmd;C:\ProgramData\chocolatey\bin;C:\Program Files\nodejs\;C:\Users\Ibtasam\AppData\Local\Android\Sdk\tools;C:\Users\Ibtasam\AppData\Local\Android\Sdk\tools;C:\Users\Ibtasam\AppData\Local\Microsoft\WindowsApps;C:\Users\Ibtasam\AppData\Local\Programs\Microsoft VS Code\bin;C:\Users\Ibtasam\AppData\Roaming\npm;C:\Users\Ibtasam\AppData\Local\Android\Sdk\platform-tools;
USERNAME=Ibtasam
OS=Windows_NT
PROCESSOR_IDENTIFIER=Intel64 Family 6 Model 69 Stepping 1, GenuineIntel
TMP=C:\Users\Ibtasam\AppData\Local\Temp
TEMP=C:\Users\Ibtasam\AppData\Local\Temp



---------------  S Y S T E M  ---------------

OS:
 Windows 10 , 64 bit Build 19041 (10.0.19041.3636)
OS uptime: 0 days 0:07 hours

CPU: total 4 (initial active 4) (2 cores per cpu, 2 threads per core) family 6 model 69 stepping 1 microcode 0x25, cx8, cmov, fxsr, ht, mmx, sse, sse2, sse3, ssse3, sse4.1, sse4.2, popcnt, lzcnt, tsc, tscinvbit, avx, avx2, aes, erms, clmul, bmi1, bmi2, fma, vzeroupper, clflush
Processor Information for all 4 processors :
  Max Mhz: 2501, Current Mhz: 2501, Mhz Limit: 2501

Memory: 4k page, system-wide physical 16289M (7251M free)
TotalPageFile size 18721M (AvailPageFile size 9504M)
current process WorkingSet (physical memory assigned to process): 544M, peak: 562M
current process commit charge ("private bytes"): 581M, peak: 598M

vm_info: OpenJDK 64-Bit Server VM (17.0.8+7-LTS) for windows-amd64 JRE (17.0.8+7-LTS), built on Jul  7 2023 17:21:55 by "MicrosoftCorporation" with MS VC++ 16.10 / 16.11 (VS2019)

END.
